2019-04-02 15:24:04,723 del_mongo.py INFO [line:27] 连接数据库uat
2019-04-02 15:24:05,919 del_mongo.py INFO [line:45] client_info 表符合查询条件{'email': '947152623@qq.com'} 的数据有1 条
2019-04-02 15:24:06,031 del_mongo.py INFO [line:49] {'_id': ObjectId('5bea3005d0d64c80dd1814c3'), 'accountId': [ObjectId('5bea3004d0d64c592b1814c0')], 'applyId': [ObjectId('5bea2ef841aa2070977272ab')], 'clientSeqId': 303, 'title': 'mr', 'firstName': '', 'lastName': '', 'chineseName': '', 'pastEnglishName': '', 'pastChineseName': '', 'email': '947152623@qq.com', 'phone': '15000000000', 'address': '', 'addressMail': '', 'phoneAreaCode': 'ABW', 'nationality': '', 'idType': '', 'idNumber': '', 'countryIssue': '', 'birthday': 1542038400000, 'birthPlace': '', 'employment': '', 'employer': '', 'businessType': '', 'occupation': '', 'businessAddress': '', 'businessPhone': '', 'isMaster': '1', 'parentPath': '/100000/ceo_t1/ro_t1/sales_t1', 'riskInfo': {}, 'relationWithMasterImmediateFamily': '', 'relationWithMasterOthers': '', 'employedPeriod': '', 'employmentOther': '', 'createdTime': 1542074373046, 'updatedTime': 1542074373046}
2019-04-02 15:24:06,031 del_mongo.py INFO [line:79] client_info 表关联的字段为 accountId : [ObjectId('5bea3004d0d64c592b1814c0')]
2019-04-02 15:24:06,031 del_mongo.py INFO [line:80] 正在查询关联表 account 的数据
2019-04-02 15:24:06,087 del_mongo.py INFO [line:45] account 表符合查询条件{'_id': ObjectId('5bea3004d0d64c592b1814c0')} 的数据有0 条
2019-04-02 15:24:06,198 del_mongo.py INFO [line:79] client_info 表关联的字段为 applyId : [ObjectId('5bea2ef841aa2070977272ab')]
2019-04-02 15:24:06,198 del_mongo.py INFO [line:80] 正在查询关联表 apply 的数据
2019-04-02 15:24:06,251 del_mongo.py INFO [line:45] apply 表符合查询条件{'_id': ObjectId('5bea2ef841aa2070977272ab')} 的数据有0 条
2019-04-02 15:24:06,357 del_mongo.py INFO [line:110] ***********************************

2019-04-02 15:24:06,358 del_mongo.py INFO [line:111] 没有关联数据,直接删除client_info 表
2019-04-02 15:24:06,412 del_mongo.py INFO [line:115] {'n': 1, 'opTime': {'ts': Timestamp(1554189846, 1), 't': 98}, 'electionId': ObjectId('7fffffff0000000000000062'), 'ok': 1.0, 'operationTime': Timestamp(1554189846, 1), '$clusterTime': {'clusterTime': Timestamp(1554189846, 1), 'signature': {'hash': b'\xa9\xb3\xb2\x08%\x85\xbd}#\xc1V\xeeD&\x1eF6\xc9w\xe2', 'keyId': 6636138069080670209}}}
2019-04-02 15:24:06,412 del_mongo.py INFO [line:118] ***********************************

2019-04-02 15:24:06,412 del_mongo.py INFO [line:33] close Client
2019-04-02 15:24:42,621 del_mongo.py INFO [line:27] 连接数据库uat
2019-04-02 15:24:44,493 del_mongo.py INFO [line:45] client_info 表符合查询条件{'email': '947152623@qq.com'} 的数据有0 条
2019-04-02 15:24:44,660 del_mongo.py INFO [line:33] close Client
2019-04-02 15:24:49,376 del_mongo.py INFO [line:27] 连接数据库uat
2019-04-02 15:24:50,407 del_mongo.py INFO [line:45] apply_info 表符合查询条件{'email': '947152623@qq.com'} 的数据有0 条
2019-04-02 15:24:50,514 del_mongo.py INFO [line:33] close Client
