2019-04-25 16:58:33,326 del_mongo.py INFO [line:28] 连接数据库uat
2019-04-25 16:58:36,820 del_mongo.py INFO [line:44] apply_info 表符合查询条件{'idNumber': '441502199602120215'} 的数据有1 条
2019-04-25 16:58:36,945 del_mongo.py INFO [line:48] {'_id': ObjectId('5cc16cc164efa50a5df89d2c'), 'relationWithMaster': '', 'isMaster': '1', 'applyId': ObjectId('5cc16cc164efa55360f89d11'), 'leadId': '', 'isFromLead': False, 'title': 'mr', 'firstName': 'Qinyuan', 'lastName': 'Zheng', 'chineseName': '郑钦元', 'pastEnglishName': '', 'email': 'onedi@qq.com', 'phoneAreaCode': 'CHN', 'phone': '15815873756', 'address': '广东省汕尾市城区新港街道新港海滨居委广场路一巷48号101', 'syncIDAddress': 'Y', 'isHongKongBankCard': 'Y', 'addressRegionProvince': '', 'addressRegionCity': '', 'addressRegionArea': '', 'addressDetailed': '', 'addressMail': '', 'nationality': 'CHN', 'idType': '2', 'idNumber': '441502199602120215', 'countryIssue': 'CHN', 'birthday': 824083200000.0, 'birthPlace': 'CHN', 'idCardAddress': '广东省汕尾市城区新港街道新港海滨居委广场路一巷48号101', 'idCardAddressReadOnly': '广东省汕尾市城区新港街道新港海滨居委广场路一巷48号101', 'employment': 'unemployed', 'occupation': '', 'employedPeriod': '', 'employer': '', 'businessType': '', 'businessAddress': '', 'businessAddressRegionProvince': '', 'businessAddressRegionCity': '', 'businessAddressRegionArea': '', 'businessAddressDetailed': '', 'businessPhone': '', 'riskInfo': {'isApplyToOpenTradingStructure': '', 'isTradingStructureAggree': 'N', 'disclaimerVideo': '', 'passportMaterial': ['ddd2ce76-be56-4155-9485-5a0f16c969f7.jpg', '8c7825d1-e0f8-462a-9643-8227710e56be.jpg'], 'sourceOfWealthOther': '', 'addressVerificationMaterials': [], 'bankCardMaterials': [], 'writtenApplicationMaterials': [], 'proofOfIncome': [], 'otherInformation': [], 'totalAnnualCustomerRevenueHK': 'lt200000', 'totalAnnualCustomerRevenueHKOther': '', 'customerNetAssetValueHK': 'lt1000000', 'customerNetAssetValueHKOther': '', 'sourceOfWealth': ['savings'], 'securities': '1To5Years', 'CBBC': 'lt1Year', 'warrants': 'lt1Year', 'futures': '1To5Years', 'options': 'lt1Year', 'algoTrade': '1To5Years', 'isAlgoTrade': '', 'isAlgoTradeAggree': '', 'bullion': 'lt1Year', 'foreignExchange': 'lt1Year', 'otherInvestmentText': '', 'otherInvestment': '', 'isLearnAboutProducts': '', 'isIndustryExperience': '', 'isStocks': '', 'isBankruptcy': '', 'bankruptcyDate': None, 'bankruptcyProve': [], 'isInAgtJobs': '', 'agtPosition': '', 'isBondFuturesClientsConnected': '', 'agtName': '', 'isAcquaintHighLevel': '', 'acquaintHighLevelInstructions': '', 'acquaintHighLevelInstructionsProve': [], 'isAmericanResidents': '', 'americanResidentsTaxId': '', 'isAmericanResidentsb': '', 'americanResidentsTaxIdb': '', 'isPoliticalFigure': '', 'politicalFigureName': '', 'purposeOfInvestment': '', 'riskTolerance': '', 'disclaimerVideoBak': [''], 'passportMaterialBak': ['ddd2ce76-be56-4155-9485-5a0f16c969f7.jpg', '8c7825d1-e0f8-462a-9643-8227710e56be.jpg'], 'isReferralCode': 'Y'}, 'pastChineseName': '', 'idTypeOther': '', 'employmentOther': '', 'career': '', 'marriage': '', 'education': '', 'attachment': {}, 'relationWithMasterImmediateFamily': '', 'relationWithMasterOthers': '', 'isReSubmit': '', 'createdTime': 1556180161856.0, 'updatedTime': 1556180161856.0}
2019-04-25 16:58:36,948 del_mongo.py INFO [line:58] apply_info 表关联的字段为 applyId : 5cc16cc164efa55360f89d11
2019-04-25 16:58:36,948 del_mongo.py INFO [line:59] 正在查询关联表 apply 的数据
2019-04-25 16:58:37,005 del_mongo.py INFO [line:44] apply 表符合查询条件{'_id': ObjectId('5cc16cc164efa55360f89d11')} 的数据有1 条
2019-04-25 16:58:37,116 del_mongo.py INFO [line:48] {'_id': ObjectId('5cc16cc164efa55360f89d11'), 'isRoRefuse': '', 'accountType': ['securitiesCash', 'futuresMargin', 'leveragedForeignExchangeAccountMargin'], 'applyInfoIds': [ObjectId('5cc16cc164efa50a5df89d2c')], 'learnHow': ['searchEngine', 'socialMedia'], 'tradingAuthorization': [''], 'isRelatedAccounts': ['opt'], 'step': '10', 'origin': '', 'idpUserId': 'be26c1cc-4236-4ac1-b713-a8d7a8e3f631', 'applicationFor': 'individual', 'parentId': '', 'IBparentId': '', 'mailLanguage': '', 'accountOpeningWay': 'electronicAuth', 'appBankName': '', 'appBankAccount': '', 'appCertSn': '', 'appCertDn': '', 'accountNumber': '', 'personalInfoDeclartion': 'Y', 'agreeToTheTerms': '', 'status': 'notComplete', 'customerSource': 'app', 'applySeqId': 8303, 'roApprovalList': [{'isApproval': False, '_id': ObjectId('5cc1765f64efa5cf34f89ee6'), 'username': 'don_test', 'usertype': 'futuressRo'}, {'isApproval': False, '_id': ObjectId('5cc1765f64efa5ddbff89ee5'), 'username': 'ro_don', 'usertype': 'futuressRo'}, {'isApproval': False, '_id': ObjectId('5cc1765f64efa53d59f89ee4'), 'username': 'ro1_don', 'usertype': 'futuressRo'}, {'isApproval': False, '_id': ObjectId('5cc1765f64efa55370f89ee3'), 'username': 'ro_one', 'usertype': 'futuressRo'}, {'isApproval': False, '_id': ObjectId('5cc1765f64efa532bef89ee2'), 'username': 'cliff_test', 'usertype': 'securitiesRo'}, {'isApproval': False, '_id': ObjectId('5cc1765f64efa5225cf89ee1'), 'username': 'ro_cliff', 'usertype': 'securitiesRo'}, {'isApproval': False, '_id': ObjectId('5cc1765f64efa5a777f89ee0'), 'username': 'ro1_cliff', 'usertype': 'securitiesRo'}, {'isApproval': False, '_id': ObjectId('5cc1765f64efa57dd0f89edf'), 'username': 'ro_one', 'usertype': 'securitiesRo'}, {'isApproval': False, '_id': ObjectId('5cc1765f64efa53700f89ede'), 'username': 'aaron.chan', 'usertype': 'fouexRo'}, {'isApproval': False, '_id': ObjectId('5cc1765f64efa5756ef89edd'), 'username': 'aaron_test', 'usertype': 'fouexRo'}, {'isApproval': False, '_id': ObjectId('5cc1765f64efa53567f89edc'), 'username': 'ro_one', 'usertype': 'fouexRo'}], 'leadId': '', 'isFromLead': False, 'parentPath': '', 'currency': '', 'bankAccount': [], 'isHongKongBankCard': '', 'isMarginAccount': '', 'marginAccountName': '', 'marginAccountNumber': '', 'isDiscretion': '', 'discretionName': '', 'discretionNumber': '', 'isCompanyAccounts': '', 'companyAccountsName': '', 'companyAccountsNumber': '', 'learnHowCode': '', 'learnHowOther': '', 'isBeneficiary': '', 'beneficiaryName': '', 'isOrders': '', 'ordersName': '', 'relatedAccountsOpt': [{'_id': ObjectId('5cc1765f64efa5a33ff89ee7'), 'taxId': '441502199602120215', 'residenceJurisdiction': 'China'}], 'referralCode': '', 'signatureCoords': [{'_id': ObjectId('5c3ee2c33dc2063f0894a6dd'), 'pageNo': 13, 'x': 130, 'y': 602}, {'_id': ObjectId('5c3ee2c33dc20649d894a6dc'), 'pageNo': 14, 'x': 130, 'y': 83}, {'_id': ObjectId('5c3ee2c33dc20633a794a6db'), 'pageNo': 16, 'x': 130, 'y': 165}], 'signatureSize': {'xDpi': '630', 'yDpi': '630'}, 'submitTime': 1556180161356.0, 'remark': '', 'reason': '', 'principal': '', 'openlocation': '', 'isReSubmit': 'N', 'signatureFile': '', 'appVersion': 'v1.3.2-20190425-itTest', 'deviceModel': 'VTR-AL00/Android:8.0.0', 'isContactClient': '', 'reSubmitTime': None, 'refuseBy': '', 'createdTime': 1556180161518.0, 'updatedTime': 1556182623716.0}
2019-04-25 16:58:37,116 del_mongo.py INFO [line:93] apply 表关联的字段为 idpUserId : be26c1cc-4236-4ac1-b713-a8d7a8e3f631
2019-04-25 16:58:37,116 del_mongo.py INFO [line:94] 正在查询关联表 users 的数据
2019-04-25 16:58:37,170 del_mongo.py INFO [line:44] users 表符合查询条件{'subject': 'be26c1cc-4236-4ac1-b713-a8d7a8e3f631'} 的数据有1 条
2019-04-25 16:58:37,272 del_mongo.py INFO [line:48] {'_id': ObjectId('5cc16cb2ea2c2e276c98ce8f'), 'email_verified': True, 'phone_number_verified': True, 'roles': [], 'enabled': True, 'preferred_username': '15815873756', 'email': 'onedi@qq.com', 'phone_number': '8615815873756', 'custom': {'device_id': '89227da768824ff5'}, 'subject': 'be26c1cc-4236-4ac1-b713-a8d7a8e3f631', 'created_at': datetime.datetime(2019, 4, 25, 8, 15, 45, 932000), 'updated_at': datetime.datetime(2019, 4, 25, 8, 19, 7, 774000), 'secret': '$2a$08$ZdnH8eYq8zN/Q1Uq/2sRv.itrHhD03O6zr9lZPy./RfCtAClKO1gS', '__v': 0}
2019-04-25 16:58:37,272 del_mongo.py INFO [line:110] users 表关联的字段为 subject : be26c1cc-4236-4ac1-b713-a8d7a8e3f631
2019-04-25 16:58:37,272 del_mongo.py INFO [line:111] 正在查询关联表 userdevices 的数据
2019-04-25 16:58:37,323 del_mongo.py INFO [line:44] userdevices 表符合查询条件{'subject': 'be26c1cc-4236-4ac1-b713-a8d7a8e3f631'} 的数据有4 条
2019-04-25 16:58:37,428 del_mongo.py INFO [line:48] {'_id': ObjectId('5cc16cb46d85320cb1dd6c05'), 'device_id': '89227da768824ff5', 'subject': 'be26c1cc-4236-4ac1-b713-a8d7a8e3f631', '__v': 0, 'code': '6dc0726c-de07-4263-bda1-3d87a8dd7c51', 'created_at': datetime.datetime(2019, 4, 25, 8, 15, 48, 662000), 'verified': True}
2019-04-25 16:58:37,428 del_mongo.py INFO [line:129] ***********************************

2019-04-25 16:58:37,428 del_mongo.py INFO [line:130] 没有关联数据,直接删除userdevices 表
2019-04-25 16:58:37,428 del_mongo.py INFO [line:143] ***********************************

2019-04-25 16:58:37,429 del_mongo.py INFO [line:48] {'_id': ObjectId('5cc16d636d85320cb1dd7a99'), 'device_id': 'ce9851ed8615e240', 'subject': 'be26c1cc-4236-4ac1-b713-a8d7a8e3f631', '__v': 0, 'code': 'fe43390f-a904-4ec6-94c8-c87c90a3e05c', 'created_at': datetime.datetime(2019, 4, 25, 8, 18, 43, 695000), 'verified': True}
2019-04-25 16:58:37,429 del_mongo.py INFO [line:129] ***********************************

2019-04-25 16:58:37,429 del_mongo.py INFO [line:130] 没有关联数据,直接删除userdevices 表
2019-04-25 16:58:37,429 del_mongo.py INFO [line:143] ***********************************

2019-04-25 16:58:37,429 del_mongo.py INFO [line:48] {'_id': ObjectId('5cc16dfc6d85320cb1dd8727'), 'device_id': '12A28329-D9D6-40C4-81E2-49E2ADB5532E', 'subject': 'be26c1cc-4236-4ac1-b713-a8d7a8e3f631', '__v': 0, 'code': 'd342cedd-4ea9-4c16-a7f7-8a69ff177cfb', 'created_at': datetime.datetime(2019, 4, 25, 8, 21, 16, 1000), 'verified': True}
2019-04-25 16:58:37,430 del_mongo.py INFO [line:129] ***********************************

2019-04-25 16:58:37,430 del_mongo.py INFO [line:130] 没有关联数据,直接删除userdevices 表
2019-04-25 16:58:37,430 del_mongo.py INFO [line:143] ***********************************

2019-04-25 16:58:37,430 del_mongo.py INFO [line:48] {'_id': ObjectId('5cc1700d6d85320cb1ddb09e'), 'device_id': '2054b8ec62726049', 'subject': 'be26c1cc-4236-4ac1-b713-a8d7a8e3f631', '__v': 0, 'code': 'a4992a73-f209-412e-af22-75dde801aea4', 'created_at': datetime.datetime(2019, 4, 25, 8, 30, 5, 76000), 'verified': True}
2019-04-25 16:58:37,430 del_mongo.py INFO [line:129] ***********************************

2019-04-25 16:58:37,430 del_mongo.py INFO [line:130] 没有关联数据,直接删除userdevices 表
2019-04-25 16:58:37,431 del_mongo.py INFO [line:143] ***********************************

2019-04-25 16:58:37,431 del_mongo.py INFO [line:129] ***********************************

2019-04-25 16:58:37,431 del_mongo.py INFO [line:130] 没有关联数据,直接删除users 表
2019-04-25 16:58:37,431 del_mongo.py INFO [line:143] ***********************************

2019-04-25 16:58:37,431 del_mongo.py INFO [line:129] ***********************************

2019-04-25 16:58:37,432 del_mongo.py INFO [line:130] 没有关联数据,直接删除apply 表
2019-04-25 16:58:37,432 del_mongo.py INFO [line:143] ***********************************

2019-04-25 16:58:37,432 del_mongo.py INFO [line:129] ***********************************

2019-04-25 16:58:37,433 del_mongo.py INFO [line:130] 没有关联数据,直接删除apply_info 表
2019-04-25 16:58:37,433 del_mongo.py INFO [line:143] ***********************************

2019-04-25 16:58:37,433 del_mongo.py INFO [line:34] close Client
2019-04-25 16:58:40,422 del_mongo.py INFO [line:28] 连接数据库uat
2019-04-25 16:58:43,682 del_mongo.py INFO [line:44] apply_info 表符合查询条件{'idNumber': '441502199602120215'} 的数据有1 条
2019-04-25 16:58:43,793 del_mongo.py INFO [line:48] {'_id': ObjectId('5cc16cc164efa50a5df89d2c'), 'relationWithMaster': '', 'isMaster': '1', 'applyId': ObjectId('5cc16cc164efa55360f89d11'), 'leadId': '', 'isFromLead': False, 'title': 'mr', 'firstName': 'Qinyuan', 'lastName': 'Zheng', 'chineseName': '郑钦元', 'pastEnglishName': '', 'email': 'onedi@qq.com', 'phoneAreaCode': 'CHN', 'phone': '15815873756', 'address': '广东省汕尾市城区新港街道新港海滨居委广场路一巷48号101', 'syncIDAddress': 'Y', 'isHongKongBankCard': 'Y', 'addressRegionProvince': '', 'addressRegionCity': '', 'addressRegionArea': '', 'addressDetailed': '', 'addressMail': '', 'nationality': 'CHN', 'idType': '2', 'idNumber': '441502199602120215', 'countryIssue': 'CHN', 'birthday': 824083200000.0, 'birthPlace': 'CHN', 'idCardAddress': '广东省汕尾市城区新港街道新港海滨居委广场路一巷48号101', 'idCardAddressReadOnly': '广东省汕尾市城区新港街道新港海滨居委广场路一巷48号101', 'employment': 'unemployed', 'occupation': '', 'employedPeriod': '', 'employer': '', 'businessType': '', 'businessAddress': '', 'businessAddressRegionProvince': '', 'businessAddressRegionCity': '', 'businessAddressRegionArea': '', 'businessAddressDetailed': '', 'businessPhone': '', 'riskInfo': {'isApplyToOpenTradingStructure': '', 'isTradingStructureAggree': 'N', 'disclaimerVideo': '', 'passportMaterial': ['ddd2ce76-be56-4155-9485-5a0f16c969f7.jpg', '8c7825d1-e0f8-462a-9643-8227710e56be.jpg'], 'sourceOfWealthOther': '', 'addressVerificationMaterials': [], 'bankCardMaterials': [], 'writtenApplicationMaterials': [], 'proofOfIncome': [], 'otherInformation': [], 'totalAnnualCustomerRevenueHK': 'lt200000', 'totalAnnualCustomerRevenueHKOther': '', 'customerNetAssetValueHK': 'lt1000000', 'customerNetAssetValueHKOther': '', 'sourceOfWealth': ['savings'], 'securities': '1To5Years', 'CBBC': 'lt1Year', 'warrants': 'lt1Year', 'futures': '1To5Years', 'options': 'lt1Year', 'algoTrade': '1To5Years', 'isAlgoTrade': '', 'isAlgoTradeAggree': '', 'bullion': 'lt1Year', 'foreignExchange': 'lt1Year', 'otherInvestmentText': '', 'otherInvestment': '', 'isLearnAboutProducts': '', 'isIndustryExperience': '', 'isStocks': '', 'isBankruptcy': '', 'bankruptcyDate': None, 'bankruptcyProve': [], 'isInAgtJobs': '', 'agtPosition': '', 'isBondFuturesClientsConnected': '', 'agtName': '', 'isAcquaintHighLevel': '', 'acquaintHighLevelInstructions': '', 'acquaintHighLevelInstructionsProve': [], 'isAmericanResidents': '', 'americanResidentsTaxId': '', 'isAmericanResidentsb': '', 'americanResidentsTaxIdb': '', 'isPoliticalFigure': '', 'politicalFigureName': '', 'purposeOfInvestment': '', 'riskTolerance': '', 'disclaimerVideoBak': [''], 'passportMaterialBak': ['ddd2ce76-be56-4155-9485-5a0f16c969f7.jpg', '8c7825d1-e0f8-462a-9643-8227710e56be.jpg'], 'isReferralCode': 'Y'}, 'pastChineseName': '', 'idTypeOther': '', 'employmentOther': '', 'career': '', 'marriage': '', 'education': '', 'attachment': {}, 'relationWithMasterImmediateFamily': '', 'relationWithMasterOthers': '', 'isReSubmit': '', 'createdTime': 1556180161856.0, 'updatedTime': 1556180161856.0}
2019-04-25 16:58:43,793 del_mongo.py INFO [line:58] apply_info 表关联的字段为 applyId : 5cc16cc164efa55360f89d11
2019-04-25 16:58:43,793 del_mongo.py INFO [line:59] 正在查询关联表 apply 的数据
2019-04-25 16:58:43,844 del_mongo.py INFO [line:44] apply 表符合查询条件{'_id': ObjectId('5cc16cc164efa55360f89d11')} 的数据有1 条
2019-04-25 16:58:43,946 del_mongo.py INFO [line:48] {'_id': ObjectId('5cc16cc164efa55360f89d11'), 'isRoRefuse': '', 'accountType': ['securitiesCash', 'futuresMargin', 'leveragedForeignExchangeAccountMargin'], 'applyInfoIds': [ObjectId('5cc16cc164efa50a5df89d2c')], 'learnHow': ['searchEngine', 'socialMedia'], 'tradingAuthorization': [''], 'isRelatedAccounts': ['opt'], 'step': '10', 'origin': '', 'idpUserId': 'be26c1cc-4236-4ac1-b713-a8d7a8e3f631', 'applicationFor': 'individual', 'parentId': '', 'IBparentId': '', 'mailLanguage': '', 'accountOpeningWay': 'electronicAuth', 'appBankName': '', 'appBankAccount': '', 'appCertSn': '', 'appCertDn': '', 'accountNumber': '', 'personalInfoDeclartion': 'Y', 'agreeToTheTerms': '', 'status': 'notComplete', 'customerSource': 'app', 'applySeqId': 8303, 'roApprovalList': [{'isApproval': False, '_id': ObjectId('5cc1765f64efa5cf34f89ee6'), 'username': 'don_test', 'usertype': 'futuressRo'}, {'isApproval': False, '_id': ObjectId('5cc1765f64efa5ddbff89ee5'), 'username': 'ro_don', 'usertype': 'futuressRo'}, {'isApproval': False, '_id': ObjectId('5cc1765f64efa53d59f89ee4'), 'username': 'ro1_don', 'usertype': 'futuressRo'}, {'isApproval': False, '_id': ObjectId('5cc1765f64efa55370f89ee3'), 'username': 'ro_one', 'usertype': 'futuressRo'}, {'isApproval': False, '_id': ObjectId('5cc1765f64efa532bef89ee2'), 'username': 'cliff_test', 'usertype': 'securitiesRo'}, {'isApproval': False, '_id': ObjectId('5cc1765f64efa5225cf89ee1'), 'username': 'ro_cliff', 'usertype': 'securitiesRo'}, {'isApproval': False, '_id': ObjectId('5cc1765f64efa5a777f89ee0'), 'username': 'ro1_cliff', 'usertype': 'securitiesRo'}, {'isApproval': False, '_id': ObjectId('5cc1765f64efa57dd0f89edf'), 'username': 'ro_one', 'usertype': 'securitiesRo'}, {'isApproval': False, '_id': ObjectId('5cc1765f64efa53700f89ede'), 'username': 'aaron.chan', 'usertype': 'fouexRo'}, {'isApproval': False, '_id': ObjectId('5cc1765f64efa5756ef89edd'), 'username': 'aaron_test', 'usertype': 'fouexRo'}, {'isApproval': False, '_id': ObjectId('5cc1765f64efa53567f89edc'), 'username': 'ro_one', 'usertype': 'fouexRo'}], 'leadId': '', 'isFromLead': False, 'parentPath': '', 'currency': '', 'bankAccount': [], 'isHongKongBankCard': '', 'isMarginAccount': '', 'marginAccountName': '', 'marginAccountNumber': '', 'isDiscretion': '', 'discretionName': '', 'discretionNumber': '', 'isCompanyAccounts': '', 'companyAccountsName': '', 'companyAccountsNumber': '', 'learnHowCode': '', 'learnHowOther': '', 'isBeneficiary': '', 'beneficiaryName': '', 'isOrders': '', 'ordersName': '', 'relatedAccountsOpt': [{'_id': ObjectId('5cc1765f64efa5a33ff89ee7'), 'taxId': '441502199602120215', 'residenceJurisdiction': 'China'}], 'referralCode': '', 'signatureCoords': [{'_id': ObjectId('5c3ee2c33dc2063f0894a6dd'), 'pageNo': 13, 'x': 130, 'y': 602}, {'_id': ObjectId('5c3ee2c33dc20649d894a6dc'), 'pageNo': 14, 'x': 130, 'y': 83}, {'_id': ObjectId('5c3ee2c33dc20633a794a6db'), 'pageNo': 16, 'x': 130, 'y': 165}], 'signatureSize': {'xDpi': '630', 'yDpi': '630'}, 'submitTime': 1556180161356.0, 'remark': '', 'reason': '', 'principal': '', 'openlocation': '', 'isReSubmit': 'N', 'signatureFile': '', 'appVersion': 'v1.3.2-20190425-itTest', 'deviceModel': 'VTR-AL00/Android:8.0.0', 'isContactClient': '', 'reSubmitTime': None, 'refuseBy': '', 'createdTime': 1556180161518.0, 'updatedTime': 1556182623716.0}
2019-04-25 16:58:43,947 del_mongo.py INFO [line:93] apply 表关联的字段为 idpUserId : be26c1cc-4236-4ac1-b713-a8d7a8e3f631
2019-04-25 16:58:43,947 del_mongo.py INFO [line:94] 正在查询关联表 users 的数据
2019-04-25 16:58:43,998 del_mongo.py INFO [line:44] users 表符合查询条件{'subject': 'be26c1cc-4236-4ac1-b713-a8d7a8e3f631'} 的数据有1 条
2019-04-25 16:58:44,104 del_mongo.py INFO [line:48] {'_id': ObjectId('5cc16cb2ea2c2e276c98ce8f'), 'email_verified': True, 'phone_number_verified': True, 'roles': [], 'enabled': True, 'preferred_username': '15815873756', 'email': 'onedi@qq.com', 'phone_number': '8615815873756', 'custom': {'device_id': '89227da768824ff5'}, 'subject': 'be26c1cc-4236-4ac1-b713-a8d7a8e3f631', 'created_at': datetime.datetime(2019, 4, 25, 8, 15, 45, 932000), 'updated_at': datetime.datetime(2019, 4, 25, 8, 19, 7, 774000), 'secret': '$2a$08$ZdnH8eYq8zN/Q1Uq/2sRv.itrHhD03O6zr9lZPy./RfCtAClKO1gS', '__v': 0}
2019-04-25 16:58:44,104 del_mongo.py INFO [line:110] users 表关联的字段为 subject : be26c1cc-4236-4ac1-b713-a8d7a8e3f631
2019-04-25 16:58:44,104 del_mongo.py INFO [line:111] 正在查询关联表 userdevices 的数据
2019-04-25 16:58:44,157 del_mongo.py INFO [line:44] userdevices 表符合查询条件{'subject': 'be26c1cc-4236-4ac1-b713-a8d7a8e3f631'} 的数据有4 条
2019-04-25 16:58:44,263 del_mongo.py INFO [line:48] {'_id': ObjectId('5cc16cb46d85320cb1dd6c05'), 'device_id': '89227da768824ff5', 'subject': 'be26c1cc-4236-4ac1-b713-a8d7a8e3f631', '__v': 0, 'code': '6dc0726c-de07-4263-bda1-3d87a8dd7c51', 'created_at': datetime.datetime(2019, 4, 25, 8, 15, 48, 662000), 'verified': True}
2019-04-25 16:58:44,263 del_mongo.py INFO [line:129] ***********************************

2019-04-25 16:58:44,263 del_mongo.py INFO [line:130] 没有关联数据,直接删除userdevices 表
2019-04-25 16:58:44,317 del_mongo.py INFO [line:139] {'n': 4, 'opTime': {'ts': Timestamp(1556182724, 4), 't': 101}, 'electionId': ObjectId('7fffffff0000000000000065'), 'ok': 1.0, 'operationTime': Timestamp(1556182724, 4), '$clusterTime': {'clusterTime': Timestamp(1556182724, 4), 'signature': {'hash': b'\xb1\xa74\xf7\x06\xa1\xa6\x91\x84\xb5\xe8\xb8\xa6\xc2\xc6\x11A\x9eJ\xff', 'keyId': 6636138069080670209}}}
2019-04-25 16:58:44,317 del_mongo.py INFO [line:143] ***********************************

2019-04-25 16:58:44,317 del_mongo.py INFO [line:48] {'_id': ObjectId('5cc16d636d85320cb1dd7a99'), 'device_id': 'ce9851ed8615e240', 'subject': 'be26c1cc-4236-4ac1-b713-a8d7a8e3f631', '__v': 0, 'code': 'fe43390f-a904-4ec6-94c8-c87c90a3e05c', 'created_at': datetime.datetime(2019, 4, 25, 8, 18, 43, 695000), 'verified': True}
2019-04-25 16:58:44,317 del_mongo.py INFO [line:129] ***********************************

2019-04-25 16:58:44,317 del_mongo.py INFO [line:130] 没有关联数据,直接删除userdevices 表
2019-04-25 16:58:44,369 del_mongo.py INFO [line:139] {'n': 0, 'opTime': {'ts': Timestamp(1556182724, 4), 't': 101}, 'electionId': ObjectId('7fffffff0000000000000065'), 'ok': 1.0, 'operationTime': Timestamp(1556182724, 4), '$clusterTime': {'clusterTime': Timestamp(1556182724, 4), 'signature': {'hash': b'\xb1\xa74\xf7\x06\xa1\xa6\x91\x84\xb5\xe8\xb8\xa6\xc2\xc6\x11A\x9eJ\xff', 'keyId': 6636138069080670209}}}
2019-04-25 16:58:44,369 del_mongo.py INFO [line:143] ***********************************

2019-04-25 16:58:44,369 del_mongo.py INFO [line:48] {'_id': ObjectId('5cc16dfc6d85320cb1dd8727'), 'device_id': '12A28329-D9D6-40C4-81E2-49E2ADB5532E', 'subject': 'be26c1cc-4236-4ac1-b713-a8d7a8e3f631', '__v': 0, 'code': 'd342cedd-4ea9-4c16-a7f7-8a69ff177cfb', 'created_at': datetime.datetime(2019, 4, 25, 8, 21, 16, 1000), 'verified': True}
2019-04-25 16:58:44,370 del_mongo.py INFO [line:129] ***********************************

2019-04-25 16:58:44,370 del_mongo.py INFO [line:130] 没有关联数据,直接删除userdevices 表
2019-04-25 16:58:44,419 del_mongo.py INFO [line:139] {'n': 0, 'opTime': {'ts': Timestamp(1556182724, 4), 't': 101}, 'electionId': ObjectId('7fffffff0000000000000065'), 'ok': 1.0, 'operationTime': Timestamp(1556182724, 4), '$clusterTime': {'clusterTime': Timestamp(1556182724, 4), 'signature': {'hash': b'\xb1\xa74\xf7\x06\xa1\xa6\x91\x84\xb5\xe8\xb8\xa6\xc2\xc6\x11A\x9eJ\xff', 'keyId': 6636138069080670209}}}
2019-04-25 16:58:44,419 del_mongo.py INFO [line:143] ***********************************

2019-04-25 16:58:44,419 del_mongo.py INFO [line:48] {'_id': ObjectId('5cc1700d6d85320cb1ddb09e'), 'device_id': '2054b8ec62726049', 'subject': 'be26c1cc-4236-4ac1-b713-a8d7a8e3f631', '__v': 0, 'code': 'a4992a73-f209-412e-af22-75dde801aea4', 'created_at': datetime.datetime(2019, 4, 25, 8, 30, 5, 76000), 'verified': True}
2019-04-25 16:58:44,419 del_mongo.py INFO [line:129] ***********************************

2019-04-25 16:58:44,419 del_mongo.py INFO [line:130] 没有关联数据,直接删除userdevices 表
2019-04-25 16:58:44,469 del_mongo.py INFO [line:139] {'n': 0, 'opTime': {'ts': Timestamp(1556182724, 4), 't': 101}, 'electionId': ObjectId('7fffffff0000000000000065'), 'ok': 1.0, 'operationTime': Timestamp(1556182724, 4), '$clusterTime': {'clusterTime': Timestamp(1556182724, 4), 'signature': {'hash': b'\xb1\xa74\xf7\x06\xa1\xa6\x91\x84\xb5\xe8\xb8\xa6\xc2\xc6\x11A\x9eJ\xff', 'keyId': 6636138069080670209}}}
2019-04-25 16:58:44,469 del_mongo.py INFO [line:143] ***********************************

2019-04-25 16:58:44,469 del_mongo.py INFO [line:129] ***********************************

2019-04-25 16:58:44,469 del_mongo.py INFO [line:130] 没有关联数据,直接删除users 表
2019-04-25 16:58:44,520 del_mongo.py INFO [line:139] {'n': 1, 'opTime': {'ts': Timestamp(1556182724, 5), 't': 101}, 'electionId': ObjectId('7fffffff0000000000000065'), 'ok': 1.0, 'operationTime': Timestamp(1556182724, 5), '$clusterTime': {'clusterTime': Timestamp(1556182724, 5), 'signature': {'hash': b'\xb1\xa74\xf7\x06\xa1\xa6\x91\x84\xb5\xe8\xb8\xa6\xc2\xc6\x11A\x9eJ\xff', 'keyId': 6636138069080670209}}}
2019-04-25 16:58:44,520 del_mongo.py INFO [line:143] ***********************************

2019-04-25 16:58:44,520 del_mongo.py INFO [line:129] ***********************************

2019-04-25 16:58:44,520 del_mongo.py INFO [line:130] 没有关联数据,直接删除apply 表
2019-04-25 16:58:44,570 del_mongo.py INFO [line:139] {'n': 1, 'opTime': {'ts': Timestamp(1556182724, 6), 't': 101}, 'electionId': ObjectId('7fffffff0000000000000065'), 'ok': 1.0, 'operationTime': Timestamp(1556182724, 6), '$clusterTime': {'clusterTime': Timestamp(1556182724, 6), 'signature': {'hash': b'\xb1\xa74\xf7\x06\xa1\xa6\x91\x84\xb5\xe8\xb8\xa6\xc2\xc6\x11A\x9eJ\xff', 'keyId': 6636138069080670209}}}
2019-04-25 16:58:44,570 del_mongo.py INFO [line:143] ***********************************

2019-04-25 16:58:44,570 del_mongo.py INFO [line:129] ***********************************

2019-04-25 16:58:44,570 del_mongo.py INFO [line:130] 没有关联数据,直接删除apply_info 表
2019-04-25 16:58:44,627 del_mongo.py INFO [line:139] {'n': 1, 'opTime': {'ts': Timestamp(1556182724, 7), 't': 101}, 'electionId': ObjectId('7fffffff0000000000000065'), 'ok': 1.0, 'operationTime': Timestamp(1556182724, 7), '$clusterTime': {'clusterTime': Timestamp(1556182724, 7), 'signature': {'hash': b'\xb1\xa74\xf7\x06\xa1\xa6\x91\x84\xb5\xe8\xb8\xa6\xc2\xc6\x11A\x9eJ\xff', 'keyId': 6636138069080670209}}}
2019-04-25 16:58:44,627 del_mongo.py INFO [line:143] ***********************************

2019-04-25 16:58:44,627 del_mongo.py INFO [line:34] close Client
