2019-05-15 18:22:10,250 del_mongo.py INFO [line:31] 连接数据库test
2019-05-15 18:22:16,031 del_mongo.py INFO [line:66] client_info 表符合查询条件{'email': '15089514626@sina.con'} 的数据有0 条
2019-05-15 18:22:16,442 del_mongo.py INFO [line:37] close Client
2019-05-15 18:22:16,874 del_mongo.py INFO [line:31] 连接数据库test
2019-05-15 18:22:23,961 del_mongo.py INFO [line:66] client_info 表符合查询条件{'email': '15089514626@sina.com'} 的数据有1 条
2019-05-15 18:22:24,383 del_mongo.py INFO [line:69] {'_id': ObjectId('5cda955bab383515796cb15c'), 'accountId': [ObjectId('5cda955bab383550ef6cb157')], 'applyId': [ObjectId('5cda947916dbe3e7dce50c61')], 'clientSeqId': 791, 'title': 'mr', 'firstName': 'Qinyuan', 'lastName': 'Zheng', 'chineseName': '郑钦元', 'pastEnglishName': '', 'pastChineseName': '', 'email': '15089514626@sina.com', 'phone': '15089514626', 'address': '东省汕尾市城区新港街道新港海滨居委广场路一巷48号101', 'addressMail': '', 'phoneAreaCode': 'CHN', 'nationality': 'CHN', 'idType': '2', 'idNumber': '441502199602120215', 'countryIssue': 'CHN', 'birthday': 824083200000.0, 'birthPlace': 'CHN', 'employment': 'unemployed', 'employer': '', 'businessType': '', 'occupation': '', 'businessAddress': '', 'businessPhone': '', 'isMaster': '1', 'parentPath': '/100000/ceo_t1/ro_t1/sales_t1', 'riskInfo': {'isReferralCode': 'Y', 'isApplyToOpenTradingStructure': 'Y', 'isTradingStructureAggree': 'Y', 'disclaimerVideo': '57586b06-fe96-4a50-b7bf-816d3bb749b6.mp4', 'passportMaterial': ['a731d094-201f-4f8e-8b42-d84cd32b9601.jpg', 'c21d999f-ccb7-4765-8b67-6ed5374eacc7.jpg'], 'sourceOfWealthOther': '', 'addressVerificationMaterials': [], 'bankCardMaterials': ['a731d094-201f-4f8e-8b42-d84cd32b9601.jpg', 'c21d999f-ccb7-4765-8b67-6ed5374eacc7.jpg'], 'writtenApplicationMaterials': ['ceae2f70-75f5-11e9-a894-e529367e5a5c.pdf'], 'proofOfIncome': [], 'otherInformation': ['a731d094-201f-4f8e-8b42-d84cd32b9601.jpg', 'c21d999f-ccb7-4765-8b67-6ed5374eacc7.jpg'], 'totalAnnualCustomerRevenueHK': 'lt200000', 'totalAnnualCustomerRevenueHKOther': '', 'customerNetAssetValueHK': 'lt1000000', 'customerNetAssetValueHKOther': '', 'sourceOfWealth': ['savings', 'investment'], 'securities': '1To5Years', 'CBBC': 'lt1Year', 'warrants': 'lt1Year', 'futures': '1To5Years', 'options': 'lt1Year', 'algoTrade': 'lt1Year', 'isAlgoTrade': '', 'isAlgoTradeAggree': '', 'bullion': 'lt1Year', 'foreignExchange': 'lt1Year', 'otherInvestmentText': '', 'otherInvestment': '', 'isLearnAboutProducts': 'Y', 'isIndustryExperience': 'Y', 'isStocks': 'Y', 'isBankruptcy': 'N', 'bankruptcyDate': '', 'bankruptcyProve': [], 'isInAgtJobs': 'N', 'agtPosition': '', 'isBondFuturesClientsConnected': 'N', 'agtName': '', 'isAcquaintHighLevel': 'N', 'acquaintHighLevelInstructions': '', 'acquaintHighLevelInstructionsProve': [], 'isAmericanResidents': 'N', 'americanResidentsTaxId': '', 'isAmericanResidentsb': 'N', 'americanResidentsTaxIdb': '', 'isPoliticalFigure': 'N', 'politicalFigureName': '', 'purposeOfInvestment': ['speculation', 'hedging', 'income'], 'riskTolerance': 'high'}, 'relationWithMasterImmediateFamily': '', 'relationWithMasterOthers': '', 'employedPeriod': '', 'employmentOther': '', 'createdTime': 1557828955877.0, 'updatedTime': 1557828955877.0}
2019-05-15 18:22:24,385 del_mongo.py INFO [line:103] client_info 表关联的字段为 accountId : [ObjectId('5cda955bab383550ef6cb157')]
2019-05-15 18:22:24,385 del_mongo.py INFO [line:104] 正在查询关联表 account 的数据
2019-05-15 18:22:25,050 del_mongo.py INFO [line:66] account 表符合查询条件{'_id': ObjectId('5cda955bab383550ef6cb157')} 的数据有1 条
2019-05-15 18:22:25,471 del_mongo.py INFO [line:69] {'_id': ObjectId('5cda955bab383550ef6cb157'), 'accountType': ['securitiesCash', 'futuresMargin', 'leveragedForeignExchangeAccountMargin'], 'clientId': [ObjectId('5cda955bab383515796cb15c')], 'accountNumber': '545223', 'applicationFor': 'individual', 'accountOpeningWay': 'electronicAuth', 'tradeAccountList': [{'_id': ObjectId('5cda955bab383571c76cb159'), 'type': 'STOCK', 'status': 'success', 'spotCheck': 'notCheck', 'createdTime': 1557828955158.0, 'enabled': True, 'tradeAccount': '545224', 'tradeAccountType': '', 'accountType': 'securitiesCash'}], 'parentPath': '/100000/ceo_t1/ro_t1/sales_t1', 'referralCode': '', 'createBy': '', 'updateBy': '', 'remark': '', 'idpUserId': '34f6eadc-c460-46fb-b77c-57ddf57fd4e0', 'createdTime': 1557828955397.0, 'updatedTime': 1557828955397.0}
2019-05-15 18:22:25,471 del_mongo.py INFO [line:103] account 表关联的字段为 clientId : [ObjectId('5cda955bab383515796cb15c')]
2019-05-15 18:22:25,471 del_mongo.py INFO [line:104] 正在查询关联表 client_info 的数据
2019-05-15 18:22:26,107 del_mongo.py INFO [line:66] client_info 表符合查询条件{'_id': ObjectId('5cda955bab383515796cb15c')} 的数据有1 条
2019-05-15 18:22:26,950 del_mongo.py INFO [line:69] {'_id': ObjectId('5cda955bab383515796cb15c'), 'accountId': [ObjectId('5cda955bab383550ef6cb157')], 'applyId': [ObjectId('5cda947916dbe3e7dce50c61')], 'clientSeqId': 791, 'title': 'mr', 'firstName': 'Qinyuan', 'lastName': 'Zheng', 'chineseName': '郑钦元', 'pastEnglishName': '', 'pastChineseName': '', 'email': '15089514626@sina.com', 'phone': '15089514626', 'address': '东省汕尾市城区新港街道新港海滨居委广场路一巷48号101', 'addressMail': '', 'phoneAreaCode': 'CHN', 'nationality': 'CHN', 'idType': '2', 'idNumber': '441502199602120215', 'countryIssue': 'CHN', 'birthday': 824083200000.0, 'birthPlace': 'CHN', 'employment': 'unemployed', 'employer': '', 'businessType': '', 'occupation': '', 'businessAddress': '', 'businessPhone': '', 'isMaster': '1', 'parentPath': '/100000/ceo_t1/ro_t1/sales_t1', 'riskInfo': {'isReferralCode': 'Y', 'isApplyToOpenTradingStructure': 'Y', 'isTradingStructureAggree': 'Y', 'disclaimerVideo': '57586b06-fe96-4a50-b7bf-816d3bb749b6.mp4', 'passportMaterial': ['a731d094-201f-4f8e-8b42-d84cd32b9601.jpg', 'c21d999f-ccb7-4765-8b67-6ed5374eacc7.jpg'], 'sourceOfWealthOther': '', 'addressVerificationMaterials': [], 'bankCardMaterials': ['a731d094-201f-4f8e-8b42-d84cd32b9601.jpg', 'c21d999f-ccb7-4765-8b67-6ed5374eacc7.jpg'], 'writtenApplicationMaterials': ['ceae2f70-75f5-11e9-a894-e529367e5a5c.pdf'], 'proofOfIncome': [], 'otherInformation': ['a731d094-201f-4f8e-8b42-d84cd32b9601.jpg', 'c21d999f-ccb7-4765-8b67-6ed5374eacc7.jpg'], 'totalAnnualCustomerRevenueHK': 'lt200000', 'totalAnnualCustomerRevenueHKOther': '', 'customerNetAssetValueHK': 'lt1000000', 'customerNetAssetValueHKOther': '', 'sourceOfWealth': ['savings', 'investment'], 'securities': '1To5Years', 'CBBC': 'lt1Year', 'warrants': 'lt1Year', 'futures': '1To5Years', 'options': 'lt1Year', 'algoTrade': 'lt1Year', 'isAlgoTrade': '', 'isAlgoTradeAggree': '', 'bullion': 'lt1Year', 'foreignExchange': 'lt1Year', 'otherInvestmentText': '', 'otherInvestment': '', 'isLearnAboutProducts': 'Y', 'isIndustryExperience': 'Y', 'isStocks': 'Y', 'isBankruptcy': 'N', 'bankruptcyDate': '', 'bankruptcyProve': [], 'isInAgtJobs': 'N', 'agtPosition': '', 'isBondFuturesClientsConnected': 'N', 'agtName': '', 'isAcquaintHighLevel': 'N', 'acquaintHighLevelInstructions': '', 'acquaintHighLevelInstructionsProve': [], 'isAmericanResidents': 'N', 'americanResidentsTaxId': '', 'isAmericanResidentsb': 'N', 'americanResidentsTaxIdb': '', 'isPoliticalFigure': 'N', 'politicalFigureName': '', 'purposeOfInvestment': ['speculation', 'hedging', 'income'], 'riskTolerance': 'high'}, 'relationWithMasterImmediateFamily': '', 'relationWithMasterOthers': '', 'employedPeriod': '', 'employmentOther': '', 'createdTime': 1557828955877.0, 'updatedTime': 1557828955877.0}
2019-05-15 18:22:26,950 del_mongo.py INFO [line:119] account 表关联的字段为 idpUserId : 34f6eadc-c460-46fb-b77c-57ddf57fd4e0
2019-05-15 18:22:26,950 del_mongo.py INFO [line:120] 正在查询关联表 users 的数据
2019-05-15 18:22:27,159 del_mongo.py INFO [line:66] users 表符合查询条件{'subject': '34f6eadc-c460-46fb-b77c-57ddf57fd4e0'} 的数据有0 条
2019-05-15 18:22:28,001 del_mongo.py INFO [line:152] ***********************************

2019-05-15 18:22:28,001 del_mongo.py INFO [line:153] 没有关联数据,直接删除account 表
2019-05-15 18:22:28,001 del_mongo.py INFO [line:171] ***********************************

2019-05-15 18:22:28,002 del_mongo.py INFO [line:103] client_info 表关联的字段为 applyId : [ObjectId('5cda947916dbe3e7dce50c61')]
2019-05-15 18:22:28,002 del_mongo.py INFO [line:104] 正在查询关联表 apply 的数据
2019-05-15 18:22:28,217 del_mongo.py INFO [line:66] apply 表符合查询条件{'_id': ObjectId('5cda947916dbe3e7dce50c61')} 的数据有0 条
2019-05-15 18:22:28,637 del_mongo.py INFO [line:152] ***********************************

2019-05-15 18:22:28,637 del_mongo.py INFO [line:153] 没有关联数据,直接删除client_info 表
2019-05-15 18:22:28,637 del_mongo.py INFO [line:171] ***********************************

2019-05-15 18:22:28,637 del_mongo.py INFO [line:37] close Client
2019-05-15 18:22:28,847 del_mongo.py INFO [line:44] account 表预计删除 1 条记录
2019-05-15 18:22:28,848 del_mongo.py INFO [line:44] client_info 表预计删除 1 条记录
2019-05-15 18:22:32,348 del_mongo.py INFO [line:31] 连接数据库test
2019-05-15 18:22:36,694 del_mongo.py INFO [line:66] client_info 表符合查询条件{'email': '15089514626@sina.com'} 的数据有1 条
2019-05-15 18:22:36,956 del_mongo.py INFO [line:69] {'_id': ObjectId('5cda955bab383515796cb15c'), 'accountId': [ObjectId('5cda955bab383550ef6cb157')], 'applyId': [ObjectId('5cda947916dbe3e7dce50c61')], 'clientSeqId': 791, 'title': 'mr', 'firstName': 'Qinyuan', 'lastName': 'Zheng', 'chineseName': '郑钦元', 'pastEnglishName': '', 'pastChineseName': '', 'email': '15089514626@sina.com', 'phone': '15089514626', 'address': '东省汕尾市城区新港街道新港海滨居委广场路一巷48号101', 'addressMail': '', 'phoneAreaCode': 'CHN', 'nationality': 'CHN', 'idType': '2', 'idNumber': '441502199602120215', 'countryIssue': 'CHN', 'birthday': 824083200000.0, 'birthPlace': 'CHN', 'employment': 'unemployed', 'employer': '', 'businessType': '', 'occupation': '', 'businessAddress': '', 'businessPhone': '', 'isMaster': '1', 'parentPath': '/100000/ceo_t1/ro_t1/sales_t1', 'riskInfo': {'isReferralCode': 'Y', 'isApplyToOpenTradingStructure': 'Y', 'isTradingStructureAggree': 'Y', 'disclaimerVideo': '57586b06-fe96-4a50-b7bf-816d3bb749b6.mp4', 'passportMaterial': ['a731d094-201f-4f8e-8b42-d84cd32b9601.jpg', 'c21d999f-ccb7-4765-8b67-6ed5374eacc7.jpg'], 'sourceOfWealthOther': '', 'addressVerificationMaterials': [], 'bankCardMaterials': ['a731d094-201f-4f8e-8b42-d84cd32b9601.jpg', 'c21d999f-ccb7-4765-8b67-6ed5374eacc7.jpg'], 'writtenApplicationMaterials': ['ceae2f70-75f5-11e9-a894-e529367e5a5c.pdf'], 'proofOfIncome': [], 'otherInformation': ['a731d094-201f-4f8e-8b42-d84cd32b9601.jpg', 'c21d999f-ccb7-4765-8b67-6ed5374eacc7.jpg'], 'totalAnnualCustomerRevenueHK': 'lt200000', 'totalAnnualCustomerRevenueHKOther': '', 'customerNetAssetValueHK': 'lt1000000', 'customerNetAssetValueHKOther': '', 'sourceOfWealth': ['savings', 'investment'], 'securities': '1To5Years', 'CBBC': 'lt1Year', 'warrants': 'lt1Year', 'futures': '1To5Years', 'options': 'lt1Year', 'algoTrade': 'lt1Year', 'isAlgoTrade': '', 'isAlgoTradeAggree': '', 'bullion': 'lt1Year', 'foreignExchange': 'lt1Year', 'otherInvestmentText': '', 'otherInvestment': '', 'isLearnAboutProducts': 'Y', 'isIndustryExperience': 'Y', 'isStocks': 'Y', 'isBankruptcy': 'N', 'bankruptcyDate': '', 'bankruptcyProve': [], 'isInAgtJobs': 'N', 'agtPosition': '', 'isBondFuturesClientsConnected': 'N', 'agtName': '', 'isAcquaintHighLevel': 'N', 'acquaintHighLevelInstructions': '', 'acquaintHighLevelInstructionsProve': [], 'isAmericanResidents': 'N', 'americanResidentsTaxId': '', 'isAmericanResidentsb': 'N', 'americanResidentsTaxIdb': '', 'isPoliticalFigure': 'N', 'politicalFigureName': '', 'purposeOfInvestment': ['speculation', 'hedging', 'income'], 'riskTolerance': 'high'}, 'relationWithMasterImmediateFamily': '', 'relationWithMasterOthers': '', 'employedPeriod': '', 'employmentOther': '', 'createdTime': 1557828955877.0, 'updatedTime': 1557828955877.0}
2019-05-15 18:22:36,956 del_mongo.py INFO [line:103] client_info 表关联的字段为 accountId : [ObjectId('5cda955bab383550ef6cb157')]
2019-05-15 18:22:36,957 del_mongo.py INFO [line:104] 正在查询关联表 account 的数据
2019-05-15 18:22:37,089 del_mongo.py INFO [line:66] account 表符合查询条件{'_id': ObjectId('5cda955bab383550ef6cb157')} 的数据有1 条
2019-05-15 18:22:37,685 del_mongo.py INFO [line:69] {'_id': ObjectId('5cda955bab383550ef6cb157'), 'accountType': ['securitiesCash', 'futuresMargin', 'leveragedForeignExchangeAccountMargin'], 'clientId': [ObjectId('5cda955bab383515796cb15c')], 'accountNumber': '545223', 'applicationFor': 'individual', 'accountOpeningWay': 'electronicAuth', 'tradeAccountList': [{'_id': ObjectId('5cda955bab383571c76cb159'), 'type': 'STOCK', 'status': 'success', 'spotCheck': 'notCheck', 'createdTime': 1557828955158.0, 'enabled': True, 'tradeAccount': '545224', 'tradeAccountType': '', 'accountType': 'securitiesCash'}], 'parentPath': '/100000/ceo_t1/ro_t1/sales_t1', 'referralCode': '', 'createBy': '', 'updateBy': '', 'remark': '', 'idpUserId': '34f6eadc-c460-46fb-b77c-57ddf57fd4e0', 'createdTime': 1557828955397.0, 'updatedTime': 1557828955397.0}
2019-05-15 18:22:37,686 del_mongo.py INFO [line:103] account 表关联的字段为 clientId : [ObjectId('5cda955bab383515796cb15c')]
2019-05-15 18:22:37,686 del_mongo.py INFO [line:104] 正在查询关联表 client_info 的数据
2019-05-15 18:22:37,818 del_mongo.py INFO [line:66] client_info 表符合查询条件{'_id': ObjectId('5cda955bab383515796cb15c')} 的数据有1 条
2019-05-15 18:22:38,080 del_mongo.py INFO [line:69] {'_id': ObjectId('5cda955bab383515796cb15c'), 'accountId': [ObjectId('5cda955bab383550ef6cb157')], 'applyId': [ObjectId('5cda947916dbe3e7dce50c61')], 'clientSeqId': 791, 'title': 'mr', 'firstName': 'Qinyuan', 'lastName': 'Zheng', 'chineseName': '郑钦元', 'pastEnglishName': '', 'pastChineseName': '', 'email': '15089514626@sina.com', 'phone': '15089514626', 'address': '东省汕尾市城区新港街道新港海滨居委广场路一巷48号101', 'addressMail': '', 'phoneAreaCode': 'CHN', 'nationality': 'CHN', 'idType': '2', 'idNumber': '441502199602120215', 'countryIssue': 'CHN', 'birthday': 824083200000.0, 'birthPlace': 'CHN', 'employment': 'unemployed', 'employer': '', 'businessType': '', 'occupation': '', 'businessAddress': '', 'businessPhone': '', 'isMaster': '1', 'parentPath': '/100000/ceo_t1/ro_t1/sales_t1', 'riskInfo': {'isReferralCode': 'Y', 'isApplyToOpenTradingStructure': 'Y', 'isTradingStructureAggree': 'Y', 'disclaimerVideo': '57586b06-fe96-4a50-b7bf-816d3bb749b6.mp4', 'passportMaterial': ['a731d094-201f-4f8e-8b42-d84cd32b9601.jpg', 'c21d999f-ccb7-4765-8b67-6ed5374eacc7.jpg'], 'sourceOfWealthOther': '', 'addressVerificationMaterials': [], 'bankCardMaterials': ['a731d094-201f-4f8e-8b42-d84cd32b9601.jpg', 'c21d999f-ccb7-4765-8b67-6ed5374eacc7.jpg'], 'writtenApplicationMaterials': ['ceae2f70-75f5-11e9-a894-e529367e5a5c.pdf'], 'proofOfIncome': [], 'otherInformation': ['a731d094-201f-4f8e-8b42-d84cd32b9601.jpg', 'c21d999f-ccb7-4765-8b67-6ed5374eacc7.jpg'], 'totalAnnualCustomerRevenueHK': 'lt200000', 'totalAnnualCustomerRevenueHKOther': '', 'customerNetAssetValueHK': 'lt1000000', 'customerNetAssetValueHKOther': '', 'sourceOfWealth': ['savings', 'investment'], 'securities': '1To5Years', 'CBBC': 'lt1Year', 'warrants': 'lt1Year', 'futures': '1To5Years', 'options': 'lt1Year', 'algoTrade': 'lt1Year', 'isAlgoTrade': '', 'isAlgoTradeAggree': '', 'bullion': 'lt1Year', 'foreignExchange': 'lt1Year', 'otherInvestmentText': '', 'otherInvestment': '', 'isLearnAboutProducts': 'Y', 'isIndustryExperience': 'Y', 'isStocks': 'Y', 'isBankruptcy': 'N', 'bankruptcyDate': '', 'bankruptcyProve': [], 'isInAgtJobs': 'N', 'agtPosition': '', 'isBondFuturesClientsConnected': 'N', 'agtName': '', 'isAcquaintHighLevel': 'N', 'acquaintHighLevelInstructions': '', 'acquaintHighLevelInstructionsProve': [], 'isAmericanResidents': 'N', 'americanResidentsTaxId': '', 'isAmericanResidentsb': 'N', 'americanResidentsTaxIdb': '', 'isPoliticalFigure': 'N', 'politicalFigureName': '', 'purposeOfInvestment': ['speculation', 'hedging', 'income'], 'riskTolerance': 'high'}, 'relationWithMasterImmediateFamily': '', 'relationWithMasterOthers': '', 'employedPeriod': '', 'employmentOther': '', 'createdTime': 1557828955877.0, 'updatedTime': 1557828955877.0}
2019-05-15 18:22:38,081 del_mongo.py INFO [line:119] account 表关联的字段为 idpUserId : 34f6eadc-c460-46fb-b77c-57ddf57fd4e0
2019-05-15 18:22:38,081 del_mongo.py INFO [line:120] 正在查询关联表 users 的数据
2019-05-15 18:22:38,212 del_mongo.py INFO [line:66] users 表符合查询条件{'subject': '34f6eadc-c460-46fb-b77c-57ddf57fd4e0'} 的数据有0 条
2019-05-15 18:22:38,778 del_mongo.py INFO [line:152] ***********************************

2019-05-15 18:22:38,778 del_mongo.py INFO [line:153] 没有关联数据,直接删除account 表
2019-05-15 18:22:38,910 del_mongo.py INFO [line:167] <pymongo.results.DeleteResult object at 0x0000021F515409C8>
2019-05-15 18:22:38,910 del_mongo.py INFO [line:171] ***********************************

2019-05-15 18:22:38,910 del_mongo.py INFO [line:103] client_info 表关联的字段为 applyId : [ObjectId('5cda947916dbe3e7dce50c61')]
2019-05-15 18:22:38,910 del_mongo.py INFO [line:104] 正在查询关联表 apply 的数据
2019-05-15 18:22:39,041 del_mongo.py INFO [line:66] apply 表符合查询条件{'_id': ObjectId('5cda947916dbe3e7dce50c61')} 的数据有0 条
2019-05-15 18:22:39,302 del_mongo.py INFO [line:152] ***********************************

2019-05-15 18:22:39,302 del_mongo.py INFO [line:153] 没有关联数据,直接删除client_info 表
2019-05-15 18:22:39,766 del_mongo.py INFO [line:167] <pymongo.results.DeleteResult object at 0x0000021F515033C8>
2019-05-15 18:22:39,766 del_mongo.py INFO [line:171] ***********************************

2019-05-15 18:22:39,766 del_mongo.py INFO [line:37] close Client
2019-05-15 18:22:39,897 del_mongo.py INFO [line:44] client_info 表预计删除 1 条记录
2019-05-15 18:22:39,897 del_mongo.py INFO [line:44] account 表预计删除 1 条记录
2019-05-15 18:22:39,897 del_mongo.py INFO [line:51] client_info 表实际删除 1 条记录
2019-05-15 18:22:39,898 del_mongo.py INFO [line:51] account 表实际删除 1 条记录
