2019-04-02 14:58:00,823 del_mongo.py INFO [line:27] 连接数据库uat
2019-04-02 14:58:01,964 del_mongo.py INFO [line:45] client_info 表符合查询条件{'email': 'kyle_denghuajun@163.com'} 的数据有1 条
2019-04-02 14:58:02,069 del_mongo.py INFO [line:49] {'_id': ObjectId('5ca2d0cf149d1f5b5bb646b8'), 'accountId': [ObjectId('5ca2d0cf149d1f47cab646b3')], 'applyId': [ObjectId('5ca2ceb03621d221a0521190')], 'clientSeqId': 2745, 'title': 'mr', 'firstName': 'first', 'lastName': 'last', 'chineseName': '465465', 'pastEnglishName': '', 'pastChineseName': '', 'email': 'kyle_denghuajun@163.com', 'phone': '156495465', 'address': 'adsf', 'addressMail': '', 'phoneAreaCode': 'CHN', 'nationality': 'AFG', 'idType': '2', 'idNumber': '654464565498', 'countryIssue': 'AFG', 'birthday': 981129600000.0, 'birthPlace': 'CHN', 'employment': 'employed', 'employer': 'da', 'businessType': 'sad', 'occupation': 'asdf', 'businessAddress': 'asd', 'businessPhone': '', 'isMaster': '1', 'parentPath': '/100000/ceo_t1/ro_t1', 'riskInfo': {'totalAnnualCustomerRevenueHK': 'lt500000', 'customerNetAssetValueHK': 'lt3000000', 'sourceOfWealth': ['investment'], 'securities': 'lt1Year', 'CBBC': 'lt1Year', 'warrants': 'lt1Year', 'options': 'lt1Year', 'futures': 'lt1Year', 'isLearnAboutProducts': 'Y', 'isIndustryExperience': 'Y', 'isStocks': 'Y', 'isApplyToOpenTradingStructure': 'N', 'isBankruptcy': 'N', 'isInAgtJobs': 'N', 'isBondFuturesClientsConnected': 'N', 'isAcquaintHighLevel': 'N', 'isAmericanResidents': 'N', 'isAmericanResidentsb': 'N', 'isPoliticalFigure': 'N', 'purposeOfInvestment': 'asset', 'riskTolerance': 'medium'}, 'relationWithMasterImmediateFamily': '', 'relationWithMasterOthers': '', 'employedPeriod': '', 'employmentOther': '', 'createdTime': 1554174160029.0, 'updatedTime': 1554174160029.0}
2019-04-02 14:58:02,077 del_mongo.py INFO [line:79] client_info 表关联的字段为 accountId : [ObjectId('5ca2d0cf149d1f47cab646b3')]
2019-04-02 14:58:02,077 del_mongo.py INFO [line:80] 正在查询关联表 account 的数据
2019-04-02 14:58:02,130 del_mongo.py INFO [line:45] account 表符合查询条件{'_id': ObjectId('5ca2d0cf149d1f47cab646b3')} 的数据有1 条
2019-04-02 14:58:02,234 del_mongo.py INFO [line:49] {'_id': ObjectId('5ca2d0cf149d1f47cab646b3'), 'accountType': ['leveragedForeignExchangeAccountMargin', 'bullionMargin'], 'clientId': [ObjectId('5ca2d0cf149d1f5b5bb646b8')], 'accountNumber': '146256', 'applicationFor': 'individual', 'accountOpeningWay': 'visitingAccount', 'tradeAccountList': [{'_id': ObjectId('5ca2d0cf149d1f0436b646b5'), 'type': 'FOREX', 'status': 'success', 'spotCheck': 'notCheck', 'createdTime': 1554174159468.0, 'enabled': True, 'tradeAccount': '146356', 'tradeAccountType': 'mf', 'accountType': 'leveragedForeignExchangeAccountMargin'}], 'parentPath': '/100000/ceo_t1/ro_t1', 'referralCode': '', 'createBy': '', 'updateBy': '', 'remark': '', 'idpUserId': 'cc78f917-0486-4921-87f2-ca6ac4d69307', 'createdTime': 1554174159627.0, 'updatedTime': 1554174159627.0}
2019-04-02 14:58:02,234 del_mongo.py INFO [line:110] ***********************************

2019-04-02 14:58:02,234 del_mongo.py INFO [line:111] 没有关联数据,直接删除account 表
2019-04-02 14:58:02,287 del_mongo.py INFO [line:115] {'n': 1, 'opTime': {'ts': Timestamp(1554188282, 1), 't': 98}, 'electionId': ObjectId('7fffffff0000000000000062'), 'ok': 1.0, 'operationTime': Timestamp(1554188282, 1), '$clusterTime': {'clusterTime': Timestamp(1554188282, 1), 'signature': {'hash': b'>\x04\x87`\xe2\xdd\xb9\xf8\x01\xc4\x18\xca\xbf\x98\x8bO\xae\xdejh', 'keyId': 6636138069080670209}}}
2019-04-02 14:58:02,287 del_mongo.py INFO [line:118] ***********************************

2019-04-02 14:58:02,287 del_mongo.py INFO [line:79] client_info 表关联的字段为 applyId : [ObjectId('5ca2ceb03621d221a0521190')]
2019-04-02 14:58:02,287 del_mongo.py INFO [line:80] 正在查询关联表 apply 的数据
2019-04-02 14:58:02,340 del_mongo.py INFO [line:45] apply 表符合查询条件{'_id': ObjectId('5ca2ceb03621d221a0521190')} 的数据有1 条
2019-04-02 14:58:02,445 del_mongo.py INFO [line:49] {'_id': ObjectId('5ca2ceb03621d221a0521190'), 'isRoRefuse': '', 'accountType': ['leveragedForeignExchangeAccountMargin', 'bullionMargin'], 'applyInfoIds': [ObjectId('5ca2ceb03621d2398452119f')], 'learnHow': ['socialMedia'], 'tradingAuthorization': ['c1b19741dd95b4a6493210c422fba341.pdf'], 'isRelatedAccounts': ['opt'], 'step': '', 'origin': '', 'idpUserId': 'cc78f917-0486-4921-87f2-ca6ac4d69307', 'applicationFor': 'individual', 'parentId': 'ro_t1', 'IBparentId': '', 'mailLanguage': 'zh-hans', 'accountOpeningWay': 'visitingAccount', 'appBankName': '', 'appBankAccount': '', 'appCertSn': '', 'appCertDn': '', 'accountNumber': '146256', 'personalInfoDeclartion': 'N', 'agreeToTheTerms': 'N', 'status': 'success', 'customerSource': 'crm', 'applySeqId': 1347, 'roApprovalList': [{'isApproval': False, '_id': ObjectId('5ca2ceb03621d2ff2252119b'), 'username': 'aaron.chan', 'usertype': 'fouexRo'}, {'isApproval': False, '_id': ObjectId('5ca2ceb03621d2520f52119a'), 'username': 'aaron_test', 'usertype': 'fouexRo'}, {'isApproval': False, '_id': ObjectId('5ca2ceb03621d23df8521199'), 'username': 'ro_one', 'usertype': 'fouexRo'}], 'leadId': '', 'isFromLead': False, 'parentPath': '/100000/ceo_t1/ro_t1', 'currency': 'HKD', 'bankAccount': [{'_id': ObjectId('5ca2ceb03621d2734752119c'), 'currency': 'HKD', 'name': 'fdsg', 'number': 'sdfh', 'holder': 'sfdhfds'}], 'isHongKongBankCard': '', 'isMarginAccount': 'N', 'marginAccountName': '', 'marginAccountNumber': '', 'isDiscretion': '', 'discretionName': '', 'discretionNumber': '', 'isCompanyAccounts': '', 'companyAccountsName': '', 'companyAccountsNumber': '', 'learnHowCode': '', 'learnHowOther': '', 'isBeneficiary': 'Y', 'beneficiaryName': '', 'isOrders': 'N', 'ordersName': 'dsf', 'relatedAccountsOpt': [{'_id': ObjectId('5ca2ceb03621d2bea652119d'), 'residenceJurisdiction': 'dsfgsd', 'taxId': 'sdfg'}], 'referralCode': '', 'signatureCoords': [{'_id': ObjectId('5c3ee2c33dc2063f0894a6dd'), 'pageNo': 13, 'x': 130, 'y': 602}, {'_id': ObjectId('5c3ee2c33dc20649d894a6dc'), 'pageNo': 14, 'x': 130, 'y': 83}, {'_id': ObjectId('5c3ee2c33dc20633a794a6db'), 'pageNo': 16, 'x': 130, 'y': 165}], 'signatureSize': {'xDpi': '630', 'yDpi': '630'}, 'remark': '', 'reason': '', 'principal': '', 'openlocation': '', 'isReSubmit': '', 'signatureFile': '', 'appVersion': '', 'deviceModel': '', 'refuseClients': '', 'refuseBy': '', 'createdTime': 1554173616379.0, 'updatedTime': 1554173616379.0}
2019-04-02 14:58:02,446 del_mongo.py INFO [line:79] apply 表关联的字段为 applyInfoIds : [ObjectId('5ca2ceb03621d2398452119f')]
2019-04-02 14:58:02,446 del_mongo.py INFO [line:80] 正在查询关联表 apply_info 的数据
2019-04-02 14:58:02,499 del_mongo.py INFO [line:45] apply_info 表符合查询条件{'_id': ObjectId('5ca2ceb03621d2398452119f')} 的数据有1 条
2019-04-02 14:58:02,602 del_mongo.py INFO [line:49] {'_id': ObjectId('5ca2ceb03621d2398452119f'), 'relationWithMaster': '', 'isMaster': '1', 'applyId': ObjectId('5ca2ceb03621d221a0521190'), 'leadId': '', 'isFromLead': False, 'email': 'kyle_denghuajun@163.com', 'firstName': 'first', 'title': 'mr', 'lastName': 'last', 'chineseName': '465465', 'phoneAreaCode': 'CHN', 'phone': '156495465', 'address': 'adsf', 'nationality': 'AFG', 'idType': '2', 'idNumber': '654464565498', 'countryIssue': 'AFG', 'birthday': 981129600000.0, 'birthPlace': 'CHN', 'employment': 'employed', 'occupation': 'asdf', 'employedPeriod': 'adsf', 'employer': 'da', 'businessAddress': 'asd', 'businessType': 'sad', 'riskInfo': {'totalAnnualCustomerRevenueHK': 'lt500000', 'customerNetAssetValueHK': 'lt3000000', 'sourceOfWealth': ['investment'], 'securities': 'lt1Year', 'CBBC': 'lt1Year', 'warrants': 'lt1Year', 'options': 'lt1Year', 'futures': 'lt1Year', 'isLearnAboutProducts': 'Y', 'isIndustryExperience': 'Y', 'isStocks': 'Y', 'isApplyToOpenTradingStructure': 'N', 'isBankruptcy': 'N', 'isInAgtJobs': 'N', 'isBondFuturesClientsConnected': 'N', 'isAcquaintHighLevel': 'N', 'isAmericanResidents': 'N', 'isAmericanResidentsb': 'N', 'isPoliticalFigure': 'N', 'purposeOfInvestment': 'asset', 'riskTolerance': 'medium'}, 'pastEnglishName': '', 'pastChineseName': '', 'idCardAddress': '', 'addressMail': '', 'idTypeOther': '', 'employmentOther': '', 'career': '', 'businessPhone': '', 'marriage': '', 'education': '', 'attachment': {}, 'relationWithMasterImmediateFamily': '', 'relationWithMasterOthers': '', 'isReSubmit': '', 'addressRegionProvince': '', 'addressRegionCity': '', 'addressRegionArea': '', 'addressDetailed': '', 'businessAddressRegionProvince': '', 'businessAddressRegionCity': '', 'businessAddressRegionArea': '', 'businessAddressDetailed': '', 'idCardAddressReadOnly': '', 'syncIDAddress': '', 'isHongKongBankCard': '', 'createdTime': 1554173616918.0, 'updatedTime': 1554173616918.0}
2019-04-02 14:58:02,604 del_mongo.py INFO [line:110] ***********************************

2019-04-02 14:58:02,604 del_mongo.py INFO [line:111] 没有关联数据,直接删除apply_info 表
2019-04-02 14:58:02,656 del_mongo.py INFO [line:115] {'n': 1, 'opTime': {'ts': Timestamp(1554188282, 2), 't': 98}, 'electionId': ObjectId('7fffffff0000000000000062'), 'ok': 1.0, 'operationTime': Timestamp(1554188282, 2), '$clusterTime': {'clusterTime': Timestamp(1554188282, 2), 'signature': {'hash': b'>\x04\x87`\xe2\xdd\xb9\xf8\x01\xc4\x18\xca\xbf\x98\x8bO\xae\xdejh', 'keyId': 6636138069080670209}}}
2019-04-02 14:58:02,656 del_mongo.py INFO [line:118] ***********************************

2019-04-02 14:58:02,656 del_mongo.py INFO [line:110] ***********************************

2019-04-02 14:58:02,656 del_mongo.py INFO [line:111] 没有关联数据,直接删除apply 表
2019-04-02 14:58:02,709 del_mongo.py INFO [line:115] {'n': 1, 'opTime': {'ts': Timestamp(1554188282, 3), 't': 98}, 'electionId': ObjectId('7fffffff0000000000000062'), 'ok': 1.0, 'operationTime': Timestamp(1554188282, 3), '$clusterTime': {'clusterTime': Timestamp(1554188282, 3), 'signature': {'hash': b'>\x04\x87`\xe2\xdd\xb9\xf8\x01\xc4\x18\xca\xbf\x98\x8bO\xae\xdejh', 'keyId': 6636138069080670209}}}
2019-04-02 14:58:02,709 del_mongo.py INFO [line:118] ***********************************

2019-04-02 14:58:02,709 del_mongo.py INFO [line:110] ***********************************

2019-04-02 14:58:02,709 del_mongo.py INFO [line:111] 没有关联数据,直接删除client_info 表
2019-04-02 14:58:02,763 del_mongo.py INFO [line:115] {'n': 1, 'opTime': {'ts': Timestamp(1554188282, 4), 't': 98}, 'electionId': ObjectId('7fffffff0000000000000062'), 'ok': 1.0, 'operationTime': Timestamp(1554188282, 4), '$clusterTime': {'clusterTime': Timestamp(1554188282, 4), 'signature': {'hash': b'>\x04\x87`\xe2\xdd\xb9\xf8\x01\xc4\x18\xca\xbf\x98\x8bO\xae\xdejh', 'keyId': 6636138069080670209}}}
2019-04-02 14:58:02,763 del_mongo.py INFO [line:118] ***********************************

2019-04-02 14:58:02,763 del_mongo.py INFO [line:33] close Client
2019-04-02 14:58:29,265 del_mongo.py INFO [line:27] 连接数据库uat
2019-04-02 14:58:31,121 del_mongo.py INFO [line:45] client_info 表符合查询条件{'email': 'kyle_denghuajun@163.com'} 的数据有0 条
2019-04-02 14:58:31,344 del_mongo.py INFO [line:33] close Client
2019-04-02 14:58:38,344 del_mongo.py INFO [line:27] 连接数据库uat
2019-04-02 14:58:39,751 del_mongo.py INFO [line:45] apply_info 表符合查询条件{'email': 'kyle_denghuajun@163.com'} 的数据有0 条
2019-04-02 14:58:39,857 del_mongo.py INFO [line:33] close Client
