2019-03-11 15:10:27,659 del_mongo.py INFO [line:26] 连接数据库uat
2019-03-11 15:10:30,468 del_mongo.py INFO [line:38] client_info 表符合查询条件{'idNumber': '441502199602120215'} 的数据有1 条
2019-03-11 15:10:30,647 del_mongo.py INFO [line:42] {'_id': ObjectId('5c82316f07207afa6ae2b878'), 'accountId': [ObjectId('5c82316f07207a5c49e2b86f')], 'applyId': [ObjectId('5c821e70c51316845446d004')], 'clientSeqId': 2676, 'title': 'mr', 'firstName': 'Qinyuan', 'lastName': 'Zheng', 'chineseName': '郑钦元', 'pastEnglishName': '', 'pastChineseName': '', 'email': 'onedi@qq.com', 'phone': '59394317', 'address': '广东省汕尾市城区新港街道新港海滨居委广场路一巷48号101', 'addressMail': '', 'phoneAreaCode': 'HKG', 'nationality': 'CHN', 'idType': '2', 'idNumber': '441502199602120215', 'countryIssue': 'CHN', 'birthday': 824083200000.0, 'birthPlace': 'CHN', 'employment': 'unemployed', 'employer': '', 'businessType': '', 'occupation': '', 'businessAddress': '', 'businessPhone': '', 'isMaster': '1', 'parentPath': '/100000/ceo_t1/ro_t1', 'riskInfo': {'isApplyToOpenTradingStructure': 'N', 'isTradingStructureAggree': 'N', 'disclaimerVideo': 'video/2KnehiQ16NtJBa6irkJB.mp4', 'passportMaterial': ['video/ckx85xGZnzmNDJrS2W5K.jpg', 'video/paMcD2ex4G02mZ488kcF.jpg'], 'sourceOfWealthOther': '', 'addressVerificationMaterials': [], 'bankCardMaterials': [], 'writtenApplicationMaterials': ['video/jYj0TGae1EPkR41swEjR.pdf'], 'proofOfIncome': [], 'otherInformation': [], 'totalAnnualCustomerRevenueHK': 'lt200000', 'totalAnnualCustomerRevenueHKOther': '', 'customerNetAssetValueHK': 'lt1000000', 'customerNetAssetValueHKOther': '', 'sourceOfWealth': ['savings'], 'securities': '1To5Years', 'CBBC': 'lt1Year', 'warrants': 'lt1Year', 'futures': '1To5Years', 'options': 'lt1Year', 'foreignExchange': 'lt1Year', 'otherInvestmentText': '', 'otherInvestment': '', 'isLearnAboutProducts': 'N', 'isIndustryExperience': 'N', 'isStocks': 'N', 'isBankruptcy': 'N', 'bankruptcyDate': None, 'bankruptcyProve': [], 'isInAgtJobs': 'N', 'agtPosition': '', 'isBondFuturesClientsConnected': 'N', 'agtName': '', 'isAcquaintHighLevel': 'N', 'acquaintHighLevelInstructions': '', 'acquaintHighLevelInstructionsProve': [], 'isAmericanResidents': 'N', 'americanResidentsTaxId': '', 'isAmericanResidentsb': 'N', 'americanResidentsTaxIdb': '', 'isPoliticalFigure': 'N', 'politicalFigureName': '', 'purposeOfInvestment': 'speculation', 'riskTolerance': 'low'}, 'relationWithMasterImmediateFamily': '', 'relationWithMasterOthers': '', 'employedPeriod': '', 'employmentOther': '', 'createdTime': 1552036207605.0, 'updatedTime': 1552036207605.0}
2019-03-11 15:10:30,655 del_mongo.py INFO [line:70] client_info 表关联的字段为 accountId : [ObjectId('5c82316f07207a5c49e2b86f')]
2019-03-11 15:10:30,655 del_mongo.py INFO [line:71] 正在查询关联表 account 的数据
2019-03-11 15:10:30,747 del_mongo.py INFO [line:38] account 表符合查询条件{'_id': ObjectId('5c82316f07207a5c49e2b86f')} 的数据有1 条
2019-03-11 15:10:30,926 del_mongo.py INFO [line:42] {'_id': ObjectId('5c82316f07207a5c49e2b86f'), 'accountType': ['securitiesCash', 'futuresMargin', 'leveragedForeignExchangeAccountMargin'], 'clientId': [ObjectId('5c82316f07207afa6ae2b878')], 'accountNumber': '123654', 'applicationFor': 'individual', 'accountOpeningWay': 'mobile', 'tradeAccountList': [{'_id': ObjectId('5c82316f07207afee2e2b875'), 'type': 'STOCK', 'status': 'success', 'spotCheck': 'notCheck', 'createdTime': 1552036207166.0, 'enabled': True, 'tradeAccount': '123654123', 'accountType': 'securitiesCash'}, {'_id': ObjectId('5c82316f07207a0317e2b874'), 'type': 'FUTURES', 'status': 'success', 'spotCheck': 'notCheck', 'createdTime': 1552036207166.0, 'enabled': True, 'tradeAccount': '123655123', 'accountType': 'futuresMargin'}, {'_id': ObjectId('5c82316f07207a1c55e2b873'), 'type': 'FOREX', 'status': 'success', 'spotCheck': 'notCheck', 'createdTime': 1552036207166.0, 'enabled': True, 'tradeAccount': '123656123', 'accountType': 'leveragedForeignExchangeAccountMargin'}], 'parentPath': '/100000/ceo_t1/ro_t1', 'referralCode': '', 'createBy': '', 'updateBy': '', 'remark': '', 'idpUserId': '6e0b3ede-1d3c-4b05-bc4d-dc97d986cae4', 'createdTime': 1552036207208.0, 'updatedTime': 1552036207208.0}
2019-03-11 15:10:30,926 del_mongo.py INFO [line:83] ***********************************

2019-03-11 15:10:30,927 del_mongo.py INFO [line:84] 没有关联数据,直接删除account 表
2019-03-11 15:10:30,927 del_mongo.py INFO [line:91] ***********************************

2019-03-11 15:10:30,927 del_mongo.py INFO [line:70] client_info 表关联的字段为 applyId : [ObjectId('5c821e70c51316845446d004')]
2019-03-11 15:10:30,927 del_mongo.py INFO [line:71] 正在查询关联表 apply 的数据
2019-03-11 15:10:31,017 del_mongo.py INFO [line:38] apply 表符合查询条件{'_id': ObjectId('5c821e70c51316845446d004')} 的数据有0 条
2019-03-11 15:10:31,196 del_mongo.py INFO [line:83] ***********************************

2019-03-11 15:10:31,196 del_mongo.py INFO [line:84] 没有关联数据,直接删除client_info 表
2019-03-11 15:10:31,197 del_mongo.py INFO [line:91] ***********************************

2019-03-11 15:10:31,197 del_mongo.py INFO [line:31] close Client
2019-03-11 15:10:35,326 del_mongo.py INFO [line:26] 连接数据库uat
2019-03-11 15:10:37,066 del_mongo.py INFO [line:38] client_info 表符合查询条件{'idNumber': '441502199602120215'} 的数据有1 条
2019-03-11 15:10:37,327 del_mongo.py INFO [line:42] {'_id': ObjectId('5c82316f07207afa6ae2b878'), 'accountId': [ObjectId('5c82316f07207a5c49e2b86f')], 'applyId': [ObjectId('5c821e70c51316845446d004')], 'clientSeqId': 2676, 'title': 'mr', 'firstName': 'Qinyuan', 'lastName': 'Zheng', 'chineseName': '郑钦元', 'pastEnglishName': '', 'pastChineseName': '', 'email': 'onedi@qq.com', 'phone': '59394317', 'address': '广东省汕尾市城区新港街道新港海滨居委广场路一巷48号101', 'addressMail': '', 'phoneAreaCode': 'HKG', 'nationality': 'CHN', 'idType': '2', 'idNumber': '441502199602120215', 'countryIssue': 'CHN', 'birthday': 824083200000.0, 'birthPlace': 'CHN', 'employment': 'unemployed', 'employer': '', 'businessType': '', 'occupation': '', 'businessAddress': '', 'businessPhone': '', 'isMaster': '1', 'parentPath': '/100000/ceo_t1/ro_t1', 'riskInfo': {'isApplyToOpenTradingStructure': 'N', 'isTradingStructureAggree': 'N', 'disclaimerVideo': 'video/2KnehiQ16NtJBa6irkJB.mp4', 'passportMaterial': ['video/ckx85xGZnzmNDJrS2W5K.jpg', 'video/paMcD2ex4G02mZ488kcF.jpg'], 'sourceOfWealthOther': '', 'addressVerificationMaterials': [], 'bankCardMaterials': [], 'writtenApplicationMaterials': ['video/jYj0TGae1EPkR41swEjR.pdf'], 'proofOfIncome': [], 'otherInformation': [], 'totalAnnualCustomerRevenueHK': 'lt200000', 'totalAnnualCustomerRevenueHKOther': '', 'customerNetAssetValueHK': 'lt1000000', 'customerNetAssetValueHKOther': '', 'sourceOfWealth': ['savings'], 'securities': '1To5Years', 'CBBC': 'lt1Year', 'warrants': 'lt1Year', 'futures': '1To5Years', 'options': 'lt1Year', 'foreignExchange': 'lt1Year', 'otherInvestmentText': '', 'otherInvestment': '', 'isLearnAboutProducts': 'N', 'isIndustryExperience': 'N', 'isStocks': 'N', 'isBankruptcy': 'N', 'bankruptcyDate': None, 'bankruptcyProve': [], 'isInAgtJobs': 'N', 'agtPosition': '', 'isBondFuturesClientsConnected': 'N', 'agtName': '', 'isAcquaintHighLevel': 'N', 'acquaintHighLevelInstructions': '', 'acquaintHighLevelInstructionsProve': [], 'isAmericanResidents': 'N', 'americanResidentsTaxId': '', 'isAmericanResidentsb': 'N', 'americanResidentsTaxIdb': '', 'isPoliticalFigure': 'N', 'politicalFigureName': '', 'purposeOfInvestment': 'speculation', 'riskTolerance': 'low'}, 'relationWithMasterImmediateFamily': '', 'relationWithMasterOthers': '', 'employedPeriod': '', 'employmentOther': '', 'createdTime': 1552036207605.0, 'updatedTime': 1552036207605.0}
2019-03-11 15:10:37,327 del_mongo.py INFO [line:70] client_info 表关联的字段为 accountId : [ObjectId('5c82316f07207a5c49e2b86f')]
2019-03-11 15:10:37,327 del_mongo.py INFO [line:71] 正在查询关联表 account 的数据
2019-03-11 15:10:37,461 del_mongo.py INFO [line:38] account 表符合查询条件{'_id': ObjectId('5c82316f07207a5c49e2b86f')} 的数据有1 条
2019-03-11 15:10:37,730 del_mongo.py INFO [line:42] {'_id': ObjectId('5c82316f07207a5c49e2b86f'), 'accountType': ['securitiesCash', 'futuresMargin', 'leveragedForeignExchangeAccountMargin'], 'clientId': [ObjectId('5c82316f07207afa6ae2b878')], 'accountNumber': '123654', 'applicationFor': 'individual', 'accountOpeningWay': 'mobile', 'tradeAccountList': [{'_id': ObjectId('5c82316f07207afee2e2b875'), 'type': 'STOCK', 'status': 'success', 'spotCheck': 'notCheck', 'createdTime': 1552036207166.0, 'enabled': True, 'tradeAccount': '123654123', 'accountType': 'securitiesCash'}, {'_id': ObjectId('5c82316f07207a0317e2b874'), 'type': 'FUTURES', 'status': 'success', 'spotCheck': 'notCheck', 'createdTime': 1552036207166.0, 'enabled': True, 'tradeAccount': '123655123', 'accountType': 'futuresMargin'}, {'_id': ObjectId('5c82316f07207a1c55e2b873'), 'type': 'FOREX', 'status': 'success', 'spotCheck': 'notCheck', 'createdTime': 1552036207166.0, 'enabled': True, 'tradeAccount': '123656123', 'accountType': 'leveragedForeignExchangeAccountMargin'}], 'parentPath': '/100000/ceo_t1/ro_t1', 'referralCode': '', 'createBy': '', 'updateBy': '', 'remark': '', 'idpUserId': '6e0b3ede-1d3c-4b05-bc4d-dc97d986cae4', 'createdTime': 1552036207208.0, 'updatedTime': 1552036207208.0}
2019-03-11 15:10:37,730 del_mongo.py INFO [line:83] ***********************************

2019-03-11 15:10:37,730 del_mongo.py INFO [line:84] 没有关联数据,直接删除account 表
2019-03-11 15:10:37,859 del_mongo.py INFO [line:88] {'n': 1, 'opTime': {'ts': Timestamp(1552288240, 1), 't': 85}, 'electionId': ObjectId('7fffffff0000000000000055'), 'ok': 1.0, 'operationTime': Timestamp(1552288240, 1), '$clusterTime': {'clusterTime': Timestamp(1552288240, 1), 'signature': {'hash': b'vDsDCh?\x97\xdat\xd2\x94\x1eD\xbe\xf0\x7fS\x11D', 'keyId': 6605921496684560385}}}
2019-03-11 15:10:37,859 del_mongo.py INFO [line:91] ***********************************

2019-03-11 15:10:37,859 del_mongo.py INFO [line:70] client_info 表关联的字段为 applyId : [ObjectId('5c821e70c51316845446d004')]
2019-03-11 15:10:37,859 del_mongo.py INFO [line:71] 正在查询关联表 apply 的数据
2019-03-11 15:10:37,984 del_mongo.py INFO [line:38] apply 表符合查询条件{'_id': ObjectId('5c821e70c51316845446d004')} 的数据有0 条
2019-03-11 15:10:38,235 del_mongo.py INFO [line:83] ***********************************

2019-03-11 15:10:38,235 del_mongo.py INFO [line:84] 没有关联数据,直接删除client_info 表
2019-03-11 15:10:38,365 del_mongo.py INFO [line:88] {'n': 1, 'opTime': {'ts': Timestamp(1552288240, 2), 't': 85}, 'electionId': ObjectId('7fffffff0000000000000055'), 'ok': 1.0, 'operationTime': Timestamp(1552288240, 2), '$clusterTime': {'clusterTime': Timestamp(1552288240, 2), 'signature': {'hash': b'vDsDCh?\x97\xdat\xd2\x94\x1eD\xbe\xf0\x7fS\x11D', 'keyId': 6605921496684560385}}}
2019-03-11 15:10:38,365 del_mongo.py INFO [line:91] ***********************************

2019-03-11 15:10:38,365 del_mongo.py INFO [line:31] close Client
