2019-06-10 11:24:17,224 del_mongo.py INFO [line:31] 连接数据库uat
2019-06-10 11:24:22,134 del_mongo.py INFO [line:66] apply_info 表符合查询条件{'email': 'onedi@qq.com'} 的数据有1 条
2019-06-10 11:24:22,243 del_mongo.py INFO [line:69] {'_id': ObjectId('5cf640341057998002f7b15d'), 'relationWithMaster': '', 'isMaster': '1', 'applyId': ObjectId('5cf64034105799f6e9f7b146'), 'leadId': '5cf63e3eedce4b50e1566547', 'isFromLead': True, 'title': 'mr', 'lastName': '测试', 'firstName': '新字段', 'birthday': 982080000000.0, 'email': 'onedi@qq.com', 'phone': '15089500000', 'occupation': '', 'employment': 'retired', 'idType': '2', 'idNumber': '566556655665', 'nationality': 'CHN', 'address': 'onedijaslkdj', 'chineseName': '8956666', 'phoneAreaCode': 'CHN', 'addressMail': '22222', 'countryIssue': 'CHN', 'birthPlace': 'CHN', 'employedPeriod': '', 'employer': '', 'businessType': '', 'businessAddress': '', 'businessPhone': '', 'riskInfo': {'isApplyToOpenTradingStructure': 'Y', 'isTradingStructureAggree': 'Y', 'isShowTradingStructureAggree': 'Y', 'isShowApplyToOpenTradingStructure': 'Y', 'isShowAlgoTrade': 'N', 'writtenApplicationMaterials': [], 'otherInformation': [], 'passportMaterial': ['1544166106_85915f113a1eebd6f7a3977e99a32915.jpg'], 'totalAnnualCustomerRevenueHK': 'lt200000', 'customerNetAssetValueHK': 'lt1000000', 'sourceOfWealth': ['wage'], 'securities': '1To5Years', 'CBBC': 'gt10Years', 'warrants': '6To10Years', 'foreignExchange': '6To10Years', 'options': '1To5Years', 'futures': '1To5Years', 'bullion': '6To10Years', 'algoTrade': 'gt10Years', 'isLearnAboutProducts': 'Y', 'isIndustryExperience': 'Y', 'isStocks': 'Y', 'isBankruptcy': 'N', 'isInAgtJobs': 'Y', 'isBondFuturesClientsConnected': 'Y', 'agtPosition': '2222', 'agtName': '33333', 'isAcquaintHighLevel': 'N', 'isAmericanResidents': 'N', 'isAmericanResidentsb': 'Y', 'isPoliticalFigure': 'N', 'americanResidentsTaxIdb': '2323232323', 'purposeOfInvestment': ['hedging', 'asset'], 'riskTolerance': 'medium'}, 'pastEnglishName': '', 'pastChineseName': '', 'idCardAddress': '', 'idTypeOther': '', 'employmentOther': '', 'career': '', 'marriage': '', 'education': '', 'attachment': {}, 'relationWithMasterImmediateFamily': '', 'relationWithMasterOthers': '', 'isReSubmit': '', 'addressRegionProvince': '', 'addressRegionCity': '', 'addressRegionArea': '', 'addressDetailed': '', 'businessAddressRegionProvince': '', 'businessAddressRegionCity': '', 'businessAddressRegionArea': '', 'businessAddressDetailed': '', 'idCardAddressReadOnly': '', 'syncIDAddress': '', 'isHongKongBankCard': '', 'ocrInfo': {}, 'createdTime': 1559642164289.0, 'updatedTime': 1559642164289.0}
2019-06-10 11:24:22,245 del_mongo.py INFO [line:84] apply_info 表关联的字段为 applyId : 5cf64034105799f6e9f7b146
2019-06-10 11:24:22,245 del_mongo.py INFO [line:85] 正在查询关联表 apply 的数据
2019-06-10 11:24:22,295 del_mongo.py INFO [line:66] apply 表符合查询条件{'_id': ObjectId('5cf64034105799f6e9f7b146')} 的数据有1 条
2019-06-10 11:24:22,396 del_mongo.py INFO [line:69] {'_id': ObjectId('5cf64034105799f6e9f7b146'), 'isRoRefuse': '', 'accountType': ['securitiesCash'], 'appBankCardImg': [''], 'applyInfoIds': [ObjectId('5cf640341057998002f7b15d')], 'learnHow': ['searchEngine', 'newspaper'], 'tradingAuthorization': ['1544166106_f4b3c7d721502614b5b650abc24263a5.jpg'], 'tradingAuthorizationBak': [''], 'isRelatedAccounts': ['HK', 'opt'], 'caApplyErr': [''], 'reviewTime': ['{"ops":"1559642716383,552440"}'], 'step': '', 'origin': '', 'idpUserId': '', 'applicationFor': 'individual', 'parentId': 'sales_t1', 'IBparentId': '', 'mailLanguage': 'zh-hans', 'accountOpeningWay': 'visitingAccount', 'appBankName': '', 'appBankAccount': '', 'appCertSn': '', 'appCertDn': '', 'accountNumber': '682542', 'personalInfoDeclartion': 'Y', 'agreeToTheTerms': 'N', 'status': 'success', 'customerSource': 'activity', 'applySeqId': '8740', 'roApprovalList': [{'isApproval': False, '_id': ObjectId('5cf640341057994b72f7b159'), 'username': 'cliff_test', 'usertype': 'securitiesRo'}, {'isApproval': False, '_id': ObjectId('5cf640341057997ed6f7b158'), 'username': 'ro_cliff', 'usertype': 'securitiesRo'}, {'isApproval': False, '_id': ObjectId('5cf64034105799408df7b157'), 'username': 'ro1_cliff', 'usertype': 'securitiesRo'}, {'isApproval': False, '_id': ObjectId('5cf64034105799f894f7b156'), 'username': 'ro_one', 'usertype': 'securitiesRo'}, {'isApproval': False, '_id': ObjectId('5cf640341057993b19f7b155'), 'username': 'aaron_chan', 'usertype': 'securitiesRo'}, {'isApproval': False, '_id': ObjectId('5cf64034105799edfff7b154'), 'username': 'onedi.admin', 'usertype': 'securitiesRo'}], 'leadId': '5cf63e3eedce4b50e1566547', 'isFromLead': True, 'parentPath': '/100000/ceo_t1/ro_t1/sales_t1', 'currency': 'HKD', 'bankAccount': [{'_id': ObjectId('5cf64034105799b3e8f7b15a'), 'currency': 'HKD', 'name': '233223', 'number': '2323', 'holder': '23322323'}], 'isHongKongBankCard': '', 'isMarginAccount': 'N', 'marginAccountName': '', 'marginAccountNumber': '', 'isDiscretion': 'N', 'discretionName': '', 'discretionNumber': '', 'isCompanyAccounts': 'Y', 'companyAccountsName': '212112', 'companyAccountsNumber': '12234234234', 'learnHowCode': '', 'learnHowOther': '', 'isBeneficiary': 'Y', 'beneficiaryName': '', 'isOrders': 'N', 'ordersName': '24234234', 'relatedAccountsOpt': [{'_id': ObjectId('5cf64034105799f7bbf7b15b'), 'residenceJurisdiction': '24234234', 'taxId': '234234'}], 'referralCode': '', 'signatureCoords': [{'_id': ObjectId('5c3ee2c33dc2063f0894a6dd'), 'pageNo': 13, 'x': 130, 'y': 602}, {'_id': ObjectId('5c3ee2c33dc20649d894a6dc'), 'pageNo': 14, 'x': 130, 'y': 83}, {'_id': ObjectId('5c3ee2c33dc20633a794a6db'), 'pageNo': 16, 'x': 130, 'y': 165}, {'_id': ObjectId('5cc550fbe0d90d746063bac7'), 'pageNo': 15, 'x': 130, 'y': 185}, {'_id': ObjectId('5cc55141e0d90d746063bac8'), 'pageNo': 17, 'x': 130, 'y': 185}], 'signatureSize': {'xDpi': '630', 'yDpi': '630'}, 'submitTime': 1559642163943.0, 'createdTime': 1559642163943.0, 'updatedTime': 1559642163943.0, 'remark': '', 'reason': '', 'principal': '', 'appBankPhone': '', 'appFileId': '', 'openlocation': '', 'isReSubmit': '', 'signatureFile': '', 'appVersion': '', 'deviceModel': '', 'isContactClient': '', 'reSubmitTime': None, 'LearnHowCodeOps': 'N', 'isHideGeneratePdfPage': '', 'isCommonService': '', 'refuseBy': ''}
2019-06-10 11:24:22,396 del_mongo.py INFO [line:103] apply 表关联的字段为 applyInfoIds : [ObjectId('5cf640341057998002f7b15d')]
2019-06-10 11:24:22,396 del_mongo.py INFO [line:104] 正在查询关联表 apply_info 的数据
2019-06-10 11:24:22,447 del_mongo.py INFO [line:66] apply_info 表符合查询条件{'_id': ObjectId('5cf640341057998002f7b15d')} 的数据有1 条
2019-06-10 11:24:22,548 del_mongo.py INFO [line:69] {'_id': ObjectId('5cf640341057998002f7b15d'), 'relationWithMaster': '', 'isMaster': '1', 'applyId': ObjectId('5cf64034105799f6e9f7b146'), 'leadId': '5cf63e3eedce4b50e1566547', 'isFromLead': True, 'title': 'mr', 'lastName': '测试', 'firstName': '新字段', 'birthday': 982080000000.0, 'email': 'onedi@qq.com', 'phone': '15089500000', 'occupation': '', 'employment': 'retired', 'idType': '2', 'idNumber': '566556655665', 'nationality': 'CHN', 'address': 'onedijaslkdj', 'chineseName': '8956666', 'phoneAreaCode': 'CHN', 'addressMail': '22222', 'countryIssue': 'CHN', 'birthPlace': 'CHN', 'employedPeriod': '', 'employer': '', 'businessType': '', 'businessAddress': '', 'businessPhone': '', 'riskInfo': {'isApplyToOpenTradingStructure': 'Y', 'isTradingStructureAggree': 'Y', 'isShowTradingStructureAggree': 'Y', 'isShowApplyToOpenTradingStructure': 'Y', 'isShowAlgoTrade': 'N', 'writtenApplicationMaterials': [], 'otherInformation': [], 'passportMaterial': ['1544166106_85915f113a1eebd6f7a3977e99a32915.jpg'], 'totalAnnualCustomerRevenueHK': 'lt200000', 'customerNetAssetValueHK': 'lt1000000', 'sourceOfWealth': ['wage'], 'securities': '1To5Years', 'CBBC': 'gt10Years', 'warrants': '6To10Years', 'foreignExchange': '6To10Years', 'options': '1To5Years', 'futures': '1To5Years', 'bullion': '6To10Years', 'algoTrade': 'gt10Years', 'isLearnAboutProducts': 'Y', 'isIndustryExperience': 'Y', 'isStocks': 'Y', 'isBankruptcy': 'N', 'isInAgtJobs': 'Y', 'isBondFuturesClientsConnected': 'Y', 'agtPosition': '2222', 'agtName': '33333', 'isAcquaintHighLevel': 'N', 'isAmericanResidents': 'N', 'isAmericanResidentsb': 'Y', 'isPoliticalFigure': 'N', 'americanResidentsTaxIdb': '2323232323', 'purposeOfInvestment': ['hedging', 'asset'], 'riskTolerance': 'medium'}, 'pastEnglishName': '', 'pastChineseName': '', 'idCardAddress': '', 'idTypeOther': '', 'employmentOther': '', 'career': '', 'marriage': '', 'education': '', 'attachment': {}, 'relationWithMasterImmediateFamily': '', 'relationWithMasterOthers': '', 'isReSubmit': '', 'addressRegionProvince': '', 'addressRegionCity': '', 'addressRegionArea': '', 'addressDetailed': '', 'businessAddressRegionProvince': '', 'businessAddressRegionCity': '', 'businessAddressRegionArea': '', 'businessAddressDetailed': '', 'idCardAddressReadOnly': '', 'syncIDAddress': '', 'isHongKongBankCard': '', 'ocrInfo': {}, 'createdTime': 1559642164289.0, 'updatedTime': 1559642164289.0}
2019-06-10 11:24:22,548 del_mongo.py INFO [line:119] apply 表关联的字段为 idpUserId : 
2019-06-10 11:24:22,548 del_mongo.py INFO [line:120] 正在查询关联表 users 的数据
2019-06-10 11:24:22,598 del_mongo.py INFO [line:66] users 表符合查询条件{'subject': ''} 的数据有0 条
2019-06-10 11:24:22,699 del_mongo.py INFO [line:152] ***********************************

2019-06-10 11:24:22,699 del_mongo.py INFO [line:153] 没有关联数据,直接删除apply 表
2019-06-10 11:24:22,750 del_mongo.py INFO [line:167] <pymongo.results.DeleteResult object at 0x000002AC2CC00748>
2019-06-10 11:24:22,750 del_mongo.py INFO [line:171] ***********************************

2019-06-10 11:24:22,750 del_mongo.py INFO [line:152] ***********************************

2019-06-10 11:24:22,750 del_mongo.py INFO [line:153] 没有关联数据,直接删除apply_info 表
2019-06-10 11:24:22,803 del_mongo.py INFO [line:167] <pymongo.results.DeleteResult object at 0x000002AC2CC05F88>
2019-06-10 11:24:22,803 del_mongo.py INFO [line:171] ***********************************

2019-06-10 11:24:22,804 del_mongo.py INFO [line:37] close Client
2019-06-10 11:24:22,854 del_mongo.py INFO [line:44] apply_info 表预计删除 1 条记录
2019-06-10 11:24:22,854 del_mongo.py INFO [line:44] apply 表预计删除 1 条记录
2019-06-10 11:24:22,854 del_mongo.py INFO [line:51] apply_info 表实际删除 1 条记录
2019-06-10 11:24:22,854 del_mongo.py INFO [line:51] apply 表实际删除 1 条记录
2019-06-10 11:24:46,716 del_mongo.py INFO [line:31] 连接数据库uat
2019-06-10 11:24:51,828 del_mongo.py INFO [line:66] client_info 表符合查询条件{'email': 'onedi@qq.com'} 的数据有1 条
2019-06-10 11:24:51,934 del_mongo.py INFO [line:69] {'_id': ObjectId('5cf6425ae29ad330e7553f46'), 'accountId': [ObjectId('5cf6425ae29ad30690553f41')], 'applyId': [ObjectId('5cf64034105799f6e9f7b146')], 'clientSeqId': 2937, 'title': 'mr', 'firstName': '新字段', 'lastName': '测试', 'chineseName': '8956666', 'pastEnglishName': '', 'pastChineseName': '', 'email': 'onedi@qq.com', 'phone': '15089500000', 'address': 'onedijaslkdj', 'addressMail': '22222', 'phoneAreaCode': 'CHN', 'nationality': 'CHN', 'idType': '2', 'idNumber': '566556655665', 'countryIssue': 'CHN', 'birthday': 982080000000.0, 'birthPlace': 'CHN', 'employment': 'retired', 'employer': '', 'businessType': '', 'occupation': '', 'businessAddress': '', 'businessPhone': '', 'isMaster': '1', 'parentPath': '/100000/ceo_t1/ro_t1/sales_t1', 'riskInfo': {'isApplyToOpenTradingStructure': 'Y', 'isTradingStructureAggree': 'Y', 'isShowTradingStructureAggree': 'Y', 'isShowApplyToOpenTradingStructure': 'Y', 'isShowAlgoTrade': 'N', 'writtenApplicationMaterials': [], 'otherInformation': [], 'passportMaterial': ['1544166106_85915f113a1eebd6f7a3977e99a32915.jpg'], 'totalAnnualCustomerRevenueHK': 'lt200000', 'customerNetAssetValueHK': 'lt1000000', 'sourceOfWealth': ['wage'], 'securities': '1To5Years', 'CBBC': 'gt10Years', 'warrants': '6To10Years', 'foreignExchange': '6To10Years', 'options': '1To5Years', 'futures': '1To5Years', 'bullion': '6To10Years', 'algoTrade': 'gt10Years', 'isLearnAboutProducts': 'Y', 'isIndustryExperience': 'Y', 'isStocks': 'Y', 'isBankruptcy': 'N', 'isInAgtJobs': 'Y', 'isBondFuturesClientsConnected': 'Y', 'agtPosition': '2222', 'agtName': '33333', 'isAcquaintHighLevel': 'N', 'isAmericanResidents': 'N', 'isAmericanResidentsb': 'Y', 'isPoliticalFigure': 'N', 'americanResidentsTaxIdb': '2323232323', 'purposeOfInvestment': ['hedging', 'asset'], 'riskTolerance': 'medium'}, 'relationWithMasterImmediateFamily': '', 'relationWithMasterOthers': '', 'employedPeriod': '', 'employmentOther': '', 'createdTime': 1559642715002.0, 'updatedTime': 1559642715002.0}
2019-06-10 11:24:51,934 del_mongo.py INFO [line:103] client_info 表关联的字段为 accountId : [ObjectId('5cf6425ae29ad30690553f41')]
2019-06-10 11:24:51,934 del_mongo.py INFO [line:104] 正在查询关联表 account 的数据
2019-06-10 11:24:51,987 del_mongo.py INFO [line:66] account 表符合查询条件{'_id': ObjectId('5cf6425ae29ad30690553f41')} 的数据有1 条
2019-06-10 11:24:52,092 del_mongo.py INFO [line:69] {'_id': ObjectId('5cf6425ae29ad30690553f41'), 'accountType': ['securitiesCash'], 'clientId': [ObjectId('5cf6425ae29ad330e7553f46')], 'accountNumber': '682542', 'applicationFor': 'individual', 'accountOpeningWay': 'visitingAccount', 'tradeAccountList': [{'_id': ObjectId('5cf6425ae29ad30665553f43'), 'type': 'STOCK', 'status': 'success', 'spotCheck': 'notCheck', 'createdTime': 1559642714063.0, 'enabled': True, 'tradeAccount': '441526235', 'tradeAccountType': '', 'accountType': 'securitiesCash'}], 'parentPath': '/100000/ceo_t1/ro_t1/sales_t1', 'referralCode': '', 'createBy': '', 'updateBy': '', 'remark': '', 'idpUserId': '', 'createdTime': 1559642714422.0, 'updatedTime': 1559642714422.0}
2019-06-10 11:24:52,092 del_mongo.py INFO [line:103] account 表关联的字段为 clientId : [ObjectId('5cf6425ae29ad330e7553f46')]
2019-06-10 11:24:52,092 del_mongo.py INFO [line:104] 正在查询关联表 client_info 的数据
2019-06-10 11:24:52,144 del_mongo.py INFO [line:66] client_info 表符合查询条件{'_id': ObjectId('5cf6425ae29ad330e7553f46')} 的数据有1 条
2019-06-10 11:24:52,251 del_mongo.py INFO [line:69] {'_id': ObjectId('5cf6425ae29ad330e7553f46'), 'accountId': [ObjectId('5cf6425ae29ad30690553f41')], 'applyId': [ObjectId('5cf64034105799f6e9f7b146')], 'clientSeqId': 2937, 'title': 'mr', 'firstName': '新字段', 'lastName': '测试', 'chineseName': '8956666', 'pastEnglishName': '', 'pastChineseName': '', 'email': 'onedi@qq.com', 'phone': '15089500000', 'address': 'onedijaslkdj', 'addressMail': '22222', 'phoneAreaCode': 'CHN', 'nationality': 'CHN', 'idType': '2', 'idNumber': '566556655665', 'countryIssue': 'CHN', 'birthday': 982080000000.0, 'birthPlace': 'CHN', 'employment': 'retired', 'employer': '', 'businessType': '', 'occupation': '', 'businessAddress': '', 'businessPhone': '', 'isMaster': '1', 'parentPath': '/100000/ceo_t1/ro_t1/sales_t1', 'riskInfo': {'isApplyToOpenTradingStructure': 'Y', 'isTradingStructureAggree': 'Y', 'isShowTradingStructureAggree': 'Y', 'isShowApplyToOpenTradingStructure': 'Y', 'isShowAlgoTrade': 'N', 'writtenApplicationMaterials': [], 'otherInformation': [], 'passportMaterial': ['1544166106_85915f113a1eebd6f7a3977e99a32915.jpg'], 'totalAnnualCustomerRevenueHK': 'lt200000', 'customerNetAssetValueHK': 'lt1000000', 'sourceOfWealth': ['wage'], 'securities': '1To5Years', 'CBBC': 'gt10Years', 'warrants': '6To10Years', 'foreignExchange': '6To10Years', 'options': '1To5Years', 'futures': '1To5Years', 'bullion': '6To10Years', 'algoTrade': 'gt10Years', 'isLearnAboutProducts': 'Y', 'isIndustryExperience': 'Y', 'isStocks': 'Y', 'isBankruptcy': 'N', 'isInAgtJobs': 'Y', 'isBondFuturesClientsConnected': 'Y', 'agtPosition': '2222', 'agtName': '33333', 'isAcquaintHighLevel': 'N', 'isAmericanResidents': 'N', 'isAmericanResidentsb': 'Y', 'isPoliticalFigure': 'N', 'americanResidentsTaxIdb': '2323232323', 'purposeOfInvestment': ['hedging', 'asset'], 'riskTolerance': 'medium'}, 'relationWithMasterImmediateFamily': '', 'relationWithMasterOthers': '', 'employedPeriod': '', 'employmentOther': '', 'createdTime': 1559642715002.0, 'updatedTime': 1559642715002.0}
2019-06-10 11:24:52,251 del_mongo.py INFO [line:119] account 表关联的字段为 idpUserId : 
2019-06-10 11:24:52,251 del_mongo.py INFO [line:120] 正在查询关联表 users 的数据
2019-06-10 11:24:52,303 del_mongo.py INFO [line:66] users 表符合查询条件{'subject': ''} 的数据有0 条
2019-06-10 11:24:52,407 del_mongo.py INFO [line:152] ***********************************

2019-06-10 11:24:52,407 del_mongo.py INFO [line:153] 没有关联数据,直接删除account 表
2019-06-10 11:24:52,407 del_mongo.py INFO [line:171] ***********************************

2019-06-10 11:24:52,407 del_mongo.py INFO [line:103] client_info 表关联的字段为 applyId : [ObjectId('5cf64034105799f6e9f7b146')]
2019-06-10 11:24:52,407 del_mongo.py INFO [line:104] 正在查询关联表 apply 的数据
2019-06-10 11:24:52,458 del_mongo.py INFO [line:66] apply 表符合查询条件{'_id': ObjectId('5cf64034105799f6e9f7b146')} 的数据有0 条
2019-06-10 11:24:52,564 del_mongo.py INFO [line:152] ***********************************

2019-06-10 11:24:52,564 del_mongo.py INFO [line:153] 没有关联数据,直接删除client_info 表
2019-06-10 11:24:52,564 del_mongo.py INFO [line:171] ***********************************

2019-06-10 11:24:52,564 del_mongo.py INFO [line:37] close Client
2019-06-10 11:24:52,617 del_mongo.py INFO [line:44] client_info 表预计删除 1 条记录
2019-06-10 11:24:52,617 del_mongo.py INFO [line:44] account 表预计删除 1 条记录
2019-06-10 11:24:55,024 del_mongo.py INFO [line:31] 连接数据库uat
2019-06-10 11:24:59,899 del_mongo.py INFO [line:66] client_info 表符合查询条件{'email': 'onedi@qq.com'} 的数据有1 条
2019-06-10 11:25:00,003 del_mongo.py INFO [line:69] {'_id': ObjectId('5cf6425ae29ad330e7553f46'), 'accountId': [ObjectId('5cf6425ae29ad30690553f41')], 'applyId': [ObjectId('5cf64034105799f6e9f7b146')], 'clientSeqId': 2937, 'title': 'mr', 'firstName': '新字段', 'lastName': '测试', 'chineseName': '8956666', 'pastEnglishName': '', 'pastChineseName': '', 'email': 'onedi@qq.com', 'phone': '15089500000', 'address': 'onedijaslkdj', 'addressMail': '22222', 'phoneAreaCode': 'CHN', 'nationality': 'CHN', 'idType': '2', 'idNumber': '566556655665', 'countryIssue': 'CHN', 'birthday': 982080000000.0, 'birthPlace': 'CHN', 'employment': 'retired', 'employer': '', 'businessType': '', 'occupation': '', 'businessAddress': '', 'businessPhone': '', 'isMaster': '1', 'parentPath': '/100000/ceo_t1/ro_t1/sales_t1', 'riskInfo': {'isApplyToOpenTradingStructure': 'Y', 'isTradingStructureAggree': 'Y', 'isShowTradingStructureAggree': 'Y', 'isShowApplyToOpenTradingStructure': 'Y', 'isShowAlgoTrade': 'N', 'writtenApplicationMaterials': [], 'otherInformation': [], 'passportMaterial': ['1544166106_85915f113a1eebd6f7a3977e99a32915.jpg'], 'totalAnnualCustomerRevenueHK': 'lt200000', 'customerNetAssetValueHK': 'lt1000000', 'sourceOfWealth': ['wage'], 'securities': '1To5Years', 'CBBC': 'gt10Years', 'warrants': '6To10Years', 'foreignExchange': '6To10Years', 'options': '1To5Years', 'futures': '1To5Years', 'bullion': '6To10Years', 'algoTrade': 'gt10Years', 'isLearnAboutProducts': 'Y', 'isIndustryExperience': 'Y', 'isStocks': 'Y', 'isBankruptcy': 'N', 'isInAgtJobs': 'Y', 'isBondFuturesClientsConnected': 'Y', 'agtPosition': '2222', 'agtName': '33333', 'isAcquaintHighLevel': 'N', 'isAmericanResidents': 'N', 'isAmericanResidentsb': 'Y', 'isPoliticalFigure': 'N', 'americanResidentsTaxIdb': '2323232323', 'purposeOfInvestment': ['hedging', 'asset'], 'riskTolerance': 'medium'}, 'relationWithMasterImmediateFamily': '', 'relationWithMasterOthers': '', 'employedPeriod': '', 'employmentOther': '', 'createdTime': 1559642715002.0, 'updatedTime': 1559642715002.0}
2019-06-10 11:25:00,003 del_mongo.py INFO [line:103] client_info 表关联的字段为 accountId : [ObjectId('5cf6425ae29ad30690553f41')]
2019-06-10 11:25:00,003 del_mongo.py INFO [line:104] 正在查询关联表 account 的数据
2019-06-10 11:25:00,053 del_mongo.py INFO [line:66] account 表符合查询条件{'_id': ObjectId('5cf6425ae29ad30690553f41')} 的数据有1 条
2019-06-10 11:25:00,155 del_mongo.py INFO [line:69] {'_id': ObjectId('5cf6425ae29ad30690553f41'), 'accountType': ['securitiesCash'], 'clientId': [ObjectId('5cf6425ae29ad330e7553f46')], 'accountNumber': '682542', 'applicationFor': 'individual', 'accountOpeningWay': 'visitingAccount', 'tradeAccountList': [{'_id': ObjectId('5cf6425ae29ad30665553f43'), 'type': 'STOCK', 'status': 'success', 'spotCheck': 'notCheck', 'createdTime': 1559642714063.0, 'enabled': True, 'tradeAccount': '441526235', 'tradeAccountType': '', 'accountType': 'securitiesCash'}], 'parentPath': '/100000/ceo_t1/ro_t1/sales_t1', 'referralCode': '', 'createBy': '', 'updateBy': '', 'remark': '', 'idpUserId': '', 'createdTime': 1559642714422.0, 'updatedTime': 1559642714422.0}
2019-06-10 11:25:00,155 del_mongo.py INFO [line:103] account 表关联的字段为 clientId : [ObjectId('5cf6425ae29ad330e7553f46')]
2019-06-10 11:25:00,155 del_mongo.py INFO [line:104] 正在查询关联表 client_info 的数据
2019-06-10 11:25:00,206 del_mongo.py INFO [line:66] client_info 表符合查询条件{'_id': ObjectId('5cf6425ae29ad330e7553f46')} 的数据有1 条
2019-06-10 11:25:00,308 del_mongo.py INFO [line:69] {'_id': ObjectId('5cf6425ae29ad330e7553f46'), 'accountId': [ObjectId('5cf6425ae29ad30690553f41')], 'applyId': [ObjectId('5cf64034105799f6e9f7b146')], 'clientSeqId': 2937, 'title': 'mr', 'firstName': '新字段', 'lastName': '测试', 'chineseName': '8956666', 'pastEnglishName': '', 'pastChineseName': '', 'email': 'onedi@qq.com', 'phone': '15089500000', 'address': 'onedijaslkdj', 'addressMail': '22222', 'phoneAreaCode': 'CHN', 'nationality': 'CHN', 'idType': '2', 'idNumber': '566556655665', 'countryIssue': 'CHN', 'birthday': 982080000000.0, 'birthPlace': 'CHN', 'employment': 'retired', 'employer': '', 'businessType': '', 'occupation': '', 'businessAddress': '', 'businessPhone': '', 'isMaster': '1', 'parentPath': '/100000/ceo_t1/ro_t1/sales_t1', 'riskInfo': {'isApplyToOpenTradingStructure': 'Y', 'isTradingStructureAggree': 'Y', 'isShowTradingStructureAggree': 'Y', 'isShowApplyToOpenTradingStructure': 'Y', 'isShowAlgoTrade': 'N', 'writtenApplicationMaterials': [], 'otherInformation': [], 'passportMaterial': ['1544166106_85915f113a1eebd6f7a3977e99a32915.jpg'], 'totalAnnualCustomerRevenueHK': 'lt200000', 'customerNetAssetValueHK': 'lt1000000', 'sourceOfWealth': ['wage'], 'securities': '1To5Years', 'CBBC': 'gt10Years', 'warrants': '6To10Years', 'foreignExchange': '6To10Years', 'options': '1To5Years', 'futures': '1To5Years', 'bullion': '6To10Years', 'algoTrade': 'gt10Years', 'isLearnAboutProducts': 'Y', 'isIndustryExperience': 'Y', 'isStocks': 'Y', 'isBankruptcy': 'N', 'isInAgtJobs': 'Y', 'isBondFuturesClientsConnected': 'Y', 'agtPosition': '2222', 'agtName': '33333', 'isAcquaintHighLevel': 'N', 'isAmericanResidents': 'N', 'isAmericanResidentsb': 'Y', 'isPoliticalFigure': 'N', 'americanResidentsTaxIdb': '2323232323', 'purposeOfInvestment': ['hedging', 'asset'], 'riskTolerance': 'medium'}, 'relationWithMasterImmediateFamily': '', 'relationWithMasterOthers': '', 'employedPeriod': '', 'employmentOther': '', 'createdTime': 1559642715002.0, 'updatedTime': 1559642715002.0}
2019-06-10 11:25:00,308 del_mongo.py INFO [line:119] account 表关联的字段为 idpUserId : 
2019-06-10 11:25:00,308 del_mongo.py INFO [line:120] 正在查询关联表 users 的数据
2019-06-10 11:25:00,359 del_mongo.py INFO [line:66] users 表符合查询条件{'subject': ''} 的数据有0 条
2019-06-10 11:25:00,460 del_mongo.py INFO [line:152] ***********************************

2019-06-10 11:25:00,460 del_mongo.py INFO [line:153] 没有关联数据,直接删除account 表
2019-06-10 11:25:00,511 del_mongo.py INFO [line:167] <pymongo.results.DeleteResult object at 0x000001A64A20A648>
2019-06-10 11:25:00,512 del_mongo.py INFO [line:171] ***********************************

2019-06-10 11:25:00,512 del_mongo.py INFO [line:103] client_info 表关联的字段为 applyId : [ObjectId('5cf64034105799f6e9f7b146')]
2019-06-10 11:25:00,512 del_mongo.py INFO [line:104] 正在查询关联表 apply 的数据
2019-06-10 11:25:00,564 del_mongo.py INFO [line:66] apply 表符合查询条件{'_id': ObjectId('5cf64034105799f6e9f7b146')} 的数据有0 条
2019-06-10 11:25:00,666 del_mongo.py INFO [line:152] ***********************************

2019-06-10 11:25:00,666 del_mongo.py INFO [line:153] 没有关联数据,直接删除client_info 表
2019-06-10 11:25:00,718 del_mongo.py INFO [line:167] <pymongo.results.DeleteResult object at 0x000001A64A20A648>
2019-06-10 11:25:00,718 del_mongo.py INFO [line:171] ***********************************

2019-06-10 11:25:00,718 del_mongo.py INFO [line:37] close Client
2019-06-10 11:25:00,769 del_mongo.py INFO [line:44] account 表预计删除 1 条记录
2019-06-10 11:25:00,769 del_mongo.py INFO [line:44] client_info 表预计删除 1 条记录
2019-06-10 11:25:00,769 del_mongo.py INFO [line:51] account 表实际删除 1 条记录
2019-06-10 11:25:00,769 del_mongo.py INFO [line:51] client_info 表实际删除 1 条记录
