2019-04-15 15:26:06,887 del_mongo.py INFO [line:27] 连接数据库uat
2019-04-15 15:26:08,970 del_mongo.py INFO [line:43] client_info 表符合查询条件{'phone': '15815873756'} 的数据有1 条
2019-04-15 15:26:09,245 del_mongo.py INFO [line:47] {'_id': ObjectId('5cb05bbb7bf41cfabb5851cf'), 'accountId': [ObjectId('5cb05bbb7bf41c057f5851c8')], 'applyId': [ObjectId('5cb05926e8f58f22fa415902')], 'clientSeqId': 2841, 'title': 'mr', 'firstName': 'Huajun', 'lastName': 'Deng', 'chineseName': '邓华俊', 'pastEnglishName': '', 'pastChineseName': '', 'email': '794942392@qq.com', 'phone': '15815873756', 'address': '湖南省祁阳县大忠桥镇镰头湾村4组', 'addressMail': '', 'phoneAreaCode': 'CHN', 'nationality': 'CHN', 'idType': '2', 'idNumber': '431121199601081731', 'countryIssue': 'CHN', 'birthday': 821059200000.0, 'birthPlace': 'CHN', 'employment': 'unemployed', 'employer': '', 'businessType': '', 'occupation': '', 'businessAddress': '', 'businessPhone': '', 'isMaster': '1', 'parentPath': '/100000/ceo_t1/ro_t1/kwokwah.wong', 'riskInfo': {'isApplyToOpenTradingStructure': 'N', 'isTradingStructureAggree': 'N', 'disclaimerVideo': 'c2ebba1e-bda7-4cc4-8a23-aa2fe27dc994.mp4', 'passportMaterial': ['87693295-3814-4f4c-9810-663c29a317a2.jpg', 'b2e638f2-1df6-4762-a5e0-fa8b45b69946.jpg'], 'sourceOfWealthOther': '', 'addressVerificationMaterials': [], 'bankCardMaterials': [], 'writtenApplicationMaterials': ['2d22969c-4505-41c2-8b4d-93cf3c9f827f.pdf'], 'proofOfIncome': [], 'otherInformation': ['ae644711-213f-4800-b51f-c70b45a726d0.jpg'], 'totalAnnualCustomerRevenueHK': 'lt500000', 'totalAnnualCustomerRevenueHKOther': 'ggfj', 'customerNetAssetValueHK': 'lt8000000', 'customerNetAssetValueHKOther': '', 'sourceOfWealth': ['investment'], 'securities': '1To5Years', 'CBBC': 'lt1Year', 'warrants': 'lt1Year', 'futures': '1To5Years', 'options': 'lt1Year', 'algoTrade': '1To5Years', 'isAlgoTrade': 'N', 'isAlgoTradeAggree': 'N', 'bullion': 'lt1Year', 'foreignExchange': 'lt1Year', 'otherInvestmentText': '', 'otherInvestment': '', 'isLearnAboutProducts': 'N', 'isIndustryExperience': 'N', 'isStocks': 'N', 'isBankruptcy': 'N', 'bankruptcyDate': None, 'bankruptcyProve': [], 'isInAgtJobs': 'N', 'agtPosition': '', 'isBondFuturesClientsConnected': 'N', 'agtName': '', 'isAcquaintHighLevel': 'N', 'acquaintHighLevelInstructions': '', 'acquaintHighLevelInstructionsProve': [], 'isAmericanResidents': 'N', 'americanResidentsTaxId': '', 'isAmericanResidentsb': 'N', 'americanResidentsTaxIdb': '', 'isPoliticalFigure': 'N', 'politicalFigureName': '', 'purposeOfInvestment': 'asset', 'riskTolerance': 'medium'}, 'relationWithMasterImmediateFamily': '', 'relationWithMasterOthers': '', 'employedPeriod': '', 'employmentOther': '', 'createdTime': 1555061691447.0, 'updatedTime': 1555061691447.0}
2019-04-15 15:26:09,253 del_mongo.py INFO [line:76] client_info 表关联的字段为 accountId : [ObjectId('5cb05bbb7bf41c057f5851c8')]
2019-04-15 15:26:09,253 del_mongo.py INFO [line:77] 正在查询关联表 account 的数据
2019-04-15 15:26:09,386 del_mongo.py INFO [line:43] account 表符合查询条件{'_id': ObjectId('5cb05bbb7bf41c057f5851c8')} 的数据有1 条
2019-04-15 15:26:09,644 del_mongo.py INFO [line:47] {'_id': ObjectId('5cb05bbb7bf41c057f5851c8'), 'accountType': ['leveragedForeignExchangeAccountMargin', 'bullionMargin'], 'clientId': [ObjectId('5cb05bbb7bf41cfabb5851cf')], 'accountNumber': '123111', 'applicationFor': 'individual', 'accountOpeningWay': 'electronicAuth', 'tradeAccountList': [{'_id': ObjectId('5cb05bbb7bf41c5cf45851cc'), 'type': 'FOREX', 'status': 'success', 'spotCheck': 'notCheck', 'createdTime': 1555061691131.0, 'enabled': True, 'tradeAccount': '123112', 'tradeAccountType': 'mt5', 'accountType': 'leveragedForeignExchangeAccountMargin'}, {'_id': ObjectId('5cb05bbb7bf41c64ae5851cb'), 'type': 'PM', 'status': 'success', 'spotCheck': 'notCheck', 'createdTime': 1555061691131.0, 'enabled': True, 'tradeAccount': '123113', 'tradeAccountType': '', 'accountType': 'bullionMargin'}], 'parentPath': '/100000/ceo_t1/ro_t1/kwokwah.wong', 'referralCode': '200101', 'createBy': '', 'updateBy': '', 'remark': '', 'idpUserId': '8ef489ca-b195-4572-b789-247d4e648ba4', 'createdTime': 1555061691150.0, 'updatedTime': 1555061691150.0}
2019-04-15 15:26:09,645 del_mongo.py INFO [line:92] account 表关联的字段为 idpUserId : 8ef489ca-b195-4572-b789-247d4e648ba4
2019-04-15 15:26:09,645 del_mongo.py INFO [line:93] 正在查询关联表 users 的数据
2019-04-15 15:26:09,774 del_mongo.py INFO [line:43] users 表符合查询条件{'subject': '8ef489ca-b195-4572-b789-247d4e648ba4'} 的数据有0 条
2019-04-15 15:26:10,042 del_mongo.py INFO [line:108] ***********************************

2019-04-15 15:26:10,042 del_mongo.py INFO [line:109] 没有关联数据,直接删除account 表
2019-04-15 15:26:10,180 del_mongo.py INFO [line:117] {'n': 1, 'opTime': {'ts': Timestamp(1555313175, 1), 't': 99}, 'electionId': ObjectId('7fffffff0000000000000063'), 'ok': 1.0, 'operationTime': Timestamp(1555313175, 1), '$clusterTime': {'clusterTime': Timestamp(1555313175, 1), 'signature': {'hash': b'\xda\xc6\xaa\x81\x9b\xaaCmV\x80\xbc\xe6\xce\xa9\t\xe9\x1f\x82\xb3\x87', 'keyId': 6636138069080670209}}}
2019-04-15 15:26:10,180 del_mongo.py INFO [line:120] ***********************************

2019-04-15 15:26:10,180 del_mongo.py INFO [line:76] client_info 表关联的字段为 applyId : [ObjectId('5cb05926e8f58f22fa415902')]
2019-04-15 15:26:10,180 del_mongo.py INFO [line:77] 正在查询关联表 apply 的数据
2019-04-15 15:26:10,317 del_mongo.py INFO [line:43] apply 表符合查询条件{'_id': ObjectId('5cb05926e8f58f22fa415902')} 的数据有0 条
2019-04-15 15:26:10,585 del_mongo.py INFO [line:108] ***********************************

2019-04-15 15:26:10,585 del_mongo.py INFO [line:109] 没有关联数据,直接删除client_info 表
2019-04-15 15:26:10,716 del_mongo.py INFO [line:117] {'n': 1, 'opTime': {'ts': Timestamp(1555313176, 1), 't': 99}, 'electionId': ObjectId('7fffffff0000000000000063'), 'ok': 1.0, 'operationTime': Timestamp(1555313176, 1), '$clusterTime': {'clusterTime': Timestamp(1555313176, 1), 'signature': {'hash': b'Cu\xc6.\xa6\x87/\x9dL\xa6\x90:\xed\xe0\xab(\x9e!\xb3%', 'keyId': 6636138069080670209}}}
2019-04-15 15:26:10,716 del_mongo.py INFO [line:120] ***********************************

2019-04-15 15:26:10,716 del_mongo.py INFO [line:33] close Client
