2019-03-04 14:21:06,058 del_mongo.py INFO [line:25] 连接数据库test7
2019-03-04 14:21:06,075 del_mongo.py INFO [line:37] client_info 表符合查询条件{'idNumber': '4311211838'} 的数据有0 条
2019-03-04 14:21:06,078 del_mongo.py INFO [line:30] close Client
2019-03-04 14:21:35,555 del_mongo.py INFO [line:25] 连接数据库test7
2019-03-04 14:21:35,563 del_mongo.py INFO [line:37] client_info 表符合查询条件{'idNumber': '43113115'} 的数据有1 条
2019-03-04 14:21:35,566 del_mongo.py INFO [line:41] {'_id': ObjectId('5c77739da9196dfc827cb638'), 'accountId': [ObjectId('5c77739da9196d16017cb63e')], 'applyId': [ObjectId('5c77739da9196d7ea77cb63a')], 'riskInfo': {'isAmericanResidents': 'N', 'isAmericanResidentsb': 'N'}, 'address': 'FLAT 706 , FU WEN HSE , FU CHEONG EST \r\nSHAMSHUIPO , KLN   ', 'chineseName': '彭佳慧', 'lastName': 'PANG', 'firstName': 'CHUN HONG ', 'title': 'mrs', 'birthday': 470707200000.0, 'idType': '1', 'nationality': 'HK', 'businessPhone': '', 'phone': '7222741', 'phoneAreaCode': '9107', 'idNumber': '43113115', 'birthPlace': 'CHN', 'email': '2324qwer@EDDID.COM.HK', 'countryIssue': 'HKG', 'clientSeqId': 1180, 'pastEnglishName': '', 'pastChineseName': '', 'addressMail': '', 'employedPeriod': '', 'employment': '', 'employmentOther': '', 'employer': '', 'businessType': '', 'occupation': '', 'businessAddress': '', 'isMaster': '', 'parentPath': '', 'relationWithMasterImmediateFamily': '', 'relationWithMasterOthers': '', 'createdTime': 1551332253616.0, 'updatedTime': 1551332253616.0}
2019-03-04 14:21:35,566 del_mongo.py INFO [line:69] client_info 表关联的字段为 accountId : [ObjectId('5c77739da9196d16017cb63e')]
2019-03-04 14:21:35,566 del_mongo.py INFO [line:70] 正在查询关联表 account 的数据
2019-03-04 14:21:35,567 del_mongo.py INFO [line:37] account 表符合查询条件{'_id': ObjectId('5c77739da9196d16017cb63e')} 的数据有1 条
2019-03-04 14:21:35,568 del_mongo.py INFO [line:41] {'_id': ObjectId('5c77739da9196d16017cb63e'), 'accountType': ['futuresMargin', 'futuresMargin', 'futuresMargin', 'futuresMargin', 'futuresMargin'], 'clientId': [ObjectId('5c77739da9196dfc827cb638')], 'tradeAccountList': [{'_id': ObjectId('5c777d766e803237c134a75b'), 'type': 'FUTURES', 'accountType': 'futuresMargin', 'status': 'success', 'spotCheck': 'notCheck', 'enabled': True, 'remark': '', 'checkResults': '', 'tradeAccount': 'B2204198', 'disabledTime': None, 'checkedTime': None, 'createdTime': 1540339200000.0}], 'futuresnumber': 'B2204198', 'updatedTime': 1540310400000.0, 'createdTime': 1540310400000.0, 'accountNumber': 'B2204198', 'applicationFor': 'individual', 'securitiesnumber': '', 'foreignexchangenumber': '', 'accountPwd': '', 'status': '', 'createBy': '', 'updateBy': '', 'remark': '', 'accountOpeningWay': '', 'parentPath': '', 'ibNumber': '', 'idpUserId': ''}
2019-03-04 14:21:35,568 del_mongo.py INFO [line:82] ***********************************

2019-03-04 14:21:35,568 del_mongo.py INFO [line:83] 没有关联数据,直接删除account 表
2019-03-04 14:21:35,568 del_mongo.py INFO [line:87] ***********************************

2019-03-04 14:21:35,568 del_mongo.py INFO [line:69] client_info 表关联的字段为 applyId : [ObjectId('5c77739da9196d7ea77cb63a')]
2019-03-04 14:21:35,568 del_mongo.py INFO [line:70] 正在查询关联表 apply 的数据
2019-03-04 14:21:35,569 del_mongo.py INFO [line:37] apply 表符合查询条件{'_id': ObjectId('5c77739da9196d7ea77cb63a')} 的数据有1 条
2019-03-04 14:21:35,570 del_mongo.py INFO [line:41] {'_id': ObjectId('5c77739da9196d7ea77cb63a'), 'isRoRefuse': '', 'accountType': [''], 'applyInfoIds': [ObjectId('5c77739da9196d1fb47cb63c')], 'learnHow': [''], 'tradingAuthorization': [''], 'isRelatedAccounts': ['HK'], 'relatedAccountsOpt': [], 'status': 'isHide', 'bankAccount': [], 'roApprovalList': [], 'signatureCoords': [], 'step': '', 'origin': '', 'idpUserId': '', 'applySeqId': None, 'parentId': '', 'IBparentId': '', 'mailLanguage': '', 'applicationFor': '', 'accountNumber': '', 'securitiesnumber': '', 'futuresnumber': '', 'foreignexchangenumber': '', 'accountPwd': '', 'remark': '', 'reason': '', 'principal': '', 'accountOpeningWay': '', 'appBankName': '', 'appBankAccount': '', 'appCertSn': '', 'appCertDn': '', 'leadId': '', 'parentPath': '', 'personalInfoDeclartion': '', 'agreeToTheTerms': '', 'currency': '', 'isMarginAccount': '', 'marginAccountName': '', 'marginAccountNumber': '', 'isDiscretion': '', 'discretionName': '', 'discretionNumber': '', 'isCompanyAccounts': '', 'companyAccountsName': '', 'companyAccountsNumber': '', 'learnHowCode': '', 'learnHowOther': '', 'isBeneficiary': '', 'beneficiaryName': '', 'isOrders': '', 'ordersName': '', 'referralCode': '', 'customerSource': '', 'openlocation': '', 'isReSubmit': '', 'refuseBy': '', 'signatureSize': '', 'createdTime': 1551332253645.0, 'updatedTime': 1551332253645.0}
2019-03-04 14:21:35,570 del_mongo.py INFO [line:69] apply 表关联的字段为 applyInfoIds : [ObjectId('5c77739da9196d1fb47cb63c')]
2019-03-04 14:21:35,570 del_mongo.py INFO [line:70] 正在查询关联表 apply_info 的数据
2019-03-04 14:21:35,571 del_mongo.py INFO [line:37] apply_info 表符合查询条件{'_id': ObjectId('5c77739da9196d1fb47cb63c')} 的数据有1 条
2019-03-04 14:21:35,571 del_mongo.py INFO [line:41] {'_id': ObjectId('5c77739da9196d1fb47cb63c'), 'applyId': ObjectId('5c77739da9196d7ea77cb63a'), 'riskInfo': {'isAmericanResidents': 'N', 'isAmericanResidentsb': 'N'}, 'address': 'FLAT 706 , FU WEN HSE , FU CHEONG EST \r\nSHAMSHUIPO , KLN   ', 'chineseName': '彭佳慧', 'lastName': 'PANG', 'firstName': 'CHUN HONG ', 'title': 'mrs', 'birthday': 470707200000.0, 'idType': '1', 'nationality': 'HK', 'businessPhone': '', 'phone': '7222741', 'phoneAreaCode': '9107', 'idNumber': '43113115', 'birthPlace': 'CHN', 'email': '2324qwer@EDDID.COM.HK', 'countryIssue': 'HKG', 'pastEnglishName': '', 'pastChineseName': '', 'addressMail': '', 'employedPeriod': '', 'employment': '', 'employmentOther': '', 'employer': '', 'businessType': '', 'occupation': '', 'businessAddress': '', 'isMaster': '', 'relationWithMasterImmediateFamily': '', 'relationWithMasterOthers': '', 'relationWithMaster': '', 'idCardAddress': '', 'idTypeOther': '', 'career': '', 'marriage': '', 'education': '', 'attachment': {}, 'isReSubmit': '', 'createdTime': 1551332253683.0, 'updatedTime': 1551332253683.0}
2019-03-04 14:21:35,572 del_mongo.py INFO [line:82] ***********************************

2019-03-04 14:21:35,572 del_mongo.py INFO [line:83] 没有关联数据,直接删除apply_info 表
2019-03-04 14:21:35,572 del_mongo.py INFO [line:87] ***********************************

2019-03-04 14:21:35,572 del_mongo.py INFO [line:82] ***********************************

2019-03-04 14:21:35,572 del_mongo.py INFO [line:83] 没有关联数据,直接删除apply 表
2019-03-04 14:21:35,572 del_mongo.py INFO [line:87] ***********************************

2019-03-04 14:21:35,572 del_mongo.py INFO [line:82] ***********************************

2019-03-04 14:21:35,572 del_mongo.py INFO [line:83] 没有关联数据,直接删除client_info 表
2019-03-04 14:21:35,572 del_mongo.py INFO [line:87] ***********************************

2019-03-04 14:21:35,572 del_mongo.py INFO [line:30] close Client
