2019-03-08 15:02:29,709 del_mongo.py INFO [line:26] 连接数据库test
2019-03-08 15:02:32,144 del_mongo.py INFO [line:38] apply_info 表符合查询条件{'idType': '香港居民通行证'} 的数据有3 条
2019-03-08 15:02:32,334 del_mongo.py INFO [line:42] {'_id': ObjectId('5bc94e711d80673a3119c19f'), 'relationWithMaster': '', 'isMaster': '1', 'applyId': ObjectId('5bc94e701d8067048319c199'), 'title': '', 'firstName': '', 'lastName': '', 'chineseName': '你們的', 'pastEnglishName': 'They  Te', 'pastChineseName': '', 'email': 'hdhdg@yahoo.com', 'phone': '85545545', 'address': '其他Hashtag 352The bu', 'addressMail': '', 'phoneAreaCode': '', 'nationality': '', 'idType': '香港居民通行证', 'idNumber': 'A334444（4）', 'idTypeOther': '', 'countryIssue': '', 'birthday': -126230400000.0, 'birthPlace': '', 'employment': '', 'employedPeriod': '0', 'employmentOther': '', 'employer': 'Eddid', 'occupation': '11', 'businessType': '', 'career': '', 'businessAddress': '', 'businessPhone': '', 'attachment': {}, 'riskInfo': {}, 'relationWithMasterImmediateFamily': '', 'relationWithMasterOthers': '', 'createdTime': 1539919473301.0, 'updatedTime': 1539919473301.0}
2019-03-08 15:02:32,341 del_mongo.py INFO [line:52] apply_info 表关联的字段为 applyId : 5bc94e701d8067048319c199
2019-03-08 15:02:32,341 del_mongo.py INFO [line:53] 正在查询关联表 apply 的数据
2019-03-08 15:02:32,435 del_mongo.py INFO [line:38] apply 表符合查询条件{'_id': ObjectId('5bc94e701d8067048319c199')} 的数据有0 条
2019-03-08 15:02:32,622 del_mongo.py INFO [line:83] ***********************************

2019-03-08 15:02:32,622 del_mongo.py INFO [line:84] 没有关联数据,直接删除apply_info 表
2019-03-08 15:02:32,622 del_mongo.py INFO [line:91] ***********************************

2019-03-08 15:02:32,623 del_mongo.py INFO [line:42] {'_id': ObjectId('5c01ec793e6d5f583dde8f87'), 'relationWithMaster': '', 'isMaster': '1', 'applyId': ObjectId('5c01ec783e6d5f4164de8f81'), 'title': '', 'firstName': '', 'lastName': '', 'chineseName': '你們的', 'pastEnglishName': 'They  Te', 'pastChineseName': '', 'email': 'hdhdg@yahoo.com', 'phone': '85545545', 'address': '其他Hashtag 352The bu', 'addressMail': '', 'phoneAreaCode': '', 'nationality': '', 'idType': '香港居民通行证', 'idNumber': 'A334444（4）', 'idTypeOther': '', 'countryIssue': '', 'birthday': -126230400000.0, 'birthPlace': '', 'employment': '', 'employedPeriod': '0', 'employmentOther': '', 'employer': 'Eddid', 'occupation': '11', 'businessType': '', 'career': '', 'businessAddress': '', 'businessPhone': '', 'attachment': {}, 'riskInfo': {}, 'relationWithMasterImmediateFamily': '', 'relationWithMasterOthers': '', 'referralCode': '', 'createdTime': 1543629945179.0, 'updatedTime': 1543629945179.0}
2019-03-08 15:02:32,623 del_mongo.py INFO [line:83] ***********************************

2019-03-08 15:02:32,623 del_mongo.py INFO [line:84] 没有关联数据,直接删除apply_info 表
2019-03-08 15:02:32,623 del_mongo.py INFO [line:91] ***********************************

2019-03-08 15:02:32,623 del_mongo.py INFO [line:42] {'_id': ObjectId('5c0224931fc3605a04a17099'), 'relationWithMaster': '', 'isMaster': '1', 'applyId': ObjectId('5c0224931fc36057fba17093'), 'title': '', 'firstName': '', 'lastName': '', 'chineseName': '你們的', 'pastEnglishName': 'They  Te', 'pastChineseName': '', 'email': 'hdhdg@yahoo.com', 'phone': '85545545', 'address': '其他Hashtag 352The bu', 'addressMail': '', 'phoneAreaCode': '', 'nationality': '', 'idType': '香港居民通行证', 'idNumber': 'A334444（4）', 'idTypeOther': '', 'countryIssue': '', 'birthday': -126230400000.0, 'birthPlace': '', 'employment': '', 'employedPeriod': '0', 'employmentOther': '', 'employer': 'Eddid', 'occupation': '11', 'businessType': '', 'career': '', 'businessAddress': '', 'businessPhone': '', 'attachment': {}, 'riskInfo': {}, 'relationWithMasterImmediateFamily': '', 'relationWithMasterOthers': '', 'referralCode': '', 'createdTime': 1543644307687.0, 'updatedTime': 1543644307687.0}
2019-03-08 15:02:32,623 del_mongo.py INFO [line:83] ***********************************

2019-03-08 15:02:32,623 del_mongo.py INFO [line:84] 没有关联数据,直接删除apply_info 表
2019-03-08 15:02:32,623 del_mongo.py INFO [line:91] ***********************************

2019-03-08 15:02:32,623 del_mongo.py INFO [line:31] close Client
2019-03-08 15:02:56,244 del_mongo.py INFO [line:26] 连接数据库test
2019-03-08 15:02:57,908 del_mongo.py INFO [line:38] apply_info 表符合查询条件{'idType': '香港居民通行证'} 的数据有3 条
2019-03-08 15:02:58,100 del_mongo.py INFO [line:42] {'_id': ObjectId('5bc94e711d80673a3119c19f'), 'relationWithMaster': '', 'isMaster': '1', 'applyId': ObjectId('5bc94e701d8067048319c199'), 'title': '', 'firstName': '', 'lastName': '', 'chineseName': '你們的', 'pastEnglishName': 'They  Te', 'pastChineseName': '', 'email': 'hdhdg@yahoo.com', 'phone': '85545545', 'address': '其他Hashtag 352The bu', 'addressMail': '', 'phoneAreaCode': '', 'nationality': '', 'idType': '香港居民通行证', 'idNumber': 'A334444（4）', 'idTypeOther': '', 'countryIssue': '', 'birthday': -126230400000.0, 'birthPlace': '', 'employment': '', 'employedPeriod': '0', 'employmentOther': '', 'employer': 'Eddid', 'occupation': '11', 'businessType': '', 'career': '', 'businessAddress': '', 'businessPhone': '', 'attachment': {}, 'riskInfo': {}, 'relationWithMasterImmediateFamily': '', 'relationWithMasterOthers': '', 'createdTime': 1539919473301.0, 'updatedTime': 1539919473301.0}
2019-03-08 15:02:58,100 del_mongo.py INFO [line:52] apply_info 表关联的字段为 applyId : 5bc94e701d8067048319c199
2019-03-08 15:02:58,100 del_mongo.py INFO [line:53] 正在查询关联表 apply 的数据
2019-03-08 15:02:58,194 del_mongo.py INFO [line:38] apply 表符合查询条件{'_id': ObjectId('5bc94e701d8067048319c199')} 的数据有0 条
2019-03-08 15:02:58,387 del_mongo.py INFO [line:83] ***********************************

2019-03-08 15:02:58,387 del_mongo.py INFO [line:84] 没有关联数据,直接删除apply_info 表
2019-03-08 15:02:58,484 del_mongo.py INFO [line:88] {'n': 3, 'opTime': {'ts': Timestamp(1552028578, 3), 't': 85}, 'electionId': ObjectId('7fffffff0000000000000055'), 'ok': 1.0, 'operationTime': Timestamp(1552028578, 3), '$clusterTime': {'clusterTime': Timestamp(1552028578, 3), 'signature': {'hash': b'\xd2\x90\xa3z\x08\xca\xb8`\xedg\x87\xe4%\x83\x00\xe84y\x0c\xb3', 'keyId': 6605921496684560385}}}
2019-03-08 15:02:58,484 del_mongo.py INFO [line:91] ***********************************

2019-03-08 15:02:58,484 del_mongo.py INFO [line:42] {'_id': ObjectId('5c01ec793e6d5f583dde8f87'), 'relationWithMaster': '', 'isMaster': '1', 'applyId': ObjectId('5c01ec783e6d5f4164de8f81'), 'title': '', 'firstName': '', 'lastName': '', 'chineseName': '你們的', 'pastEnglishName': 'They  Te', 'pastChineseName': '', 'email': 'hdhdg@yahoo.com', 'phone': '85545545', 'address': '其他Hashtag 352The bu', 'addressMail': '', 'phoneAreaCode': '', 'nationality': '', 'idType': '香港居民通行证', 'idNumber': 'A334444（4）', 'idTypeOther': '', 'countryIssue': '', 'birthday': -126230400000.0, 'birthPlace': '', 'employment': '', 'employedPeriod': '0', 'employmentOther': '', 'employer': 'Eddid', 'occupation': '11', 'businessType': '', 'career': '', 'businessAddress': '', 'businessPhone': '', 'attachment': {}, 'riskInfo': {}, 'relationWithMasterImmediateFamily': '', 'relationWithMasterOthers': '', 'referralCode': '', 'createdTime': 1543629945179.0, 'updatedTime': 1543629945179.0}
2019-03-08 15:02:58,484 del_mongo.py INFO [line:83] ***********************************

2019-03-08 15:02:58,484 del_mongo.py INFO [line:84] 没有关联数据,直接删除apply_info 表
2019-03-08 15:02:58,580 del_mongo.py INFO [line:88] {'n': 0, 'opTime': {'ts': Timestamp(1552028578, 3), 't': 85}, 'electionId': ObjectId('7fffffff0000000000000055'), 'ok': 1.0, 'operationTime': Timestamp(1552028578, 3), '$clusterTime': {'clusterTime': Timestamp(1552028578, 3), 'signature': {'hash': b'\xd2\x90\xa3z\x08\xca\xb8`\xedg\x87\xe4%\x83\x00\xe84y\x0c\xb3', 'keyId': 6605921496684560385}}}
2019-03-08 15:02:58,581 del_mongo.py INFO [line:91] ***********************************

2019-03-08 15:02:58,581 del_mongo.py INFO [line:42] {'_id': ObjectId('5c0224931fc3605a04a17099'), 'relationWithMaster': '', 'isMaster': '1', 'applyId': ObjectId('5c0224931fc36057fba17093'), 'title': '', 'firstName': '', 'lastName': '', 'chineseName': '你們的', 'pastEnglishName': 'They  Te', 'pastChineseName': '', 'email': 'hdhdg@yahoo.com', 'phone': '85545545', 'address': '其他Hashtag 352The bu', 'addressMail': '', 'phoneAreaCode': '', 'nationality': '', 'idType': '香港居民通行证', 'idNumber': 'A334444（4）', 'idTypeOther': '', 'countryIssue': '', 'birthday': -126230400000.0, 'birthPlace': '', 'employment': '', 'employedPeriod': '0', 'employmentOther': '', 'employer': 'Eddid', 'occupation': '11', 'businessType': '', 'career': '', 'businessAddress': '', 'businessPhone': '', 'attachment': {}, 'riskInfo': {}, 'relationWithMasterImmediateFamily': '', 'relationWithMasterOthers': '', 'referralCode': '', 'createdTime': 1543644307687.0, 'updatedTime': 1543644307687.0}
2019-03-08 15:02:58,582 del_mongo.py INFO [line:83] ***********************************

2019-03-08 15:02:58,582 del_mongo.py INFO [line:84] 没有关联数据,直接删除apply_info 表
2019-03-08 15:02:58,678 del_mongo.py INFO [line:88] {'n': 0, 'opTime': {'ts': Timestamp(1552028578, 3), 't': 85}, 'electionId': ObjectId('7fffffff0000000000000055'), 'ok': 1.0, 'operationTime': Timestamp(1552028578, 3), '$clusterTime': {'clusterTime': Timestamp(1552028578, 3), 'signature': {'hash': b'\xd2\x90\xa3z\x08\xca\xb8`\xedg\x87\xe4%\x83\x00\xe84y\x0c\xb3', 'keyId': 6605921496684560385}}}
2019-03-08 15:02:58,678 del_mongo.py INFO [line:91] ***********************************

2019-03-08 15:02:58,678 del_mongo.py INFO [line:31] close Client
