2019-05-15 09:54:18,246 del_mongo.py INFO [line:31] 连接数据库uat
2019-05-15 09:54:21,743 del_mongo.py INFO [line:66] client_info 表符合查询条件{'email': '670313924@qq.com'} 的数据有1 条
2019-05-15 09:54:21,966 del_mongo.py INFO [line:69] {'_id': ObjectId('5cb92ed300fc296d663b4a7a'), 'accountId': [ObjectId('5cb92ed200fc298fc23b4a75')], 'applyId': [ObjectId('5cb92d2690349d7410139475')], 'clientSeqId': 2856, 'title': 'mr', 'firstName': '小小', 'lastName': '黄', 'chineseName': '黄晓晓', 'pastEnglishName': '', 'pastChineseName': '', 'email': '670313924@qq.com', 'phone': '13148828402', 'address': 'sdagsadg', 'addressMail': '', 'phoneAreaCode': 'CHN', 'nationality': 'CHN', 'idType': '2', 'idNumber': '53010219200508011x', 'countryIssue': 'CHN', 'birthday': 633801600000.0, 'birthPlace': 'CHN', 'employment': 'self', 'employer': 'dshdsj', 'businessType': 'jfgjkfdk', 'occupation': 'sdagw ', 'businessAddress': 'fgjkfgfgk', 'businessPhone': '', 'isMaster': '1', 'parentPath': '/100000/ceo_t1/ro_t1', 'riskInfo': {'totalAnnualCustomerRevenueHK': 'lt500000', 'totalAnnualCustomerRevenueHKOther': 'fdgkjfgk', 'customerNetAssetValueHK': 'lt3000000', 'customerNetAssetValueHKOther': 'fdkfgk', 'sourceOfWealth': ['wage'], 'securities': 'lt1Year', 'CBBC': 'lt1Year', 'warrants': 'lt1Year', 'futures': '1To5Years', 'options': 'lt1Year', 'foreignExchange': 'lt1Year', 'isLearnAboutProducts': 'Y', 'isIndustryExperience': 'N', 'isStocks': 'Y', 'isApplyToOpenTradingStructure': 'Y', 'isTradingStructureAggree': 'Y', 'isBankruptcy': 'N', 'isInAgtJobs': 'N', 'isBondFuturesClientsConnected': 'N', 'isAcquaintHighLevel': 'N', 'isAmericanResidents': 'N', 'isAmericanResidentsb': 'N', 'isPoliticalFigure': 'N', 'purposeOfInvestment': 'hedging', 'riskTolerance': 'medium'}, 'relationWithMasterImmediateFamily': '', 'relationWithMasterOthers': '', 'employedPeriod': '', 'employmentOther': '', 'createdTime': 1555640019141.0, 'updatedTime': 1555640019141.0}
2019-05-15 09:54:21,974 del_mongo.py INFO [line:103] client_info 表关联的字段为 accountId : [ObjectId('5cb92ed200fc298fc23b4a75')]
2019-05-15 09:54:21,974 del_mongo.py INFO [line:104] 正在查询关联表 account 的数据
2019-05-15 09:54:22,086 del_mongo.py INFO [line:66] account 表符合查询条件{'_id': ObjectId('5cb92ed200fc298fc23b4a75')} 的数据有1 条
2019-05-15 09:54:22,309 del_mongo.py INFO [line:69] {'_id': ObjectId('5cb92ed200fc298fc23b4a75'), 'accountType': ['bullionMargin'], 'clientId': [ObjectId('5cb92ed300fc296d663b4a7a')], 'accountNumber': '897897', 'applicationFor': 'individual', 'accountOpeningWay': 'visitingAccount', 'tradeAccountList': [{'_id': ObjectId('5cb92ed200fc29faf23b4a77'), 'type': 'PM', 'status': 'success', 'spotCheck': 'notCheck', 'createdTime': 1555640018442.0, 'enabled': True, 'tradeAccount': '897897', 'tradeAccountType': '', 'accountType': 'bullionMargin'}], 'parentPath': '/100000/ceo_t1/ro_t1', 'referralCode': '', 'createBy': '', 'updateBy': '', 'remark': '', 'idpUserId': 'eca47ce7-a2a5-4f80-8ee9-06f87a302e4b', 'createdTime': 1555640018603.0, 'updatedTime': 1555640018603.0}
2019-05-15 09:54:22,309 del_mongo.py INFO [line:103] account 表关联的字段为 clientId : [ObjectId('5cb92ed300fc296d663b4a7a')]
2019-05-15 09:54:22,309 del_mongo.py INFO [line:104] 正在查询关联表 client_info 的数据
2019-05-15 09:54:22,425 del_mongo.py INFO [line:66] client_info 表符合查询条件{'_id': ObjectId('5cb92ed300fc296d663b4a7a')} 的数据有1 条
2019-05-15 09:54:22,655 del_mongo.py INFO [line:69] {'_id': ObjectId('5cb92ed300fc296d663b4a7a'), 'accountId': [ObjectId('5cb92ed200fc298fc23b4a75')], 'applyId': [ObjectId('5cb92d2690349d7410139475')], 'clientSeqId': 2856, 'title': 'mr', 'firstName': '小小', 'lastName': '黄', 'chineseName': '黄晓晓', 'pastEnglishName': '', 'pastChineseName': '', 'email': '670313924@qq.com', 'phone': '13148828402', 'address': 'sdagsadg', 'addressMail': '', 'phoneAreaCode': 'CHN', 'nationality': 'CHN', 'idType': '2', 'idNumber': '53010219200508011x', 'countryIssue': 'CHN', 'birthday': 633801600000.0, 'birthPlace': 'CHN', 'employment': 'self', 'employer': 'dshdsj', 'businessType': 'jfgjkfdk', 'occupation': 'sdagw ', 'businessAddress': 'fgjkfgfgk', 'businessPhone': '', 'isMaster': '1', 'parentPath': '/100000/ceo_t1/ro_t1', 'riskInfo': {'totalAnnualCustomerRevenueHK': 'lt500000', 'totalAnnualCustomerRevenueHKOther': 'fdgkjfgk', 'customerNetAssetValueHK': 'lt3000000', 'customerNetAssetValueHKOther': 'fdkfgk', 'sourceOfWealth': ['wage'], 'securities': 'lt1Year', 'CBBC': 'lt1Year', 'warrants': 'lt1Year', 'futures': '1To5Years', 'options': 'lt1Year', 'foreignExchange': 'lt1Year', 'isLearnAboutProducts': 'Y', 'isIndustryExperience': 'N', 'isStocks': 'Y', 'isApplyToOpenTradingStructure': 'Y', 'isTradingStructureAggree': 'Y', 'isBankruptcy': 'N', 'isInAgtJobs': 'N', 'isBondFuturesClientsConnected': 'N', 'isAcquaintHighLevel': 'N', 'isAmericanResidents': 'N', 'isAmericanResidentsb': 'N', 'isPoliticalFigure': 'N', 'purposeOfInvestment': 'hedging', 'riskTolerance': 'medium'}, 'relationWithMasterImmediateFamily': '', 'relationWithMasterOthers': '', 'employedPeriod': '', 'employmentOther': '', 'createdTime': 1555640019141.0, 'updatedTime': 1555640019141.0}
2019-05-15 09:54:22,656 del_mongo.py INFO [line:119] account 表关联的字段为 idpUserId : eca47ce7-a2a5-4f80-8ee9-06f87a302e4b
2019-05-15 09:54:22,656 del_mongo.py INFO [line:120] 正在查询关联表 users 的数据
2019-05-15 09:54:22,766 del_mongo.py INFO [line:66] users 表符合查询条件{'subject': 'eca47ce7-a2a5-4f80-8ee9-06f87a302e4b'} 的数据有1 条
2019-05-15 09:54:22,984 del_mongo.py INFO [line:69] {'_id': ObjectId('5cb92ed748207b3c5790f52d'), 'email_verified': False, 'phone_number_verified': False, 'roles': [], 'enabled': True, 'custom': {'accountNumber': '897897', 'accountId': '5cb92ed200fc298fc23b4a75', 'device_id': ''}, 'preferred_username': '670313924@qq.com', 'name': '黄小小', 'family_name': '黄', 'given_name': '小小', 'gender': 'm', 'birthdate': '1990-01-31T16:00:00.000Z', 'zoneinfo': 'CHN', 'locale': 'zh-hans', 'email': '670313924@qq.com', 'address': 'sdagsadg', 'phone_number': '8613148828402', 'subject': 'eca47ce7-a2a5-4f80-8ee9-06f87a302e4b', 'created_at': datetime.datetime(2019, 4, 19, 2, 13, 42, 42000), 'updated_at': datetime.datetime(2019, 4, 19, 2, 13, 42, 42000), 'secret': '$2a$08$Vf0pmBi3rjWV2pmVYNDguuQVBA4jfy4nOhkaI.Chwy9.K3Klht1tK', '__v': 0}
2019-05-15 09:54:22,985 del_mongo.py INFO [line:152] ***********************************

2019-05-15 09:54:22,985 del_mongo.py INFO [line:153] 没有关联数据,直接删除users 表
2019-05-15 09:54:23,094 del_mongo.py INFO [line:167] <pymongo.results.DeleteResult object at 0x000001AD00EA5CC8>
2019-05-15 09:54:23,094 del_mongo.py INFO [line:171] ***********************************

2019-05-15 09:54:23,095 del_mongo.py INFO [line:152] ***********************************

2019-05-15 09:54:23,095 del_mongo.py INFO [line:153] 没有关联数据,直接删除account 表
2019-05-15 09:54:23,204 del_mongo.py INFO [line:167] <pymongo.results.DeleteResult object at 0x000001AD00EA5108>
2019-05-15 09:54:23,204 del_mongo.py INFO [line:171] ***********************************

2019-05-15 09:54:23,204 del_mongo.py INFO [line:103] client_info 表关联的字段为 applyId : [ObjectId('5cb92d2690349d7410139475')]
2019-05-15 09:54:23,204 del_mongo.py INFO [line:104] 正在查询关联表 apply 的数据
2019-05-15 09:54:23,314 del_mongo.py INFO [line:66] apply 表符合查询条件{'_id': ObjectId('5cb92d2690349d7410139475')} 的数据有1 条
2019-05-15 09:54:23,535 del_mongo.py INFO [line:69] {'_id': ObjectId('5cb92d2690349d7410139475'), 'isRoRefuse': 'N', 'accountType': ['bullionMargin'], 'applyInfoIds': [ObjectId('5cb92d2690349d6821139480')], 'learnHow': ['lecture'], 'tradingAuthorization': [''], 'isRelatedAccounts': ['HK'], 'step': '', 'origin': '', 'idpUserId': 'eca47ce7-a2a5-4f80-8ee9-06f87a302e4b', 'applicationFor': 'individual', 'parentId': 'ro_t1', 'IBparentId': '', 'mailLanguage': 'zh-hans', 'accountOpeningWay': 'visitingAccount', 'appBankName': '', 'appBankAccount': '', 'appCertSn': '', 'appCertDn': '', 'accountNumber': '897897', 'personalInfoDeclartion': 'Y', 'agreeToTheTerms': 'Y', 'status': 'success', 'customerSource': 'crm', 'applySeqId': 1508, 'roApprovalList': [{'isApproval': True, '_id': ObjectId('5cb92d2690349d958713947d'), 'username': 'ro_gold', 'usertype': 'bullionRo', 'isOperate': '1'}, {'isApproval': True, '_id': ObjectId('5cb92d2690349d2c2a13947c'), 'username': 'aaron_test', 'usertype': 'bullionRo'}], 'leadId': '', 'isFromLead': False, 'parentPath': '/100000/ceo_t1/ro_t1', 'currency': 'USD', 'bankAccount': [{'_id': ObjectId('5cb92d2690349d5b0b13947e'), 'currency': 'USD', 'name': 'gjdsj', 'number': 'fjsdfj', 'holder': 'sdfgjfgj'}], 'isHongKongBankCard': '', 'isMarginAccount': 'N', 'marginAccountName': '', 'marginAccountNumber': '', 'isDiscretion': 'N', 'discretionName': '', 'discretionNumber': '', 'isCompanyAccounts': 'Y', 'companyAccountsName': 'hyedyhdsfgh', 'companyAccountsNumber': '36347547', 'learnHowCode': 'erty', 'learnHowOther': '', 'isBeneficiary': 'Y', 'beneficiaryName': '', 'isOrders': 'Y', 'ordersName': '', 'relatedAccountsOpt': [], 'referralCode': '', 'signatureCoords': [{'_id': ObjectId('5c3ee2c33dc2063f0894a6dd'), 'pageNo': 13, 'x': 130, 'y': 602}, {'_id': ObjectId('5c3ee2c33dc20649d894a6dc'), 'pageNo': 14, 'x': 130, 'y': 83}, {'_id': ObjectId('5c3ee2c33dc20633a794a6db'), 'pageNo': 16, 'x': 130, 'y': 165}], 'signatureSize': {'xDpi': '630', 'yDpi': '630'}, 'remark': '', 'reason': '', 'principal': '', 'openlocation': '', 'isReSubmit': '', 'signatureFile': '', 'appVersion': '', 'deviceModel': '', 'isContactClient': '', 'refuseBy': '', 'createdTime': 1555639590280.0, 'updatedTime': 1555639880460.0, 'submitTime': 1555639591081.0}
2019-05-15 09:54:23,535 del_mongo.py INFO [line:103] apply 表关联的字段为 applyInfoIds : [ObjectId('5cb92d2690349d6821139480')]
2019-05-15 09:54:23,535 del_mongo.py INFO [line:104] 正在查询关联表 apply_info 的数据
2019-05-15 09:54:23,645 del_mongo.py INFO [line:66] apply_info 表符合查询条件{'_id': ObjectId('5cb92d2690349d6821139480')} 的数据有1 条
2019-05-15 09:54:23,860 del_mongo.py INFO [line:69] {'_id': ObjectId('5cb92d2690349d6821139480'), 'relationWithMaster': '', 'isMaster': '1', 'applyId': ObjectId('5cb92d2690349d7410139475'), 'leadId': '', 'isFromLead': False, 'title': 'mr', 'firstName': '小小', 'lastName': '黄', 'chineseName': '黄晓晓', 'email': '670313924@qq.com', 'phoneAreaCode': 'CHN', 'phone': '13148828402', 'address': 'sdagsadg', 'nationality': 'CHN', 'idType': '2', 'idNumber': '53010219200508011x', 'countryIssue': 'CHN', 'birthday': 633801600000.0, 'birthPlace': 'CHN', 'employment': 'self', 'occupation': 'sdagw ', 'employedPeriod': '12', 'employer': 'dshdsj', 'businessType': 'jfgjkfdk', 'businessAddress': 'fgjkfgfgk', 'riskInfo': {'totalAnnualCustomerRevenueHK': 'lt500000', 'totalAnnualCustomerRevenueHKOther': 'fdgkjfgk', 'customerNetAssetValueHK': 'lt3000000', 'customerNetAssetValueHKOther': 'fdkfgk', 'sourceOfWealth': ['wage'], 'securities': 'lt1Year', 'CBBC': 'lt1Year', 'warrants': 'lt1Year', 'futures': '1To5Years', 'options': 'lt1Year', 'foreignExchange': 'lt1Year', 'isLearnAboutProducts': 'Y', 'isIndustryExperience': 'N', 'isStocks': 'Y', 'isApplyToOpenTradingStructure': 'Y', 'isTradingStructureAggree': 'Y', 'isBankruptcy': 'N', 'isInAgtJobs': 'N', 'isBondFuturesClientsConnected': 'N', 'isAcquaintHighLevel': 'N', 'isAmericanResidents': 'N', 'isAmericanResidentsb': 'N', 'isPoliticalFigure': 'N', 'purposeOfInvestment': 'hedging', 'riskTolerance': 'medium'}, 'pastEnglishName': '', 'pastChineseName': '', 'idCardAddress': '', 'addressMail': '', 'idTypeOther': '', 'employmentOther': '', 'career': '', 'businessPhone': '', 'marriage': '', 'education': '', 'attachment': {}, 'relationWithMasterImmediateFamily': '', 'relationWithMasterOthers': '', 'isReSubmit': '', 'addressRegionProvince': '', 'addressRegionCity': '', 'addressRegionArea': '', 'addressDetailed': '', 'businessAddressRegionProvince': '', 'businessAddressRegionCity': '', 'businessAddressRegionArea': '', 'businessAddressDetailed': '', 'idCardAddressReadOnly': '', 'syncIDAddress': '', 'isHongKongBankCard': '', 'createdTime': 1555639590582.0, 'updatedTime': 1555639590582.0}
2019-05-15 09:54:23,861 del_mongo.py INFO [line:84] apply_info 表关联的字段为 applyId : 5cb92d2690349d7410139475
2019-05-15 09:54:23,861 del_mongo.py INFO [line:85] 正在查询关联表 apply 的数据
2019-05-15 09:54:23,967 del_mongo.py INFO [line:66] apply 表符合查询条件{'_id': ObjectId('5cb92d2690349d7410139475')} 的数据有1 条
2019-05-15 09:54:24,182 del_mongo.py INFO [line:69] {'_id': ObjectId('5cb92d2690349d7410139475'), 'isRoRefuse': 'N', 'accountType': ['bullionMargin'], 'applyInfoIds': [ObjectId('5cb92d2690349d6821139480')], 'learnHow': ['lecture'], 'tradingAuthorization': [''], 'isRelatedAccounts': ['HK'], 'step': '', 'origin': '', 'idpUserId': 'eca47ce7-a2a5-4f80-8ee9-06f87a302e4b', 'applicationFor': 'individual', 'parentId': 'ro_t1', 'IBparentId': '', 'mailLanguage': 'zh-hans', 'accountOpeningWay': 'visitingAccount', 'appBankName': '', 'appBankAccount': '', 'appCertSn': '', 'appCertDn': '', 'accountNumber': '897897', 'personalInfoDeclartion': 'Y', 'agreeToTheTerms': 'Y', 'status': 'success', 'customerSource': 'crm', 'applySeqId': 1508, 'roApprovalList': [{'isApproval': True, '_id': ObjectId('5cb92d2690349d958713947d'), 'username': 'ro_gold', 'usertype': 'bullionRo', 'isOperate': '1'}, {'isApproval': True, '_id': ObjectId('5cb92d2690349d2c2a13947c'), 'username': 'aaron_test', 'usertype': 'bullionRo'}], 'leadId': '', 'isFromLead': False, 'parentPath': '/100000/ceo_t1/ro_t1', 'currency': 'USD', 'bankAccount': [{'_id': ObjectId('5cb92d2690349d5b0b13947e'), 'currency': 'USD', 'name': 'gjdsj', 'number': 'fjsdfj', 'holder': 'sdfgjfgj'}], 'isHongKongBankCard': '', 'isMarginAccount': 'N', 'marginAccountName': '', 'marginAccountNumber': '', 'isDiscretion': 'N', 'discretionName': '', 'discretionNumber': '', 'isCompanyAccounts': 'Y', 'companyAccountsName': 'hyedyhdsfgh', 'companyAccountsNumber': '36347547', 'learnHowCode': 'erty', 'learnHowOther': '', 'isBeneficiary': 'Y', 'beneficiaryName': '', 'isOrders': 'Y', 'ordersName': '', 'relatedAccountsOpt': [], 'referralCode': '', 'signatureCoords': [{'_id': ObjectId('5c3ee2c33dc2063f0894a6dd'), 'pageNo': 13, 'x': 130, 'y': 602}, {'_id': ObjectId('5c3ee2c33dc20649d894a6dc'), 'pageNo': 14, 'x': 130, 'y': 83}, {'_id': ObjectId('5c3ee2c33dc20633a794a6db'), 'pageNo': 16, 'x': 130, 'y': 165}], 'signatureSize': {'xDpi': '630', 'yDpi': '630'}, 'remark': '', 'reason': '', 'principal': '', 'openlocation': '', 'isReSubmit': '', 'signatureFile': '', 'appVersion': '', 'deviceModel': '', 'isContactClient': '', 'refuseBy': '', 'createdTime': 1555639590280.0, 'updatedTime': 1555639880460.0, 'submitTime': 1555639591081.0}
2019-05-15 09:54:24,182 del_mongo.py INFO [line:152] ***********************************

2019-05-15 09:54:24,182 del_mongo.py INFO [line:153] 没有关联数据,直接删除apply_info 表
2019-05-15 09:54:24,290 del_mongo.py INFO [line:167] <pymongo.results.DeleteResult object at 0x000001AD00EC8248>
2019-05-15 09:54:24,290 del_mongo.py INFO [line:171] ***********************************

2019-05-15 09:54:24,290 del_mongo.py INFO [line:119] apply 表关联的字段为 idpUserId : eca47ce7-a2a5-4f80-8ee9-06f87a302e4b
2019-05-15 09:54:24,290 del_mongo.py INFO [line:120] 正在查询关联表 users 的数据
2019-05-15 09:54:24,397 del_mongo.py INFO [line:66] users 表符合查询条件{'subject': 'eca47ce7-a2a5-4f80-8ee9-06f87a302e4b'} 的数据有0 条
2019-05-15 09:54:24,611 del_mongo.py INFO [line:152] ***********************************

2019-05-15 09:54:24,612 del_mongo.py INFO [line:153] 没有关联数据,直接删除apply 表
2019-05-15 09:54:24,721 del_mongo.py INFO [line:167] <pymongo.results.DeleteResult object at 0x000001AD00EC8E48>
2019-05-15 09:54:24,721 del_mongo.py INFO [line:171] ***********************************

2019-05-15 09:54:24,721 del_mongo.py INFO [line:152] ***********************************

2019-05-15 09:54:24,721 del_mongo.py INFO [line:153] 没有关联数据,直接删除client_info 表
2019-05-15 09:54:24,833 del_mongo.py INFO [line:167] <pymongo.results.DeleteResult object at 0x000001AD00EA5D88>
2019-05-15 09:54:24,833 del_mongo.py INFO [line:171] ***********************************

2019-05-15 09:54:24,833 del_mongo.py INFO [line:37] close Client
2019-05-15 09:54:24,947 del_mongo.py INFO [line:44] users 表预计删除 1 条记录
2019-05-15 09:54:24,947 del_mongo.py INFO [line:44] apply 表预计删除 1 条记录
2019-05-15 09:54:24,947 del_mongo.py INFO [line:44] account 表预计删除 1 条记录
2019-05-15 09:54:24,947 del_mongo.py INFO [line:44] client_info 表预计删除 1 条记录
2019-05-15 09:54:24,948 del_mongo.py INFO [line:44] apply_info 表预计删除 1 条记录
2019-05-15 09:54:24,948 del_mongo.py INFO [line:51] users 表实际删除 1 条记录
2019-05-15 09:54:24,948 del_mongo.py INFO [line:51] apply 表实际删除 1 条记录
2019-05-15 09:54:24,948 del_mongo.py INFO [line:51] account 表实际删除 1 条记录
2019-05-15 09:54:24,948 del_mongo.py INFO [line:51] client_info 表实际删除 1 条记录
2019-05-15 09:54:24,948 del_mongo.py INFO [line:51] apply_info 表实际删除 1 条记录
