2019-04-02 15:29:04,266 del_mongo.py INFO [line:27] 连接数据库test
2019-04-02 15:29:05,741 del_mongo.py INFO [line:45] apply_info 表符合查询条件{'email': '947152623@qq.com'} 的数据有1 条
2019-04-02 15:29:05,848 del_mongo.py INFO [line:49] {'_id': ObjectId('5bea2ef841aa207b5c7272b1'), 'relationWithMaster': '', 'isMaster': '1', 'applyId': ObjectId('5bea2ef841aa2070977272ab'), 'title': 'mr', 'email': '947152623@qq.com', 'phoneAreaCode': 'ABW', 'phone': '15000000000', 'birthday': 1542038400000.0, 'riskInfo': {}, 'firstName': '', 'lastName': '', 'chineseName': '', 'pastEnglishName': '', 'pastChineseName': '', 'address': '', 'addressMail': '', 'nationality': '', 'idType': '', 'idNumber': '', 'idTypeOther': '', 'countryIssue': '', 'birthPlace': '', 'employment': '', 'employedPeriod': '', 'employmentOther': '', 'employer': '', 'occupation': '', 'businessType': '', 'career': '', 'businessAddress': '', 'businessPhone': '', 'attachment': {}, 'relationWithMasterImmediateFamily': '', 'relationWithMasterOthers': '', 'referralCode': '', 'createdTime': 1542074104763.0, 'updatedTime': 1542074104763.0}
2019-04-02 15:29:05,855 del_mongo.py INFO [line:59] apply_info 表关联的字段为 applyId : 5bea2ef841aa2070977272ab
2019-04-02 15:29:05,855 del_mongo.py INFO [line:60] 正在查询关联表 apply 的数据
2019-04-02 15:29:05,910 del_mongo.py INFO [line:45] apply 表符合查询条件{'_id': ObjectId('5bea2ef841aa2070977272ab')} 的数据有1 条
2019-04-02 15:29:06,014 del_mongo.py INFO [line:49] {'_id': ObjectId('5bea2ef841aa2070977272ab'), 'accountType': ['securitiesCash', 'stockOptionsCash'], 'applyInfoIds': [ObjectId('5bea2ef841aa207b5c7272b1')], 'learnHow': [''], 'tradingAuthorization': [''], 'isRelatedAccounts': [''], 'applicationFor': 'individual', 'parentId': 'ro_t1', 'IBparentId': '', 'mailLanguage': 'zh-hans', 'accountOpeningWay': '', 'accountNumber': '123ww', 'accountPwd': '', 'personalInfoDeclartion': '', 'agreeToTheTerms': '', 'status': 'success', 'applySeqId': 154, 'roApprovalList': [{'isApproval': True, '_id': ObjectId('5bea2ef841aa20de7d7272af'), 'username': 'don_test'}, {'isApproval': True, '_id': ObjectId('5bea2ef841aa2031b97272ae'), 'username': 'cliff_test'}], 'leadId': '', 'parentPath': '/100000/ceo_t1/ro_t1', 'currency': 'HKD', 'bankAccount': [], 'isMarginAccount': '', 'marginAccountName': '', 'marginAccountNumber': '', 'isDiscretion': '', 'discretionName': '', 'discretionNumber': '', 'isCompanyAccounts': '', 'companyAccountsName': '', 'companyAccountsNumber': '', 'learnHowCode': '', 'learnHowOther': '', 'isBeneficiary': '', 'beneficiaryName': '', 'isOrders': '', 'ordersName': '', 'relatedAccountsOpt': [], 'referralCode': '', 'remark': '', 'principal': '', 'createdTime': 1542074104466.0, 'updatedTime': 1542074104466.0}
2019-04-02 15:29:06,014 del_mongo.py INFO [line:110] ***********************************

2019-04-02 15:29:06,014 del_mongo.py INFO [line:111] 没有关联数据,直接删除apply 表
2019-04-02 15:29:06,014 del_mongo.py INFO [line:118] ***********************************

2019-04-02 15:29:06,014 del_mongo.py INFO [line:110] ***********************************

2019-04-02 15:29:06,014 del_mongo.py INFO [line:111] 没有关联数据,直接删除apply_info 表
2019-04-02 15:29:06,014 del_mongo.py INFO [line:118] ***********************************

2019-04-02 15:29:06,014 del_mongo.py INFO [line:33] close Client
2019-04-02 15:29:11,072 del_mongo.py INFO [line:27] 连接数据库test
2019-04-02 15:29:12,088 del_mongo.py INFO [line:45] apply_info 表符合查询条件{'email': '947152623@qq.com'} 的数据有1 条
2019-04-02 15:29:12,198 del_mongo.py INFO [line:49] {'_id': ObjectId('5bea2ef841aa207b5c7272b1'), 'relationWithMaster': '', 'isMaster': '1', 'applyId': ObjectId('5bea2ef841aa2070977272ab'), 'title': 'mr', 'email': '947152623@qq.com', 'phoneAreaCode': 'ABW', 'phone': '15000000000', 'birthday': 1542038400000.0, 'riskInfo': {}, 'firstName': '', 'lastName': '', 'chineseName': '', 'pastEnglishName': '', 'pastChineseName': '', 'address': '', 'addressMail': '', 'nationality': '', 'idType': '', 'idNumber': '', 'idTypeOther': '', 'countryIssue': '', 'birthPlace': '', 'employment': '', 'employedPeriod': '', 'employmentOther': '', 'employer': '', 'occupation': '', 'businessType': '', 'career': '', 'businessAddress': '', 'businessPhone': '', 'attachment': {}, 'relationWithMasterImmediateFamily': '', 'relationWithMasterOthers': '', 'referralCode': '', 'createdTime': 1542074104763.0, 'updatedTime': 1542074104763.0}
2019-04-02 15:29:12,198 del_mongo.py INFO [line:59] apply_info 表关联的字段为 applyId : 5bea2ef841aa2070977272ab
2019-04-02 15:29:12,198 del_mongo.py INFO [line:60] 正在查询关联表 apply 的数据
2019-04-02 15:29:12,252 del_mongo.py INFO [line:45] apply 表符合查询条件{'_id': ObjectId('5bea2ef841aa2070977272ab')} 的数据有1 条
2019-04-02 15:29:12,361 del_mongo.py INFO [line:49] {'_id': ObjectId('5bea2ef841aa2070977272ab'), 'accountType': ['securitiesCash', 'stockOptionsCash'], 'applyInfoIds': [ObjectId('5bea2ef841aa207b5c7272b1')], 'learnHow': [''], 'tradingAuthorization': [''], 'isRelatedAccounts': [''], 'applicationFor': 'individual', 'parentId': 'ro_t1', 'IBparentId': '', 'mailLanguage': 'zh-hans', 'accountOpeningWay': '', 'accountNumber': '123ww', 'accountPwd': '', 'personalInfoDeclartion': '', 'agreeToTheTerms': '', 'status': 'success', 'applySeqId': 154, 'roApprovalList': [{'isApproval': True, '_id': ObjectId('5bea2ef841aa20de7d7272af'), 'username': 'don_test'}, {'isApproval': True, '_id': ObjectId('5bea2ef841aa2031b97272ae'), 'username': 'cliff_test'}], 'leadId': '', 'parentPath': '/100000/ceo_t1/ro_t1', 'currency': 'HKD', 'bankAccount': [], 'isMarginAccount': '', 'marginAccountName': '', 'marginAccountNumber': '', 'isDiscretion': '', 'discretionName': '', 'discretionNumber': '', 'isCompanyAccounts': '', 'companyAccountsName': '', 'companyAccountsNumber': '', 'learnHowCode': '', 'learnHowOther': '', 'isBeneficiary': '', 'beneficiaryName': '', 'isOrders': '', 'ordersName': '', 'relatedAccountsOpt': [], 'referralCode': '', 'remark': '', 'principal': '', 'createdTime': 1542074104466.0, 'updatedTime': 1542074104466.0}
2019-04-02 15:29:12,362 del_mongo.py INFO [line:110] ***********************************

2019-04-02 15:29:12,362 del_mongo.py INFO [line:111] 没有关联数据,直接删除apply 表
2019-04-02 15:29:12,417 del_mongo.py INFO [line:115] {'n': 1, 'opTime': {'ts': Timestamp(1554190152, 1), 't': 98}, 'electionId': ObjectId('7fffffff0000000000000062'), 'ok': 1.0, 'operationTime': Timestamp(1554190152, 1), '$clusterTime': {'clusterTime': Timestamp(1554190152, 1), 'signature': {'hash': b'\xfamG\xb4Lv\xd0a\x85O\xcf\xf1K\xb3\x91\x9c\xb0q\xd9w', 'keyId': 6636138069080670209}}}
2019-04-02 15:29:12,418 del_mongo.py INFO [line:118] ***********************************

2019-04-02 15:29:12,418 del_mongo.py INFO [line:110] ***********************************

2019-04-02 15:29:12,418 del_mongo.py INFO [line:111] 没有关联数据,直接删除apply_info 表
2019-04-02 15:29:12,474 del_mongo.py INFO [line:115] {'n': 1, 'opTime': {'ts': Timestamp(1554190152, 2), 't': 98}, 'electionId': ObjectId('7fffffff0000000000000062'), 'ok': 1.0, 'operationTime': Timestamp(1554190152, 2), '$clusterTime': {'clusterTime': Timestamp(1554190152, 2), 'signature': {'hash': b'\xfamG\xb4Lv\xd0a\x85O\xcf\xf1K\xb3\x91\x9c\xb0q\xd9w', 'keyId': 6636138069080670209}}}
2019-04-02 15:29:12,474 del_mongo.py INFO [line:118] ***********************************

2019-04-02 15:29:12,474 del_mongo.py INFO [line:33] close Client
2019-04-02 15:29:19,330 del_mongo.py INFO [line:27] 连接数据库test
2019-04-02 15:29:20,450 del_mongo.py INFO [line:45] client_info 表符合查询条件{'email': '947152623@qq.com'} 的数据有1 条
2019-04-02 15:29:20,560 del_mongo.py INFO [line:49] {'_id': ObjectId('5bea3005d0d64c80dd1814c3'), 'accountId': [ObjectId('5bea3004d0d64c592b1814c0')], 'applyId': [ObjectId('5bea2ef841aa2070977272ab')], 'clientSeqId': 303, 'title': 'mr', 'firstName': '', 'lastName': '', 'chineseName': '', 'pastEnglishName': '', 'pastChineseName': '', 'email': '947152623@qq.com', 'phone': '15000000000', 'address': '', 'addressMail': '', 'phoneAreaCode': 'ABW', 'nationality': '', 'idType': '', 'idNumber': '', 'countryIssue': '', 'birthday': 1542038400000.0, 'birthPlace': '', 'employment': '', 'employer': '', 'businessType': '', 'occupation': '', 'businessAddress': '', 'businessPhone': '', 'isMaster': '1', 'parentPath': '/100000/ceo_t1/ro_t1', 'riskInfo': {}, 'relationWithMasterImmediateFamily': '', 'relationWithMasterOthers': '', 'employedPeriod': '', 'employmentOther': '', 'createdTime': 1542074373046.0, 'updatedTime': 1542074373046.0}
2019-04-02 15:29:20,560 del_mongo.py INFO [line:79] client_info 表关联的字段为 accountId : [ObjectId('5bea3004d0d64c592b1814c0')]
2019-04-02 15:29:20,560 del_mongo.py INFO [line:80] 正在查询关联表 account 的数据
2019-04-02 15:29:20,612 del_mongo.py INFO [line:45] account 表符合查询条件{'_id': ObjectId('5bea3004d0d64c592b1814c0')} 的数据有1 条
2019-04-02 15:29:20,719 del_mongo.py INFO [line:49] {'_id': ObjectId('5bea3004d0d64c592b1814c0'), 'accountType': ['securitiesCash', 'stockOptionsCash'], 'clientId': [ObjectId('5bea3005d0d64c80dd1814c3')], 'accountNumber': '123ww', 'ibNumber': '123', 'applicationFor': 'individual', 'accountPwd': '', 'accountOpeningWay': '', 'parentPath': '/100000/ceo_t1/ro_t1', 'status': 'activated', 'createBy': '', 'updateBy': '', 'remark': '', 'createdTime': 1542074372845, 'updatedTime': 1542074372845, 'foreignexchangenumber': '', 'futuresnumber': '123www', 'securitiesnumber': '', 'tradeAccountList': [{'_id': ObjectId('5c8b7582973f555f3e775e8b')}, {'_id': ObjectId('5c8b7582973f55104a775e8a')}], 'referralCode': ''}
2019-04-02 15:29:20,719 del_mongo.py INFO [line:110] ***********************************

2019-04-02 15:29:20,719 del_mongo.py INFO [line:111] 没有关联数据,直接删除account 表
2019-04-02 15:29:20,773 del_mongo.py INFO [line:115] {'n': 1, 'opTime': {'ts': Timestamp(1554190160, 1), 't': 98}, 'electionId': ObjectId('7fffffff0000000000000062'), 'ok': 1.0, 'operationTime': Timestamp(1554190160, 1), '$clusterTime': {'clusterTime': Timestamp(1554190160, 1), 'signature': {'hash': b'\xf7\xe6\x89.\x06%\x90Z_.(\xba\x8b*\xc9J|\xef>\xa9', 'keyId': 6636138069080670209}}}
2019-04-02 15:29:20,773 del_mongo.py INFO [line:118] ***********************************

2019-04-02 15:29:20,773 del_mongo.py INFO [line:79] client_info 表关联的字段为 applyId : [ObjectId('5bea2ef841aa2070977272ab')]
2019-04-02 15:29:20,774 del_mongo.py INFO [line:80] 正在查询关联表 apply 的数据
2019-04-02 15:29:20,827 del_mongo.py INFO [line:45] apply 表符合查询条件{'_id': ObjectId('5bea2ef841aa2070977272ab')} 的数据有0 条
2019-04-02 15:29:20,933 del_mongo.py INFO [line:110] ***********************************

2019-04-02 15:29:20,933 del_mongo.py INFO [line:111] 没有关联数据,直接删除client_info 表
2019-04-02 15:29:20,987 del_mongo.py INFO [line:115] {'n': 1, 'opTime': {'ts': Timestamp(1554190160, 2), 't': 98}, 'electionId': ObjectId('7fffffff0000000000000062'), 'ok': 1.0, 'operationTime': Timestamp(1554190160, 2), '$clusterTime': {'clusterTime': Timestamp(1554190160, 2), 'signature': {'hash': b'\xf7\xe6\x89.\x06%\x90Z_.(\xba\x8b*\xc9J|\xef>\xa9', 'keyId': 6636138069080670209}}}
2019-04-02 15:29:20,987 del_mongo.py INFO [line:118] ***********************************

2019-04-02 15:29:20,987 del_mongo.py INFO [line:33] close Client
2019-04-02 15:29:26,974 del_mongo.py INFO [line:27] 连接数据库test
2019-04-02 15:29:28,114 del_mongo.py INFO [line:45] client_info 表符合查询条件{'email': '947152623@qq.com'} 的数据有0 条
2019-04-02 15:29:28,221 del_mongo.py INFO [line:33] close Client
