2019-07-15 16:44:09,515 del_mongo.py INFO [line:31] 连接数据库uat
2019-07-15 16:44:21,919 del_mongo.py INFO [line:66] apply_info 表符合查询条件{'phone': '15815873756'} 的数据有1 条
2019-07-15 16:44:22,580 del_mongo.py INFO [line:37] close Client
2019-07-15 16:44:23,158 del_mongo.py INFO [line:31] 连接数据库uat
2019-07-15 16:44:31,752 del_mongo.py INFO [line:66] apply_info 表符合查询条件{'phone': '15815873756'} 的数据有1 条
2019-07-15 16:44:32,080 del_mongo.py INFO [line:31] 连接数据库uat
2019-07-15 16:44:39,946 del_mongo.py INFO [line:66] apply_info 表符合查询条件{'phone': '15815873756'} 的数据有1 条
2019-07-15 16:44:40,362 del_mongo.py INFO [line:69] {'_id': ObjectId('5d26d057e63c35547e4c18a9'), 'relationWithMaster': '', 'isMaster': '1', 'applyId': ObjectId('5d26d057e63c3566c84c187c'), 'leadId': '', 'isFromLead': False, 'title': 'mr', 'firstName': 'Huajun', 'lastName': 'Deng', 'chineseName': '邓华俊', 'pastEnglishName': '', 'email': '794942392@qq.com', 'phoneAreaCode': 'CHN', 'phone': '15815873756', 'address': '北京市东城区华东交大就地解决', 'syncIDAddress': 'N', 'isHongKongBankCard': 'N', 'addressRegionProvince': '北京市', 'addressRegionCity': '', 'addressRegionArea': '东城区', 'addressDetailed': '华东交大就地解决', 'addressMail': '', 'nationality': 'CHN', 'idType': '2', 'idNumber': '431121199601081731', 'countryIssue': 'CHN', 'birthday': 821030400000.0, 'birthPlace': 'CHN', 'idCardAddress': '湖南省祁阳县大忠桥镇镰头湾村4组', 'idCardAddressReadOnly': '湖南省祁阳县大忠桥镇镰头湾村4组', 'employment': 'unemployed', 'occupation': '', 'employedPeriod': '', 'employer': '', 'businessType': '', 'businessAddress': '', 'businessAddressRegionProvince': '', 'businessAddressRegionCity': '', 'businessAddressRegionArea': '', 'businessAddressDetailed': '', 'businessPhone': '', 'riskInfo': {'isApplyToOpenTradingStructure': 'Y', 'isTradingStructureAggree': 'Y', 'disclaimerVideo': '', 'passportMaterial': ['520a1cf4-ed90-43b4-8ac3-e5ce3b798769.jpg', '794a49d3-9fac-40f0-809f-ce0c565f2f98.jpg'], 'sourceOfWealthOther': '', 'addressVerificationMaterials': ['8b96d274-b8f9-4ad4-9d90-1643ebbd06c9.jpg'], 'bankCardMaterials': [], 'writtenApplicationMaterials': [], 'proofOfIncome': ['2d9dc86f-9019-4413-b2bf-091d8681b547.jpg'], 'otherInformation': ['3ead039c-2750-435f-9713-092dba7920a3.jpg'], 'totalAnnualCustomerRevenueHK': 'gt1000000', 'totalAnnualCustomerRevenueHKOther': '', 'customerNetAssetValueHK': 'gt8000000', 'customerNetAssetValueHKOther': '', 'sourceOfWealth': ['investment'], 'securities': '1To5Years', 'CBBC': 'lt1Year', 'warrants': 'lt1Year', 'futures': '1To5Years', 'options': 'lt1Year', 'algoTrade': '', 'isAlgoTrade': '', 'isAlgoTradeAggree': '', 'bullion': '', 'foreignExchange': '', 'otherInvestmentText': '', 'otherInvestment': '', 'isLearnAboutProducts': 'N', 'isIndustryExperience': 'N', 'isStocks': 'N', 'isBankruptcy': 'N', 'bankruptcyDate': None, 'bankruptcyProve': [], 'isInAgtJobs': 'N', 'agtPosition': '', 'isBondFuturesClientsConnected': 'N', 'agtName': '', 'isAcquaintHighLevel': 'N', 'acquaintHighLevelInstructions': '', 'acquaintHighLevelInstructionsProve': [], 'isAmericanResidents': 'N', 'americanResidentsTaxId': '', 'isAmericanResidentsb': 'N', 'americanResidentsTaxIdb': '', 'isPoliticalFigure': 'N', 'politicalFigureName': '', 'purposeOfInvestment': ['speculation', 'income'], 'riskTolerance': 'high', 'identityAuthenticationImg': ['37672893-8429-4106-812c-6aaf7a871671.jpg'], 'passportMaterialBackup': ['47d65cf9-7f01-403d-80f0-3087ee3acdb7.jpg', 'f6502569-91af-42c2-9d24-8fe78e3281b2.jpg'], 'signatureMaterial': ['a65217c8-9baa-4098-87f8-e8e9c4042773.jpg'], 'isReferralCode': 'Y', 'passportMaterialBak': ['520a1cf4-ed90-43b4-8ac3-e5ce3b798769.jpg', '794a49d3-9fac-40f0-809f-ce0c565f2f98.jpg'], 'identityAuthenticationImgBak': ['eaec913b-f569-4075-ab70-edd30a575196.jpg', '37672893-8429-4106-812c-6aaf7a871671.jpg'], 'otherInformationBak': ['3ead039c-2750-435f-9713-092dba7920a3.jpg'], 'proofOfIncomeBak': ['2f4f6cbd-87cc-4604-9cc8-e4610696eebe.jpg', '2d9dc86f-9019-4413-b2bf-091d8681b547.jpg'], 'signatureMaterialBak': ['a65217c8-9baa-4098-87f8-e8e9c4042773.jpg'], 'addressVerificationMaterialsBak': ['8b96d274-b8f9-4ad4-9d90-1643ebbd06c9.jpg']}, 'pastChineseName': '', 'idTypeOther': '', 'employmentOther': '', 'career': '', 'marriage': '', 'education': '', 'attachment': {}, 'relationWithMasterImmediateFamily': '', 'relationWithMasterOthers': '', 'isReSubmit': '', 'ocrInfo': {'province': '湖南省', 'city': '永州市', 'idNo': '431121199601081731', 'userName': '邓华俊', 'sex': '男', 'contactAddr': '湖南省祁阳县大忠桥镇镰头湾村4组', 'birthday': '1996/1/8', 'nationality': '汉', 'cardedPlace': '祁阳县公安局', 'cardedExpiryDate': '20160129-20260129'}, 'createdTime': 1562824791396.0, 'updatedTime': 1562824791396.0}
2019-07-15 16:44:40,364 del_mongo.py INFO [line:84] apply_info 表关联的字段为 applyId : 5d26d057e63c3566c84c187c
2019-07-15 16:44:40,364 del_mongo.py INFO [line:85] 正在查询关联表 apply 的数据
2019-07-15 16:44:40,573 del_mongo.py INFO [line:66] apply 表符合查询条件{'_id': ObjectId('5d26d057e63c3566c84c187c')} 的数据有1 条
2019-07-15 16:44:41,674 del_mongo.py INFO [line:69] {'_id': ObjectId('5d26d057e63c3566c84c187c'), 'isRoRefuse': '', 'accountType': ['securitiesCash', 'futuresMargin'], 'appBankCardImg': [], 'applyInfoIds': [ObjectId('5d26d057e63c35547e4c18a9')], 'learnHow': ['lecture', 'socialMedia'], 'tradingAuthorization': [''], 'tradingAuthorizationBak': [''], 'isRelatedAccounts': ['opt'], 'caApplyErr': ['generatePdf:生成PDF错误:2019-07-12 10:37:47', 'pushPdf:开户pdf文件获取不成功:2019-07-12 10:37:48'], 'reviewTime': ['{"cs1":"1562898614290,194403"}', '{"cs1":"1562899163990,93966"}'], 'step': 'success', 'origin': '', 'idpUserId': 'a64ad1da-2071-4434-8f15-3054350149e9', 'applicationFor': 'individual', 'parentId': 'kwokwah.wong', 'IBparentId': '', 'mailLanguage': 'zh-hans', 'accountOpeningWay': 'electronicAuth', 'appBankName': '招商银行', 'appBankAccount': '6214837879939035', 'appCertSn': '249ED358BCB39F29', 'appCertDn': 'CN=邓华俊,OU=431121199601081731,OU=115,O=0,L=永州市,ST=湖南省,C=CN', 'accountNumber': '', 'personalInfoDeclartion': 'N', 'agreeToTheTerms': 'Y', 'status': 'refuse', 'customerSource': 'app', 'applySeqId': '9203', 'roApprovalList': [{'isApproval': False, '_id': ObjectId('5d27f280c70c18ace00de5df'), 'username': 'don_test', 'usertype': 'futuressRo'}, {'isApproval': False, '_id': ObjectId('5d27f280c70c1853a30de5de'), 'username': 'ro_don', 'usertype': 'futuressRo'}, {'isApproval': False, '_id': ObjectId('5d27f280c70c1861770de5dd'), 'username': 'ro1_don', 'usertype': 'futuressRo'}, {'isApproval': False, '_id': ObjectId('5d27f280c70c184fa50de5dc'), 'username': 'ro_one', 'usertype': 'futuressRo'}, {'isApproval': False, '_id': ObjectId('5d27f280c70c18d1610de5db'), 'username': 'aaron_chan', 'usertype': 'futuressRo'}, {'isApproval': False, '_id': ObjectId('5d27f280c70c18b4210de5da'), 'username': 'onedi.admin', 'usertype': 'futuressRo'}, {'isApproval': False, '_id': ObjectId('5d27f280c70c18b1bc0de5d9'), 'username': 'cliff_test', 'usertype': 'futuressRo'}, {'isApproval': False, '_id': ObjectId('5d27f280c70c18577a0de5d8'), 'username': 'cliff_test', 'usertype': 'securitiesRo'}, {'isApproval': False, '_id': ObjectId('5d27f280c70c185e2b0de5d7'), 'username': 'ro_cliff', 'usertype': 'securitiesRo'}, {'isApproval': False, '_id': ObjectId('5d27f280c70c18c1090de5d6'), 'username': 'ro1_cliff', 'usertype': 'securitiesRo'}, {'isApproval': False, '_id': ObjectId('5d27f280c70c18dd7f0de5d5'), 'username': 'ro_one', 'usertype': 'securitiesRo'}, {'isApproval': False, '_id': ObjectId('5d27f280c70c1862060de5d4'), 'username': 'aaron_chan', 'usertype': 'securitiesRo'}, {'isApproval': False, '_id': ObjectId('5d27f280c70c182c5d0de5d3'), 'username': 'onedi.admin', 'usertype': 'securitiesRo'}], 'leadId': '', 'isFromLead': False, 'parentPath': '', 'currency': '', 'bankAccount': [], 'isHongKongBankCard': '', 'isMarginAccount': '', 'marginAccountName': '', 'marginAccountNumber': '', 'isDiscretion': '', 'discretionName': '', 'discretionNumber': '', 'isCompanyAccounts': '', 'companyAccountsName': '', 'companyAccountsNumber': '', 'learnHowCode': '', 'learnHowOther': '', 'isBeneficiary': 'Y', 'beneficiaryName': '', 'isOrders': 'Y', 'ordersName': '', 'relatedAccountsOpt': [{'_id': ObjectId('5d27f280c70c1879ee0de5e0'), 'taxId': '431121199601081731', 'residenceJurisdiction': 'China'}], 'referralCode': '', 'signatureCoords': [{'_id': ObjectId('5d27f280c70c1801690de5e3'), 'pageNo': 11, 'x': 140, 'y': 274}, {'_id': ObjectId('5d27f280c70c1846520de5e2'), 'pageNo': 13, 'x': 130, 'y': 118}, {'_id': ObjectId('5d27f280c70c1827490de5e1'), 'pageNo': 15, 'x': 130, 'y': 145}], 'signatureSize': {'xDpi': '145', 'yDpi': '145'}, 'submitTime': 1562899070024.0, 'createdTime': 1562824791234.0, 'updatedTime': 1562899163990.0, 'remark': '222', 'reason': {'applyInfo': ['applicationFor', 'accountOpeningWay', 'parentId', 'mailLanguage', 'referralCode', 'accountType']}, 'principal': '', 'appBankPhone': '15815873756', 'appFileId': '', 'openlocation': '', 'isReSubmit': 'Y', 'signatureFile': '', 'appVersion': 'v1.6.0', 'deviceModel': 'VTR-AL00/Android:9', 'isContactClient': 'N', 'reSubmitTime': None, 'accountOpeningTime': None, 'LearnHowCodeOps': '', 'isHideGeneratePdfPage': 'N', 'isCommonService': 'Y', 'accountOpeningAgreement': '', 'opsProcessing': {}, 'refuseBy': {'name': 'cs1_onedi', 'role': 'cs1'}}
2019-07-15 16:44:41,675 del_mongo.py INFO [line:103] apply 表关联的字段为 applyInfoIds : [ObjectId('5d26d057e63c35547e4c18a9')]
2019-07-15 16:44:41,675 del_mongo.py INFO [line:104] 正在查询关联表 apply_info 的数据
2019-07-15 16:44:41,876 del_mongo.py INFO [line:66] apply_info 表符合查询条件{'_id': ObjectId('5d26d057e63c35547e4c18a9')} 的数据有1 条
2019-07-15 16:44:42,511 del_mongo.py INFO [line:69] {'_id': ObjectId('5d26d057e63c35547e4c18a9'), 'relationWithMaster': '', 'isMaster': '1', 'applyId': ObjectId('5d26d057e63c3566c84c187c'), 'leadId': '', 'isFromLead': False, 'title': 'mr', 'firstName': 'Huajun', 'lastName': 'Deng', 'chineseName': '邓华俊', 'pastEnglishName': '', 'email': '794942392@qq.com', 'phoneAreaCode': 'CHN', 'phone': '15815873756', 'address': '北京市东城区华东交大就地解决', 'syncIDAddress': 'N', 'isHongKongBankCard': 'N', 'addressRegionProvince': '北京市', 'addressRegionCity': '', 'addressRegionArea': '东城区', 'addressDetailed': '华东交大就地解决', 'addressMail': '', 'nationality': 'CHN', 'idType': '2', 'idNumber': '431121199601081731', 'countryIssue': 'CHN', 'birthday': 821030400000.0, 'birthPlace': 'CHN', 'idCardAddress': '湖南省祁阳县大忠桥镇镰头湾村4组', 'idCardAddressReadOnly': '湖南省祁阳县大忠桥镇镰头湾村4组', 'employment': 'unemployed', 'occupation': '', 'employedPeriod': '', 'employer': '', 'businessType': '', 'businessAddress': '', 'businessAddressRegionProvince': '', 'businessAddressRegionCity': '', 'businessAddressRegionArea': '', 'businessAddressDetailed': '', 'businessPhone': '', 'riskInfo': {'isApplyToOpenTradingStructure': 'Y', 'isTradingStructureAggree': 'Y', 'disclaimerVideo': '', 'passportMaterial': ['520a1cf4-ed90-43b4-8ac3-e5ce3b798769.jpg', '794a49d3-9fac-40f0-809f-ce0c565f2f98.jpg'], 'sourceOfWealthOther': '', 'addressVerificationMaterials': ['8b96d274-b8f9-4ad4-9d90-1643ebbd06c9.jpg'], 'bankCardMaterials': [], 'writtenApplicationMaterials': [], 'proofOfIncome': ['2d9dc86f-9019-4413-b2bf-091d8681b547.jpg'], 'otherInformation': ['3ead039c-2750-435f-9713-092dba7920a3.jpg'], 'totalAnnualCustomerRevenueHK': 'gt1000000', 'totalAnnualCustomerRevenueHKOther': '', 'customerNetAssetValueHK': 'gt8000000', 'customerNetAssetValueHKOther': '', 'sourceOfWealth': ['investment'], 'securities': '1To5Years', 'CBBC': 'lt1Year', 'warrants': 'lt1Year', 'futures': '1To5Years', 'options': 'lt1Year', 'algoTrade': '', 'isAlgoTrade': '', 'isAlgoTradeAggree': '', 'bullion': '', 'foreignExchange': '', 'otherInvestmentText': '', 'otherInvestment': '', 'isLearnAboutProducts': 'N', 'isIndustryExperience': 'N', 'isStocks': 'N', 'isBankruptcy': 'N', 'bankruptcyDate': None, 'bankruptcyProve': [], 'isInAgtJobs': 'N', 'agtPosition': '', 'isBondFuturesClientsConnected': 'N', 'agtName': '', 'isAcquaintHighLevel': 'N', 'acquaintHighLevelInstructions': '', 'acquaintHighLevelInstructionsProve': [], 'isAmericanResidents': 'N', 'americanResidentsTaxId': '', 'isAmericanResidentsb': 'N', 'americanResidentsTaxIdb': '', 'isPoliticalFigure': 'N', 'politicalFigureName': '', 'purposeOfInvestment': ['speculation', 'income'], 'riskTolerance': 'high', 'identityAuthenticationImg': ['37672893-8429-4106-812c-6aaf7a871671.jpg'], 'passportMaterialBackup': ['47d65cf9-7f01-403d-80f0-3087ee3acdb7.jpg', 'f6502569-91af-42c2-9d24-8fe78e3281b2.jpg'], 'signatureMaterial': ['a65217c8-9baa-4098-87f8-e8e9c4042773.jpg'], 'isReferralCode': 'Y', 'passportMaterialBak': ['520a1cf4-ed90-43b4-8ac3-e5ce3b798769.jpg', '794a49d3-9fac-40f0-809f-ce0c565f2f98.jpg'], 'identityAuthenticationImgBak': ['eaec913b-f569-4075-ab70-edd30a575196.jpg', '37672893-8429-4106-812c-6aaf7a871671.jpg'], 'otherInformationBak': ['3ead039c-2750-435f-9713-092dba7920a3.jpg'], 'proofOfIncomeBak': ['2f4f6cbd-87cc-4604-9cc8-e4610696eebe.jpg', '2d9dc86f-9019-4413-b2bf-091d8681b547.jpg'], 'signatureMaterialBak': ['a65217c8-9baa-4098-87f8-e8e9c4042773.jpg'], 'addressVerificationMaterialsBak': ['8b96d274-b8f9-4ad4-9d90-1643ebbd06c9.jpg']}, 'pastChineseName': '', 'idTypeOther': '', 'employmentOther': '', 'career': '', 'marriage': '', 'education': '', 'attachment': {}, 'relationWithMasterImmediateFamily': '', 'relationWithMasterOthers': '', 'isReSubmit': '', 'ocrInfo': {'province': '湖南省', 'city': '永州市', 'idNo': '431121199601081731', 'userName': '邓华俊', 'sex': '男', 'contactAddr': '湖南省祁阳县大忠桥镇镰头湾村4组', 'birthday': '1996/1/8', 'nationality': '汉', 'cardedPlace': '祁阳县公安局', 'cardedExpiryDate': '20160129-20260129'}, 'createdTime': 1562824791396.0, 'updatedTime': 1562824791396.0}
2019-07-15 16:44:42,511 del_mongo.py INFO [line:118] apply 表关联的字段为 idpUserId : a64ad1da-2071-4434-8f15-3054350149e9
2019-07-15 16:44:42,511 del_mongo.py INFO [line:119] 正在查询关联表 users 的数据
2019-07-15 16:44:42,725 del_mongo.py INFO [line:66] users 表符合查询条件{'subject': 'a64ad1da-2071-4434-8f15-3054350149e9'} 的数据有1 条
2019-07-15 16:44:43,152 del_mongo.py INFO [line:69] {'_id': ObjectId('5d24661fe66ba86a203e762d'), 'email_verified': True, 'phone_number_verified': True, 'roles': [], 'enabled': True, 'preferred_username': '15815873756', 'email': '15815873756@toBeCreated.com', 'phone_number': '8615815873756', 'custom': {'device_id': '9C882699-82C7-4E89-A118-059F82EB2B85'}, 'subject': 'a64ad1da-2071-4434-8f15-3054350149e9', 'created_at': datetime.datetime(2019, 7, 9, 10, 2, 7, 20000), 'updated_at': datetime.datetime(2019, 7, 9, 10, 2, 7, 20000), 'secret': '$2a$08$i9CR2iAVCxsFZMQaJEt7feHsihJe85k37cdTLYzM4HmplkVhQZuj6', '__v': 0}
2019-07-15 16:44:43,152 del_mongo.py INFO [line:134] users 表关联的字段为 subject : a64ad1da-2071-4434-8f15-3054350149e9
2019-07-15 16:44:43,152 del_mongo.py INFO [line:135] 正在查询关联表 userdevices 的数据
2019-07-15 16:44:43,358 del_mongo.py INFO [line:66] userdevices 表符合查询条件{'subject': 'a64ad1da-2071-4434-8f15-3054350149e9'} 的数据有5 条
2019-07-15 16:44:46,094 del_mongo.py INFO [line:69] {'_id': ObjectId('5d26d0466fb61c097dead62a'), 'device_id': 'b662544a9238b5a5', 'subject': 'a64ad1da-2071-4434-8f15-3054350149e9', '__v': 0, 'code': '93b2f7a9-7e7f-48c6-901a-fe4234772cd9', 'created_at': datetime.datetime(2019, 7, 11, 5, 59, 34, 943000), 'verified': True}
2019-07-15 16:44:46,095 del_mongo.py INFO [line:150] ***********************************

2019-07-15 16:44:46,095 del_mongo.py INFO [line:151] 没有关联数据,直接删除userdevices 表
2019-07-15 16:44:46,819 del_mongo.py INFO [line:165] <pymongo.results.DeleteResult object at 0x000001AE8E211708>
2019-07-15 16:44:46,819 del_mongo.py INFO [line:169] ***********************************

2019-07-15 16:44:46,820 del_mongo.py INFO [line:69] {'_id': ObjectId('5d270fdc6fb61c097df204c8'), 'device_id': '89227da768824ff5', 'subject': 'a64ad1da-2071-4434-8f15-3054350149e9', '__v': 0, 'code': '91fa2cd1-2e18-434d-af0a-61072e3d4603', 'created_at': datetime.datetime(2019, 7, 11, 10, 30, 52, 264000), 'verified': True}
2019-07-15 16:44:46,820 del_mongo.py INFO [line:150] ***********************************

2019-07-15 16:44:46,820 del_mongo.py INFO [line:151] 没有关联数据,直接删除userdevices 表
2019-07-15 16:44:47,024 del_mongo.py INFO [line:165] <pymongo.results.DeleteResult object at 0x000001AE8E2116C8>
2019-07-15 16:44:47,024 del_mongo.py INFO [line:169] ***********************************

2019-07-15 16:44:47,024 del_mongo.py INFO [line:69] {'_id': ObjectId('5d27e7936fb61c097d04e584'), 'device_id': '9C882699-82C7-4E89-A118-059F82EB2B85', 'subject': 'a64ad1da-2071-4434-8f15-3054350149e9', '__v': 0, 'code': '01ab566d-6505-4db1-afe1-eaae94d1a2f3', 'created_at': datetime.datetime(2019, 7, 12, 1, 51, 15, 740000), 'verified': True}
2019-07-15 16:44:47,024 del_mongo.py INFO [line:150] ***********************************

2019-07-15 16:44:47,024 del_mongo.py INFO [line:151] 没有关联数据,直接删除userdevices 表
2019-07-15 16:44:47,226 del_mongo.py INFO [line:165] <pymongo.results.DeleteResult object at 0x000001AE8E211708>
2019-07-15 16:44:47,226 del_mongo.py INFO [line:169] ***********************************

2019-07-15 16:44:47,226 del_mongo.py INFO [line:69] {'_id': ObjectId('5d27ef7f6fb61c097d05c989'), 'device_id': 'D3782C2D-53C4-4332-9E91-EF008E396130', 'subject': 'a64ad1da-2071-4434-8f15-3054350149e9', '__v': 0, 'code': 'b3c279fa-df15-4322-8640-cda044c8f5f3', 'created_at': datetime.datetime(2019, 7, 12, 2, 25, 3, 522000), 'verified': True}
2019-07-15 16:44:47,226 del_mongo.py INFO [line:150] ***********************************

2019-07-15 16:44:47,226 del_mongo.py INFO [line:151] 没有关联数据,直接删除userdevices 表
2019-07-15 16:44:47,438 del_mongo.py INFO [line:165] <pymongo.results.DeleteResult object at 0x000001AE8E2116C8>
2019-07-15 16:44:47,438 del_mongo.py INFO [line:169] ***********************************

2019-07-15 16:44:47,438 del_mongo.py INFO [line:69] {'_id': ObjectId('5d2c3b5d6fb61c097d676efa'), 'device_id': 'ED61AAD0-A490-47E6-A27A-E0ABA06892B6', 'subject': 'a64ad1da-2071-4434-8f15-3054350149e9', '__v': 0, 'code': 'e5d92877-f6ac-45fa-b58b-a14aea2408a6', 'created_at': datetime.datetime(2019, 7, 15, 8, 37, 49, 170000), 'verified': True}
2019-07-15 16:44:47,438 del_mongo.py INFO [line:150] ***********************************

2019-07-15 16:44:47,438 del_mongo.py INFO [line:151] 没有关联数据,直接删除userdevices 表
2019-07-15 16:44:47,655 del_mongo.py INFO [line:165] <pymongo.results.DeleteResult object at 0x000001AE8E22A708>
2019-07-15 16:44:47,655 del_mongo.py INFO [line:169] ***********************************

2019-07-15 16:44:47,655 del_mongo.py INFO [line:150] ***********************************

2019-07-15 16:44:47,655 del_mongo.py INFO [line:151] 没有关联数据,直接删除users 表
2019-07-15 16:44:47,868 del_mongo.py INFO [line:165] <pymongo.results.DeleteResult object at 0x000001AE8E22A648>
2019-07-15 16:44:47,868 del_mongo.py INFO [line:169] ***********************************

2019-07-15 16:44:47,868 del_mongo.py INFO [line:150] ***********************************

2019-07-15 16:44:47,868 del_mongo.py INFO [line:151] 没有关联数据,直接删除apply 表
2019-07-15 16:44:48,072 del_mongo.py INFO [line:165] <pymongo.results.DeleteResult object at 0x000001AE8E1CA648>
2019-07-15 16:44:48,072 del_mongo.py INFO [line:169] ***********************************

2019-07-15 16:44:48,073 del_mongo.py INFO [line:150] ***********************************

2019-07-15 16:44:48,073 del_mongo.py INFO [line:151] 没有关联数据,直接删除apply_info 表
2019-07-15 16:44:48,310 del_mongo.py INFO [line:165] <pymongo.results.DeleteResult object at 0x000001AE8E220F88>
2019-07-15 16:44:48,310 del_mongo.py INFO [line:169] ***********************************

2019-07-15 16:44:48,311 del_mongo.py INFO [line:37] close Client
2019-07-15 16:44:48,529 del_mongo.py INFO [line:44] userdevices 表预计删除 5 条记录
2019-07-15 16:44:48,529 del_mongo.py INFO [line:44] apply 表预计删除 1 条记录
2019-07-15 16:44:48,529 del_mongo.py INFO [line:44] apply_info 表预计删除 1 条记录
2019-07-15 16:44:48,529 del_mongo.py INFO [line:44] users 表预计删除 1 条记录
2019-07-15 16:44:48,529 del_mongo.py INFO [line:51] userdevices 表实际删除 5 条记录
2019-07-15 16:44:48,529 del_mongo.py INFO [line:51] apply 表实际删除 1 条记录
2019-07-15 16:44:48,529 del_mongo.py INFO [line:51] apply_info 表实际删除 1 条记录
2019-07-15 16:44:48,529 del_mongo.py INFO [line:51] users 表实际删除 1 条记录
