2019-08-05 22:43:31,951 GlobalMap.py WARNING [line:59] key:'token'  不存在
2019-08-05 22:43:31,951 apply_create.py INFO [line:111] accountType == ['leveragedForeignExchangeAccountMargin', 'securitiesCash', 'futuresMargin']
2019-08-05 22:43:31,951 apply_create.py INFO [line:112] apiStatus == unprocessed
2019-08-05 22:43:35,083 apply_create.py INFO [line:117] /apply/create: 創建的數據為:{'message': 'Unauthorized'}
2019-08-05 22:43:35,084 apply_create.py INFO [line:111] accountType == ['leveragedForeignExchangeAccountMargin', 'securitiesCash', 'futuresMargin']
2019-08-05 22:43:35,084 apply_create.py INFO [line:112] apiStatus == unprocessed
2019-08-05 22:43:36,618 apply_create.py INFO [line:117] /apply/create: 創建的數據為:{'message': 'Unauthorized'}
2019-08-05 22:43:36,619 apply_create.py INFO [line:111] accountType == ['leveragedForeignExchangeAccountMargin', 'securitiesCash', 'futuresMargin']
2019-08-05 22:43:36,619 apply_create.py INFO [line:112] apiStatus == unprocessed
2019-08-05 22:43:40,306 apply_create.py INFO [line:117] /apply/create: 創建的數據為:{'message': 'Unauthorized'}
2019-08-05 22:44:39,841 ReviewProcessTool.py INFO [line:57] 结束driver
2019-08-05 22:44:44,499 ReviewProcessTool.py INFO [line:57] 结束driver
2019-08-05 22:44:49,167 ReviewProcessTool.py INFO [line:57] 结束driver
2019-08-05 22:44:53,813 ReviewProcessTool.py INFO [line:57] 结束driver
2019-08-05 22:44:58,446 ReviewProcessTool.py INFO [line:57] 结束driver
2019-08-05 22:45:03,102 ReviewProcessTool.py INFO [line:57] 结束driver
2019-08-05 22:45:05,254 ReviewProcessTool.py INFO [line:38] 删除数据
2019-08-05 22:45:05,254 PyMongo.py INFO [line:35] 连接数据库uat
2019-08-05 22:45:11,236 PyMongo.py INFO [line:65] client_info 表符合查询条件{'email': 'None'} 的数据有0 条
2019-08-05 22:45:11,544 PyMongo.py INFO [line:41] close Client
2019-08-05 22:45:11,862 PyMongo.py INFO [line:35] 连接数据库uat
2019-08-05 22:45:17,073 PyMongo.py INFO [line:65] apply_info 表符合查询条件{'email': 'None'} 的数据有0 条
2019-08-05 22:45:17,381 PyMongo.py INFO [line:41] close Client
2019-08-05 22:45:17,691 ReviewProcessTool.py INFO [line:43] 删除变量
